Start auto log messages stack - Iteration 30.	[MsgId: MMSG-10545]
Action.c(167): Notify: Transaction "logout" ended with a "Pass" status (Duration: 0,0666 Wasted Time: 0,0001).	[MsgId: MMSG-16871]
Action.c(169): lr_think_time: 2,00 seconds.	[MsgId: MMSG-15948]
Action.c(171): Notify: Transaction "login" started.	[MsgId: MMSG-16999]
Action.c(173): web_reg_find started  	[MsgId: MMSG-26355]
Action.c(173): Registering web_reg_find was successful  	[MsgId: MMSG-26390]
Action.c(177): web_submit_data("login.pl") started  	[MsgId: MMSG-26355]
Action.c(177): Detected non-resource "http://localhost:1080/cgi-bin/nav.pl?page=menu&in=home" in "http://localhost:1080/cgi-bin/login.pl"  	[MsgId: MMSG-26574]
Action.c(177): Detected non-resource "http://localhost:1080/cgi-bin/login.pl?intro=true" in "http://localhost:1080/cgi-bin/login.pl"  	[MsgId: MMSG-26574]
Action.c(177): Error -26612: HTTP Status-Code=500 (Internal Server Error) for "http://localhost:1080/cgi-bin/nav.pl?page=menu&in=home"  	[MsgId: MERR-26612]
End auto log messages stack.	[MsgId: MMSG-10544]


Start auto log messages stack - Iteration 79.	[MsgId: MMSG-10545]
Action.c(167): Notify: Transaction "logout" ended with a "Pass" status (Duration: 0,0522 Wasted Time: 0,0001).	[MsgId: MMSG-16871]
Action.c(169): lr_think_time: 2,00 seconds.	[MsgId: MMSG-15948]
Action.c(171): Notify: Transaction "login" started.	[MsgId: MMSG-16999]
Action.c(173): web_reg_find started  	[MsgId: MMSG-26355]
Action.c(173): Registering web_reg_find was successful  	[MsgId: MMSG-26390]
Action.c(177): web_submit_data("login.pl") started  	[MsgId: MMSG-26355]
Action.c(177): Detected non-resource "http://localhost:1080/cgi-bin/nav.pl?page=menu&in=home" in "http://localhost:1080/cgi-bin/login.pl"  	[MsgId: MMSG-26574]
Action.c(177): Detected non-resource "http://localhost:1080/cgi-bin/login.pl?intro=true" in "http://localhost:1080/cgi-bin/login.pl"  	[MsgId: MMSG-26574]
Action.c(177): Error -26612: HTTP Status-Code=500 (Internal Server Error) for "http://localhost:1080/cgi-bin/nav.pl?page=menu&in=home"  	[MsgId: MERR-26612]
End auto log messages stack.	[MsgId: MMSG-10544]


