Start auto log messages stack - Iteration 1.	[MsgId: MMSG-10545]
Action.c(155): web_reg_save_param_regexp started  	[MsgId: MMSG-26355]
Action.c(155): Registering web_reg_save_param_regexp was successful  	[MsgId: MMSG-26390]
Action.c(165): web_custom_request("itinerary.pl") started  	[MsgId: MMSG-26355]
Action.c(165): Warning -35049: No match found for the requested parameter "new_c_cgifields". Check whether the requested regular expression exists in the response data  	[MsgId: MWAR-35049]
Action.c(165): Warning -35049: No match found for the requested parameter "empty_list". Check whether the requested regular expression exists in the response data  	[MsgId: MWAR-35049]
Action.c(165): web_custom_request("itinerary.pl") highest severity level was "warning", 932 body bytes, 256 header bytes, 12 chunking overhead bytes  	[MsgId: MMSG-26387]
Action.c(195): Error: list_flightID_count not 0, but new_c_cgifields_count+1 0+1 and c_cgifields_count 103 do not matches	[MsgId: MERR-17999]
End auto log messages stack.	[MsgId: MMSG-10544]


Start auto log messages stack - Iteration 12.	[MsgId: MMSG-10545]
Action.c(155): web_reg_save_param_regexp started  	[MsgId: MMSG-26355]
Action.c(155): Registering web_reg_save_param_regexp was successful  	[MsgId: MMSG-26390]
Action.c(165): web_custom_request("itinerary.pl") started  	[MsgId: MMSG-26355]
Action.c(165): Warning -35049: No match found for the requested parameter "new_c_cgifields". Check whether the requested regular expression exists in the response data  	[MsgId: MWAR-35049]
Action.c(165): Warning -35049: No match found for the requested parameter "empty_list". Check whether the requested regular expression exists in the response data  	[MsgId: MWAR-35049]
Action.c(165): web_custom_request("itinerary.pl") highest severity level was "warning", 932 body bytes, 256 header bytes, 12 chunking overhead bytes  	[MsgId: MMSG-26387]
Action.c(195): Error: list_flightID_count not 0, but new_c_cgifields_count+1 0+1 and c_cgifields_count 108 do not matches	[MsgId: MERR-17999]
End auto log messages stack.	[MsgId: MMSG-10544]


Start auto log messages stack - Iteration 27.	[MsgId: MMSG-10545]
Action.c(39): Detected non-resource "http://localhost:1080/cgi-bin/login.pl?intro=true" in "http://localhost:1080/cgi-bin/login.pl"  	[MsgId: MMSG-26574]
Action.c(39): Found resource "http://localhost:1080/WebTours/images/flights.gif" in HTML "http://localhost:1080/cgi-bin/nav.pl?page=menu&in=home"  	[MsgId: MMSG-26659]
Action.c(39): Found resource "http://localhost:1080/WebTours/images/itinerary.gif" in HTML "http://localhost:1080/cgi-bin/nav.pl?page=menu&in=home"  	[MsgId: MMSG-26659]
Action.c(39): Found resource "http://localhost:1080/WebTours/images/in_home.gif" in HTML "http://localhost:1080/cgi-bin/nav.pl?page=menu&in=home"  	[MsgId: MMSG-26659]
Action.c(39): Found resource "http://localhost:1080/WebTours/images/signoff.gif" in HTML "http://localhost:1080/cgi-bin/nav.pl?page=menu&in=home"  	[MsgId: MMSG-26659]
Action.c(39): Error -26612: HTTP Status-Code=500 (Internal Server Error) for "http://localhost:1080/cgi-bin/login.pl?intro=true"  	[MsgId: MERR-26612]
Action.c(39): Error -26366: "Text=Welcome, <b>Vodkin</b>, to the Web Tours" not found for web_reg_find  	[MsgId: MERR-26366]
End auto log messages stack.	[MsgId: MMSG-10544]


Start auto log messages stack - Iteration 1.	[MsgId: MMSG-10545]
Action.c(155): web_reg_save_param_regexp started  	[MsgId: MMSG-26355]
Action.c(155): Registering web_reg_save_param_regexp was successful  	[MsgId: MMSG-26390]
Action.c(165): web_custom_request("itinerary.pl") started  	[MsgId: MMSG-26355]
Action.c(165): Warning -35049: No match found for the requested parameter "new_c_cgifields". Check whether the requested regular expression exists in the response data  	[MsgId: MWAR-35049]
Action.c(165): Warning -35049: No match found for the requested parameter "empty_list". Check whether the requested regular expression exists in the response data  	[MsgId: MWAR-35049]
Action.c(165): web_custom_request("itinerary.pl") highest severity level was "warning", 932 body bytes, 256 header bytes, 12 chunking overhead bytes  	[MsgId: MMSG-26387]
Action.c(195): Error: list_flightID_count not 0, but new_c_cgifields_count+1 0+1 and c_cgifields_count 113 do not matches	[MsgId: MERR-17999]
End auto log messages stack.	[MsgId: MMSG-10544]


Start auto log messages stack - Iteration 35.	[MsgId: MMSG-10545]
Action.c(155): web_reg_save_param_regexp started  	[MsgId: MMSG-26355]
Action.c(155): Registering web_reg_save_param_regexp was successful  	[MsgId: MMSG-26390]
Action.c(165): web_custom_request("itinerary.pl") started  	[MsgId: MMSG-26355]
Action.c(165): Warning -35049: No match found for the requested parameter "new_c_cgifields". Check whether the requested regular expression exists in the response data  	[MsgId: MWAR-35049]
Action.c(165): Warning -35049: No match found for the requested parameter "empty_list". Check whether the requested regular expression exists in the response data  	[MsgId: MWAR-35049]
Action.c(165): web_custom_request("itinerary.pl") highest severity level was "warning", 932 body bytes, 256 header bytes, 12 chunking overhead bytes  	[MsgId: MMSG-26387]
Action.c(195): Error: list_flightID_count not 0, but new_c_cgifields_count+1 0+1 and c_cgifields_count 105 do not matches	[MsgId: MERR-17999]
End auto log messages stack.	[MsgId: MMSG-10544]


Start auto log messages stack - Iteration 36.	[MsgId: MMSG-10545]
Action.c(155): web_reg_save_param_regexp started  	[MsgId: MMSG-26355]
Action.c(155): Registering web_reg_save_param_regexp was successful  	[MsgId: MMSG-26390]
Action.c(165): web_custom_request("itinerary.pl") started  	[MsgId: MMSG-26355]
Action.c(165): Warning -35049: No match found for the requested parameter "new_c_cgifields". Check whether the requested regular expression exists in the response data  	[MsgId: MWAR-35049]
Action.c(165): Warning -35049: No match found for the requested parameter "empty_list". Check whether the requested regular expression exists in the response data  	[MsgId: MWAR-35049]
Action.c(165): web_custom_request("itinerary.pl") highest severity level was "warning", 932 body bytes, 256 header bytes, 12 chunking overhead bytes  	[MsgId: MMSG-26387]
Action.c(195): Error: list_flightID_count not 0, but new_c_cgifields_count+1 0+1 and c_cgifields_count 108 do not matches	[MsgId: MERR-17999]
End auto log messages stack.	[MsgId: MMSG-10544]


Start auto log messages stack - Iteration 8.	[MsgId: MMSG-10545]
Action.c(155): web_reg_save_param_regexp started  	[MsgId: MMSG-26355]
Action.c(155): Registering web_reg_save_param_regexp was successful  	[MsgId: MMSG-26390]
Action.c(165): web_custom_request("itinerary.pl") started  	[MsgId: MMSG-26355]
Action.c(165): Warning -35049: No match found for the requested parameter "new_c_cgifields". Check whether the requested regular expression exists in the response data  	[MsgId: MWAR-35049]
Action.c(165): Warning -35049: No match found for the requested parameter "empty_list". Check whether the requested regular expression exists in the response data  	[MsgId: MWAR-35049]
Action.c(165): web_custom_request("itinerary.pl") highest severity level was "warning", 932 body bytes, 256 header bytes, 12 chunking overhead bytes  	[MsgId: MMSG-26387]
Action.c(195): Error: list_flightID_count not 0, but new_c_cgifields_count+1 0+1 and c_cgifields_count 104 do not matches	[MsgId: MERR-17999]
End auto log messages stack.	[MsgId: MMSG-10544]


Start auto log messages stack - Iteration 24.	[MsgId: MMSG-10545]
Action.c(155): web_reg_save_param_regexp started  	[MsgId: MMSG-26355]
Action.c(155): Registering web_reg_save_param_regexp was successful  	[MsgId: MMSG-26390]
Action.c(165): web_custom_request("itinerary.pl") started  	[MsgId: MMSG-26355]
Action.c(165): Warning -35049: No match found for the requested parameter "new_c_cgifields". Check whether the requested regular expression exists in the response data  	[MsgId: MWAR-35049]
Action.c(165): Warning -35049: No match found for the requested parameter "empty_list". Check whether the requested regular expression exists in the response data  	[MsgId: MWAR-35049]
Action.c(165): web_custom_request("itinerary.pl") highest severity level was "warning", 932 body bytes, 256 header bytes, 12 chunking overhead bytes  	[MsgId: MMSG-26387]
Action.c(195): Error: list_flightID_count not 0, but new_c_cgifields_count+1 0+1 and c_cgifields_count 117 do not matches	[MsgId: MERR-17999]
End auto log messages stack.	[MsgId: MMSG-10544]


Start auto log messages stack - Iteration 39.	[MsgId: MMSG-10545]
Action.c(155): web_reg_save_param_regexp started  	[MsgId: MMSG-26355]
Action.c(155): Registering web_reg_save_param_regexp was successful  	[MsgId: MMSG-26390]
Action.c(165): web_custom_request("itinerary.pl") started  	[MsgId: MMSG-26355]
Action.c(165): Warning -35049: No match found for the requested parameter "new_c_cgifields". Check whether the requested regular expression exists in the response data  	[MsgId: MWAR-35049]
Action.c(165): Warning -35049: No match found for the requested parameter "empty_list". Check whether the requested regular expression exists in the response data  	[MsgId: MWAR-35049]
Action.c(165): web_custom_request("itinerary.pl") highest severity level was "warning", 932 body bytes, 256 header bytes, 12 chunking overhead bytes  	[MsgId: MMSG-26387]
Action.c(195): Error: list_flightID_count not 0, but new_c_cgifields_count+1 0+1 and c_cgifields_count 104 do not matches	[MsgId: MERR-17999]
End auto log messages stack.	[MsgId: MMSG-10544]


Start auto log messages stack - Iteration 40.	[MsgId: MMSG-10545]
Action.c(155): web_reg_save_param_regexp started  	[MsgId: MMSG-26355]
Action.c(155): Registering web_reg_save_param_regexp was successful  	[MsgId: MMSG-26390]
Action.c(165): web_custom_request("itinerary.pl") started  	[MsgId: MMSG-26355]
Action.c(165): Warning -35049: No match found for the requested parameter "new_c_cgifields". Check whether the requested regular expression exists in the response data  	[MsgId: MWAR-35049]
Action.c(165): Warning -35049: No match found for the requested parameter "empty_list". Check whether the requested regular expression exists in the response data  	[MsgId: MWAR-35049]
Action.c(165): web_custom_request("itinerary.pl") highest severity level was "warning", 932 body bytes, 256 header bytes, 12 chunking overhead bytes  	[MsgId: MMSG-26387]
Action.c(195): Error: list_flightID_count not 0, but new_c_cgifields_count+1 0+1 and c_cgifields_count 104 do not matches	[MsgId: MERR-17999]
End auto log messages stack.	[MsgId: MMSG-10544]


Start auto log messages stack - Iteration 12.	[MsgId: MMSG-10545]
Action.c(155): web_reg_save_param_regexp started  	[MsgId: MMSG-26355]
Action.c(155): Registering web_reg_save_param_regexp was successful  	[MsgId: MMSG-26390]
Action.c(165): web_custom_request("itinerary.pl") started  	[MsgId: MMSG-26355]
Action.c(165): Warning -35049: No match found for the requested parameter "new_c_cgifields". Check whether the requested regular expression exists in the response data  	[MsgId: MWAR-35049]
Action.c(165): Warning -35049: No match found for the requested parameter "empty_list". Check whether the requested regular expression exists in the response data  	[MsgId: MWAR-35049]
Action.c(165): web_custom_request("itinerary.pl") highest severity level was "warning", 932 body bytes, 256 header bytes, 12 chunking overhead bytes  	[MsgId: MMSG-26387]
Action.c(195): Error: list_flightID_count not 0, but new_c_cgifields_count+1 0+1 and c_cgifields_count 122 do not matches	[MsgId: MERR-17999]
End auto log messages stack.	[MsgId: MMSG-10544]


Start auto log messages stack - Iteration 31.	[MsgId: MMSG-10545]
Action.c(155): web_reg_save_param_regexp started  	[MsgId: MMSG-26355]
Action.c(155): Registering web_reg_save_param_regexp was successful  	[MsgId: MMSG-26390]
Action.c(165): web_custom_request("itinerary.pl") started  	[MsgId: MMSG-26355]
Action.c(165): Warning -35049: No match found for the requested parameter "new_c_cgifields". Check whether the requested regular expression exists in the response data  	[MsgId: MWAR-35049]
Action.c(165): Warning -35049: No match found for the requested parameter "empty_list". Check whether the requested regular expression exists in the response data  	[MsgId: MWAR-35049]
Action.c(165): web_custom_request("itinerary.pl") highest severity level was "warning", 932 body bytes, 256 header bytes, 12 chunking overhead bytes  	[MsgId: MMSG-26387]
Action.c(195): Error: list_flightID_count not 0, but new_c_cgifields_count+1 0+1 and c_cgifields_count 128 do not matches	[MsgId: MERR-17999]
End auto log messages stack.	[MsgId: MMSG-10544]


Start auto log messages stack - Iteration 3.	[MsgId: MMSG-10545]
Action.c(155): web_reg_save_param_regexp started  	[MsgId: MMSG-26355]
Action.c(155): Registering web_reg_save_param_regexp was successful  	[MsgId: MMSG-26390]
Action.c(165): web_custom_request("itinerary.pl") started  	[MsgId: MMSG-26355]
Action.c(165): Warning -35049: No match found for the requested parameter "new_c_cgifields". Check whether the requested regular expression exists in the response data  	[MsgId: MWAR-35049]
Action.c(165): Warning -35049: No match found for the requested parameter "empty_list". Check whether the requested regular expression exists in the response data  	[MsgId: MWAR-35049]
Action.c(165): web_custom_request("itinerary.pl") highest severity level was "warning", 932 body bytes, 256 header bytes, 12 chunking overhead bytes  	[MsgId: MMSG-26387]
Action.c(195): Error: list_flightID_count not 0, but new_c_cgifields_count+1 0+1 and c_cgifields_count 126 do not matches	[MsgId: MERR-17999]
End auto log messages stack.	[MsgId: MMSG-10544]


Start auto log messages stack - Iteration 48.	[MsgId: MMSG-10545]
Action.c(155): web_reg_save_param_regexp started  	[MsgId: MMSG-26355]
Action.c(155): Registering web_reg_save_param_regexp was successful  	[MsgId: MMSG-26390]
Action.c(165): web_custom_request("itinerary.pl") started  	[MsgId: MMSG-26355]
Action.c(165): Warning -35049: No match found for the requested parameter "new_c_cgifields". Check whether the requested regular expression exists in the response data  	[MsgId: MWAR-35049]
Action.c(165): Warning -35049: No match found for the requested parameter "empty_list". Check whether the requested regular expression exists in the response data  	[MsgId: MWAR-35049]
Action.c(165): web_custom_request("itinerary.pl") highest severity level was "warning", 932 body bytes, 256 header bytes, 12 chunking overhead bytes  	[MsgId: MMSG-26387]
Action.c(195): Error: list_flightID_count not 0, but new_c_cgifields_count+1 0+1 and c_cgifields_count 114 do not matches	[MsgId: MERR-17999]
End auto log messages stack.	[MsgId: MMSG-10544]


Start auto log messages stack - Iteration 49.	[MsgId: MMSG-10545]
Action.c(155): web_reg_save_param_regexp started  	[MsgId: MMSG-26355]
Action.c(155): Registering web_reg_save_param_regexp was successful  	[MsgId: MMSG-26390]
Action.c(165): web_custom_request("itinerary.pl") started  	[MsgId: MMSG-26355]
Action.c(165): Warning -35049: No match found for the requested parameter "new_c_cgifields". Check whether the requested regular expression exists in the response data  	[MsgId: MWAR-35049]
Action.c(165): Warning -35049: No match found for the requested parameter "empty_list". Check whether the requested regular expression exists in the response data  	[MsgId: MWAR-35049]
Action.c(165): web_custom_request("itinerary.pl") highest severity level was "warning", 932 body bytes, 256 header bytes, 12 chunking overhead bytes  	[MsgId: MMSG-26387]
Action.c(195): Error: list_flightID_count not 0, but new_c_cgifields_count+1 0+1 and c_cgifields_count 114 do not matches	[MsgId: MERR-17999]
End auto log messages stack.	[MsgId: MMSG-10544]


Start auto log messages stack - Iteration 35.	[MsgId: MMSG-10545]
Action.c(155): web_reg_save_param_regexp started  	[MsgId: MMSG-26355]
Action.c(155): Registering web_reg_save_param_regexp was successful  	[MsgId: MMSG-26390]
Action.c(165): web_custom_request("itinerary.pl") started  	[MsgId: MMSG-26355]
Action.c(165): Warning -35049: No match found for the requested parameter "new_c_cgifields". Check whether the requested regular expression exists in the response data  	[MsgId: MWAR-35049]
Action.c(165): Warning -35049: No match found for the requested parameter "empty_list". Check whether the requested regular expression exists in the response data  	[MsgId: MWAR-35049]
Action.c(165): web_custom_request("itinerary.pl") highest severity level was "warning", 932 body bytes, 256 header bytes, 12 chunking overhead bytes  	[MsgId: MMSG-26387]
Action.c(195): Error: list_flightID_count not 0, but new_c_cgifields_count+1 0+1 and c_cgifields_count 120 do not matches	[MsgId: MERR-17999]
End auto log messages stack.	[MsgId: MMSG-10544]


Start auto log messages stack - Iteration 24.	[MsgId: MMSG-10545]
Action.c(155): web_reg_save_param_regexp started  	[MsgId: MMSG-26355]
Action.c(155): Registering web_reg_save_param_regexp was successful  	[MsgId: MMSG-26390]
Action.c(165): web_custom_request("itinerary.pl") started  	[MsgId: MMSG-26355]
Action.c(165): Warning -35049: No match found for the requested parameter "new_c_cgifields". Check whether the requested regular expression exists in the response data  	[MsgId: MWAR-35049]
Action.c(165): Warning -35049: No match found for the requested parameter "empty_list". Check whether the requested regular expression exists in the response data  	[MsgId: MWAR-35049]
Action.c(165): web_custom_request("itinerary.pl") highest severity level was "warning", 932 body bytes, 256 header bytes, 12 chunking overhead bytes  	[MsgId: MMSG-26387]
Action.c(195): Error: list_flightID_count not 0, but new_c_cgifields_count+1 0+1 and c_cgifields_count 132 do not matches	[MsgId: MERR-17999]
End auto log messages stack.	[MsgId: MMSG-10544]


Start auto log messages stack - Iteration 39.	[MsgId: MMSG-10545]
Action.c(155): web_reg_save_param_regexp started  	[MsgId: MMSG-26355]
Action.c(155): Registering web_reg_save_param_regexp was successful  	[MsgId: MMSG-26390]
Action.c(165): web_custom_request("itinerary.pl") started  	[MsgId: MMSG-26355]
Action.c(165): Warning -35049: No match found for the requested parameter "new_c_cgifields". Check whether the requested regular expression exists in the response data  	[MsgId: MWAR-35049]
Action.c(165): Warning -35049: No match found for the requested parameter "empty_list". Check whether the requested regular expression exists in the response data  	[MsgId: MWAR-35049]
Action.c(165): web_custom_request("itinerary.pl") highest severity level was "warning", 932 body bytes, 256 header bytes, 12 chunking overhead bytes  	[MsgId: MMSG-26387]
Action.c(195): Error: list_flightID_count not 0, but new_c_cgifields_count+1 0+1 and c_cgifields_count 120 do not matches	[MsgId: MERR-17999]
End auto log messages stack.	[MsgId: MMSG-10544]


Start auto log messages stack - Iteration 55.	[MsgId: MMSG-10545]
Action.c(155): web_reg_save_param_regexp started  	[MsgId: MMSG-26355]
Action.c(155): Registering web_reg_save_param_regexp was successful  	[MsgId: MMSG-26390]
Action.c(165): web_custom_request("itinerary.pl") started  	[MsgId: MMSG-26355]
Action.c(165): Warning -35049: No match found for the requested parameter "new_c_cgifields". Check whether the requested regular expression exists in the response data  	[MsgId: MWAR-35049]
Action.c(165): Warning -35049: No match found for the requested parameter "empty_list". Check whether the requested regular expression exists in the response data  	[MsgId: MWAR-35049]
Action.c(165): web_custom_request("itinerary.pl") highest severity level was "warning", 932 body bytes, 256 header bytes, 12 chunking overhead bytes  	[MsgId: MMSG-26387]
Action.c(195): Error: list_flightID_count not 0, but new_c_cgifields_count+1 0+1 and c_cgifields_count 127 do not matches	[MsgId: MERR-17999]
End auto log messages stack.	[MsgId: MMSG-10544]


Start auto log messages stack - Iteration 56.	[MsgId: MMSG-10545]
Action.c(155): web_reg_save_param_regexp started  	[MsgId: MMSG-26355]
Action.c(155): Registering web_reg_save_param_regexp was successful  	[MsgId: MMSG-26390]
Action.c(165): web_custom_request("itinerary.pl") started  	[MsgId: MMSG-26355]
Action.c(165): Warning -35049: No match found for the requested parameter "new_c_cgifields". Check whether the requested regular expression exists in the response data  	[MsgId: MWAR-35049]
Action.c(165): Warning -35049: No match found for the requested parameter "empty_list". Check whether the requested regular expression exists in the response data  	[MsgId: MWAR-35049]
Action.c(165): web_custom_request("itinerary.pl") highest severity level was "warning", 932 body bytes, 256 header bytes, 12 chunking overhead bytes  	[MsgId: MMSG-26387]
Action.c(195): Error: list_flightID_count not 0, but new_c_cgifields_count+1 0+1 and c_cgifields_count 129 do not matches	[MsgId: MERR-17999]
End auto log messages stack.	[MsgId: MMSG-10544]


Start auto log messages stack - Iteration 44.	[MsgId: MMSG-10545]
Action.c(155): web_reg_save_param_regexp started  	[MsgId: MMSG-26355]
Action.c(155): Registering web_reg_save_param_regexp was successful  	[MsgId: MMSG-26390]
Action.c(165): web_custom_request("itinerary.pl") started  	[MsgId: MMSG-26355]
Action.c(165): Warning -35049: No match found for the requested parameter "new_c_cgifields". Check whether the requested regular expression exists in the response data  	[MsgId: MWAR-35049]
Action.c(165): Warning -35049: No match found for the requested parameter "empty_list". Check whether the requested regular expression exists in the response data  	[MsgId: MWAR-35049]
Action.c(165): web_custom_request("itinerary.pl") highest severity level was "warning", 932 body bytes, 256 header bytes, 12 chunking overhead bytes  	[MsgId: MMSG-26387]
Action.c(195): Error: list_flightID_count not 0, but new_c_cgifields_count+1 0+1 and c_cgifields_count 137 do not matches	[MsgId: MERR-17999]
End auto log messages stack.	[MsgId: MMSG-10544]


Start auto log messages stack - Iteration 30.	[MsgId: MMSG-10545]
Action.c(155): web_reg_save_param_regexp started  	[MsgId: MMSG-26355]
Action.c(155): Registering web_reg_save_param_regexp was successful  	[MsgId: MMSG-26390]
Action.c(165): web_custom_request("itinerary.pl") started  	[MsgId: MMSG-26355]
Action.c(165): Warning -35049: No match found for the requested parameter "new_c_cgifields". Check whether the requested regular expression exists in the response data  	[MsgId: MWAR-35049]
Action.c(165): Warning -35049: No match found for the requested parameter "empty_list". Check whether the requested regular expression exists in the response data  	[MsgId: MWAR-35049]
Action.c(165): web_custom_request("itinerary.pl") highest severity level was "warning", 932 body bytes, 256 header bytes, 12 chunking overhead bytes  	[MsgId: MMSG-26387]
Action.c(195): Error: list_flightID_count not 0, but new_c_cgifields_count+1 0+1 and c_cgifields_count 126 do not matches	[MsgId: MERR-17999]
End auto log messages stack.	[MsgId: MMSG-10544]


Start auto log messages stack - Iteration 2.	[MsgId: MMSG-10545]
Action.c(155): web_reg_save_param_regexp started  	[MsgId: MMSG-26355]
Action.c(155): Registering web_reg_save_param_regexp was successful  	[MsgId: MMSG-26390]
Action.c(165): web_custom_request("itinerary.pl") started  	[MsgId: MMSG-26355]
Action.c(165): Warning -35049: No match found for the requested parameter "new_c_cgifields". Check whether the requested regular expression exists in the response data  	[MsgId: MWAR-35049]
Action.c(165): Warning -35049: No match found for the requested parameter "empty_list". Check whether the requested regular expression exists in the response data  	[MsgId: MWAR-35049]
Action.c(165): web_custom_request("itinerary.pl") highest severity level was "warning", 932 body bytes, 256 header bytes, 12 chunking overhead bytes  	[MsgId: MMSG-26387]
Action.c(195): Error: list_flightID_count not 0, but new_c_cgifields_count+1 0+1 and c_cgifields_count 145 do not matches	[MsgId: MERR-17999]
End auto log messages stack.	[MsgId: MMSG-10544]


Start auto log messages stack - Iteration 45.	[MsgId: MMSG-10545]
Action.c(155): web_reg_save_param_regexp started  	[MsgId: MMSG-26355]
Action.c(155): Registering web_reg_save_param_regexp was successful  	[MsgId: MMSG-26390]
Action.c(165): web_custom_request("itinerary.pl") started  	[MsgId: MMSG-26355]
Action.c(165): Warning -35049: No match found for the requested parameter "new_c_cgifields". Check whether the requested regular expression exists in the response data  	[MsgId: MWAR-35049]
Action.c(165): Warning -35049: No match found for the requested parameter "empty_list". Check whether the requested regular expression exists in the response data  	[MsgId: MWAR-35049]
Action.c(165): web_custom_request("itinerary.pl") highest severity level was "warning", 932 body bytes, 256 header bytes, 12 chunking overhead bytes  	[MsgId: MMSG-26387]
Action.c(195): Error: list_flightID_count not 0, but new_c_cgifields_count+1 0+1 and c_cgifields_count 131 do not matches	[MsgId: MERR-17999]
End auto log messages stack.	[MsgId: MMSG-10544]


Start auto log messages stack - Iteration 2.	[MsgId: MMSG-10545]
Action.c(155): web_reg_save_param_regexp started  	[MsgId: MMSG-26355]
Action.c(155): Registering web_reg_save_param_regexp was successful  	[MsgId: MMSG-26390]
Action.c(165): web_custom_request("itinerary.pl") started  	[MsgId: MMSG-26355]
Action.c(165): Warning -35049: No match found for the requested parameter "new_c_cgifields". Check whether the requested regular expression exists in the response data  	[MsgId: MWAR-35049]
Action.c(165): Warning -35049: No match found for the requested parameter "empty_list". Check whether the requested regular expression exists in the response data  	[MsgId: MWAR-35049]
Action.c(165): web_custom_request("itinerary.pl") highest severity level was "warning", 932 body bytes, 256 header bytes, 12 chunking overhead bytes  	[MsgId: MMSG-26387]
Action.c(195): Error: list_flightID_count not 0, but new_c_cgifields_count+1 0+1 and c_cgifields_count 146 do not matches	[MsgId: MERR-17999]
End auto log messages stack.	[MsgId: MMSG-10544]


Start auto log messages stack - Iteration 45.	[MsgId: MMSG-10545]
Action.c(155): web_reg_save_param_regexp started  	[MsgId: MMSG-26355]
Action.c(155): Registering web_reg_save_param_regexp was successful  	[MsgId: MMSG-26390]
Action.c(165): web_custom_request("itinerary.pl") started  	[MsgId: MMSG-26355]
Action.c(165): Warning -35049: No match found for the requested parameter "new_c_cgifields". Check whether the requested regular expression exists in the response data  	[MsgId: MWAR-35049]
Action.c(165): Warning -35049: No match found for the requested parameter "empty_list". Check whether the requested regular expression exists in the response data  	[MsgId: MWAR-35049]
Action.c(165): web_custom_request("itinerary.pl") highest severity level was "warning", 932 body bytes, 256 header bytes, 12 chunking overhead bytes  	[MsgId: MMSG-26387]
Action.c(195): Error: list_flightID_count not 0, but new_c_cgifields_count+1 0+1 and c_cgifields_count 132 do not matches	[MsgId: MERR-17999]
End auto log messages stack.	[MsgId: MMSG-10544]


Start auto log messages stack - Iteration 32.	[MsgId: MMSG-10545]
Action.c(155): web_reg_save_param_regexp started  	[MsgId: MMSG-26355]
Action.c(155): Registering web_reg_save_param_regexp was successful  	[MsgId: MMSG-26390]
Action.c(165): web_custom_request("itinerary.pl") started  	[MsgId: MMSG-26355]
Action.c(165): Warning -35049: No match found for the requested parameter "new_c_cgifields". Check whether the requested regular expression exists in the response data  	[MsgId: MWAR-35049]
Action.c(165): Warning -35049: No match found for the requested parameter "empty_list". Check whether the requested regular expression exists in the response data  	[MsgId: MWAR-35049]
Action.c(165): web_custom_request("itinerary.pl") highest severity level was "warning", 932 body bytes, 256 header bytes, 12 chunking overhead bytes  	[MsgId: MMSG-26387]
Action.c(195): Error: list_flightID_count not 0, but new_c_cgifields_count+1 0+1 and c_cgifields_count 149 do not matches	[MsgId: MERR-17999]
End auto log messages stack.	[MsgId: MMSG-10544]


Start auto log messages stack - Iteration 4.	[MsgId: MMSG-10545]
Action.c(155): web_reg_save_param_regexp started  	[MsgId: MMSG-26355]
Action.c(155): Registering web_reg_save_param_regexp was successful  	[MsgId: MMSG-26390]
Action.c(165): web_custom_request("itinerary.pl") started  	[MsgId: MMSG-26355]
Action.c(165): Warning -35049: No match found for the requested parameter "new_c_cgifields". Check whether the requested regular expression exists in the response data  	[MsgId: MWAR-35049]
Action.c(165): Warning -35049: No match found for the requested parameter "empty_list". Check whether the requested regular expression exists in the response data  	[MsgId: MWAR-35049]
Action.c(165): web_custom_request("itinerary.pl") highest severity level was "warning", 932 body bytes, 256 header bytes, 12 chunking overhead bytes  	[MsgId: MMSG-26387]
Action.c(195): Error: list_flightID_count not 0, but new_c_cgifields_count+1 0+1 and c_cgifields_count 144 do not matches	[MsgId: MERR-17999]
End auto log messages stack.	[MsgId: MMSG-10544]


Start auto log messages stack - Iteration 33.	[MsgId: MMSG-10545]
Action.c(155): web_reg_save_param_regexp started  	[MsgId: MMSG-26355]
Action.c(155): Registering web_reg_save_param_regexp was successful  	[MsgId: MMSG-26390]
Action.c(165): web_custom_request("itinerary.pl") started  	[MsgId: MMSG-26355]
Action.c(165): Warning -35049: No match found for the requested parameter "new_c_cgifields". Check whether the requested regular expression exists in the response data  	[MsgId: MWAR-35049]
Action.c(165): Warning -35049: No match found for the requested parameter "empty_list". Check whether the requested regular expression exists in the response data  	[MsgId: MWAR-35049]
Action.c(165): web_custom_request("itinerary.pl") highest severity level was "warning", 932 body bytes, 256 header bytes, 12 chunking overhead bytes  	[MsgId: MMSG-26387]
Action.c(195): Error: list_flightID_count not 0, but new_c_cgifields_count+1 0+1 and c_cgifields_count 145 do not matches	[MsgId: MERR-17999]
End auto log messages stack.	[MsgId: MMSG-10544]


Start auto log messages stack - Iteration 19.	[MsgId: MMSG-10545]
Action.c(155): web_reg_save_param_regexp started  	[MsgId: MMSG-26355]
Action.c(155): Registering web_reg_save_param_regexp was successful  	[MsgId: MMSG-26390]
Action.c(165): web_custom_request("itinerary.pl") started  	[MsgId: MMSG-26355]
Action.c(165): Warning -35049: No match found for the requested parameter "new_c_cgifields". Check whether the requested regular expression exists in the response data  	[MsgId: MWAR-35049]
Action.c(165): Warning -35049: No match found for the requested parameter "empty_list". Check whether the requested regular expression exists in the response data  	[MsgId: MWAR-35049]
Action.c(165): web_custom_request("itinerary.pl") highest severity level was "warning", 932 body bytes, 256 header bytes, 12 chunking overhead bytes  	[MsgId: MMSG-26387]
Action.c(195): Error: list_flightID_count not 0, but new_c_cgifields_count+1 0+1 and c_cgifields_count 129 do not matches	[MsgId: MERR-17999]
End auto log messages stack.	[MsgId: MMSG-10544]


Start auto log messages stack - Iteration 5.	[MsgId: MMSG-10545]
Action.c(155): web_reg_save_param_regexp started  	[MsgId: MMSG-26355]
Action.c(155): Registering web_reg_save_param_regexp was successful  	[MsgId: MMSG-26390]
Action.c(165): web_custom_request("itinerary.pl") started  	[MsgId: MMSG-26355]
Action.c(165): Warning -35049: No match found for the requested parameter "new_c_cgifields". Check whether the requested regular expression exists in the response data  	[MsgId: MWAR-35049]
Action.c(165): Warning -35049: No match found for the requested parameter "empty_list". Check whether the requested regular expression exists in the response data  	[MsgId: MWAR-35049]
Action.c(165): web_custom_request("itinerary.pl") highest severity level was "warning", 932 body bytes, 256 header bytes, 12 chunking overhead bytes  	[MsgId: MMSG-26387]
Action.c(195): Error: list_flightID_count not 0, but new_c_cgifields_count+1 0+1 and c_cgifields_count 138 do not matches	[MsgId: MERR-17999]
End auto log messages stack.	[MsgId: MMSG-10544]


Start auto log messages stack - Iteration 48.	[MsgId: MMSG-10545]
Action.c(155): web_reg_save_param_regexp started  	[MsgId: MMSG-26355]
Action.c(155): Registering web_reg_save_param_regexp was successful  	[MsgId: MMSG-26390]
Action.c(165): web_custom_request("itinerary.pl") started  	[MsgId: MMSG-26355]
Action.c(165): Warning -35049: No match found for the requested parameter "new_c_cgifields". Check whether the requested regular expression exists in the response data  	[MsgId: MWAR-35049]
Action.c(165): Warning -35049: No match found for the requested parameter "empty_list". Check whether the requested regular expression exists in the response data  	[MsgId: MWAR-35049]
Action.c(165): web_custom_request("itinerary.pl") highest severity level was "warning", 932 body bytes, 256 header bytes, 12 chunking overhead bytes  	[MsgId: MMSG-26387]
Action.c(195): Error: list_flightID_count not 0, but new_c_cgifields_count+1 0+1 and c_cgifields_count 130 do not matches	[MsgId: MERR-17999]
End auto log messages stack.	[MsgId: MMSG-10544]


Start auto log messages stack - Iteration 5.	[MsgId: MMSG-10545]
Action.c(155): web_reg_save_param_regexp started  	[MsgId: MMSG-26355]
Action.c(155): Registering web_reg_save_param_regexp was successful  	[MsgId: MMSG-26390]
Action.c(165): web_custom_request("itinerary.pl") started  	[MsgId: MMSG-26355]
Action.c(165): Warning -35049: No match found for the requested parameter "new_c_cgifields". Check whether the requested regular expression exists in the response data  	[MsgId: MWAR-35049]
Action.c(165): Warning -35049: No match found for the requested parameter "empty_list". Check whether the requested regular expression exists in the response data  	[MsgId: MWAR-35049]
Action.c(165): web_custom_request("itinerary.pl") highest severity level was "warning", 932 body bytes, 256 header bytes, 12 chunking overhead bytes  	[MsgId: MMSG-26387]
Action.c(195): Error: list_flightID_count not 0, but new_c_cgifields_count+1 0+1 and c_cgifields_count 139 do not matches	[MsgId: MERR-17999]
End auto log messages stack.	[MsgId: MMSG-10544]


Start auto log messages stack - Iteration 48.	[MsgId: MMSG-10545]
Action.c(155): web_reg_save_param_regexp started  	[MsgId: MMSG-26355]
Action.c(155): Registering web_reg_save_param_regexp was successful  	[MsgId: MMSG-26390]
Action.c(165): web_custom_request("itinerary.pl") started  	[MsgId: MMSG-26355]
Action.c(165): Warning -35049: No match found for the requested parameter "new_c_cgifields". Check whether the requested regular expression exists in the response data  	[MsgId: MWAR-35049]
Action.c(165): Warning -35049: No match found for the requested parameter "empty_list". Check whether the requested regular expression exists in the response data  	[MsgId: MWAR-35049]
Action.c(165): web_custom_request("itinerary.pl") highest severity level was "warning", 932 body bytes, 256 header bytes, 12 chunking overhead bytes  	[MsgId: MMSG-26387]
Action.c(195): Error: list_flightID_count not 0, but new_c_cgifields_count+1 0+1 and c_cgifields_count 131 do not matches	[MsgId: MERR-17999]
End auto log messages stack.	[MsgId: MMSG-10544]


Start auto log messages stack - Iteration 63.	[MsgId: MMSG-10545]
Action.c(155): web_reg_save_param_regexp started  	[MsgId: MMSG-26355]
Action.c(155): Registering web_reg_save_param_regexp was successful  	[MsgId: MMSG-26390]
Action.c(165): web_custom_request("itinerary.pl") started  	[MsgId: MMSG-26355]
Action.c(165): Warning -35049: No match found for the requested parameter "new_c_cgifields". Check whether the requested regular expression exists in the response data  	[MsgId: MWAR-35049]
Action.c(165): Warning -35049: No match found for the requested parameter "empty_list". Check whether the requested regular expression exists in the response data  	[MsgId: MWAR-35049]
Action.c(165): web_custom_request("itinerary.pl") highest severity level was "warning", 932 body bytes, 256 header bytes, 12 chunking overhead bytes  	[MsgId: MMSG-26387]
Action.c(195): Error: list_flightID_count not 0, but new_c_cgifields_count+1 0+1 and c_cgifields_count 144 do not matches	[MsgId: MERR-17999]
End auto log messages stack.	[MsgId: MMSG-10544]


Start auto log messages stack - Iteration 21.	[MsgId: MMSG-10545]
Action.c(155): web_reg_save_param_regexp started  	[MsgId: MMSG-26355]
Action.c(155): Registering web_reg_save_param_regexp was successful  	[MsgId: MMSG-26390]
Action.c(165): web_custom_request("itinerary.pl") started  	[MsgId: MMSG-26355]
Action.c(165): Warning -35049: No match found for the requested parameter "new_c_cgifields". Check whether the requested regular expression exists in the response data  	[MsgId: MWAR-35049]
Action.c(165): Warning -35049: No match found for the requested parameter "empty_list". Check whether the requested regular expression exists in the response data  	[MsgId: MWAR-35049]
Action.c(165): web_custom_request("itinerary.pl") highest severity level was "warning", 932 body bytes, 256 header bytes, 12 chunking overhead bytes  	[MsgId: MMSG-26387]
Action.c(195): Error: list_flightID_count not 0, but new_c_cgifields_count+1 0+1 and c_cgifields_count 147 do not matches	[MsgId: MERR-17999]
End auto log messages stack.	[MsgId: MMSG-10544]


Start auto log messages stack - Iteration 7.	[MsgId: MMSG-10545]
Action.c(155): web_reg_save_param_regexp started  	[MsgId: MMSG-26355]
Action.c(155): Registering web_reg_save_param_regexp was successful  	[MsgId: MMSG-26390]
Action.c(165): web_custom_request("itinerary.pl") started  	[MsgId: MMSG-26355]
Action.c(165): Warning -35049: No match found for the requested parameter "new_c_cgifields". Check whether the requested regular expression exists in the response data  	[MsgId: MWAR-35049]
Action.c(165): Warning -35049: No match found for the requested parameter "empty_list". Check whether the requested regular expression exists in the response data  	[MsgId: MWAR-35049]
Action.c(165): web_custom_request("itinerary.pl") highest severity level was "warning", 932 body bytes, 256 header bytes, 12 chunking overhead bytes  	[MsgId: MMSG-26387]
Action.c(195): Error: list_flightID_count not 0, but new_c_cgifields_count+1 0+1 and c_cgifields_count 133 do not matches	[MsgId: MERR-17999]
End auto log messages stack.	[MsgId: MMSG-10544]


Start auto log messages stack - Iteration 50.	[MsgId: MMSG-10545]
Action.c(155): web_reg_save_param_regexp started  	[MsgId: MMSG-26355]
Action.c(155): Registering web_reg_save_param_regexp was successful  	[MsgId: MMSG-26390]
Action.c(165): web_custom_request("itinerary.pl") started  	[MsgId: MMSG-26355]
Action.c(165): Warning -35049: No match found for the requested parameter "new_c_cgifields". Check whether the requested regular expression exists in the response data  	[MsgId: MWAR-35049]
Action.c(165): Warning -35049: No match found for the requested parameter "empty_list". Check whether the requested regular expression exists in the response data  	[MsgId: MWAR-35049]
Action.c(165): web_custom_request("itinerary.pl") highest severity level was "warning", 932 body bytes, 256 header bytes, 12 chunking overhead bytes  	[MsgId: MMSG-26387]
Action.c(195): Error: list_flightID_count not 0, but new_c_cgifields_count+1 0+1 and c_cgifields_count 129 do not matches	[MsgId: MERR-17999]
End auto log messages stack.	[MsgId: MMSG-10544]


Start auto log messages stack - Iteration 7.	[MsgId: MMSG-10545]
Action.c(155): web_reg_save_param_regexp started  	[MsgId: MMSG-26355]
Action.c(155): Registering web_reg_save_param_regexp was successful  	[MsgId: MMSG-26390]
Action.c(165): web_custom_request("itinerary.pl") started  	[MsgId: MMSG-26355]
Action.c(165): Warning -35049: No match found for the requested parameter "new_c_cgifields". Check whether the requested regular expression exists in the response data  	[MsgId: MWAR-35049]
Action.c(165): Warning -35049: No match found for the requested parameter "empty_list". Check whether the requested regular expression exists in the response data  	[MsgId: MWAR-35049]
Action.c(165): web_custom_request("itinerary.pl") highest severity level was "warning", 932 body bytes, 256 header bytes, 12 chunking overhead bytes  	[MsgId: MMSG-26387]
Action.c(195): Error: list_flightID_count not 0, but new_c_cgifields_count+1 0+1 and c_cgifields_count 134 do not matches	[MsgId: MERR-17999]
End auto log messages stack.	[MsgId: MMSG-10544]


Start auto log messages stack - Iteration 50.	[MsgId: MMSG-10545]
Action.c(155): web_reg_save_param_regexp started  	[MsgId: MMSG-26355]
Action.c(155): Registering web_reg_save_param_regexp was successful  	[MsgId: MMSG-26390]
Action.c(165): web_custom_request("itinerary.pl") started  	[MsgId: MMSG-26355]
Action.c(165): Warning -35049: No match found for the requested parameter "new_c_cgifields". Check whether the requested regular expression exists in the response data  	[MsgId: MWAR-35049]
Action.c(165): Warning -35049: No match found for the requested parameter "empty_list". Check whether the requested regular expression exists in the response data  	[MsgId: MWAR-35049]
Action.c(165): web_custom_request("itinerary.pl") highest severity level was "warning", 932 body bytes, 256 header bytes, 12 chunking overhead bytes  	[MsgId: MMSG-26387]
Action.c(195): Error: list_flightID_count not 0, but new_c_cgifields_count+1 0+1 and c_cgifields_count 130 do not matches	[MsgId: MERR-17999]
End auto log messages stack.	[MsgId: MMSG-10544]


Start auto log messages stack - Iteration 65.	[MsgId: MMSG-10545]
Action.c(155): web_reg_save_param_regexp started  	[MsgId: MMSG-26355]
Action.c(155): Registering web_reg_save_param_regexp was successful  	[MsgId: MMSG-26390]
Action.c(165): web_custom_request("itinerary.pl") started  	[MsgId: MMSG-26355]
Action.c(165): Warning -35049: No match found for the requested parameter "new_c_cgifields". Check whether the requested regular expression exists in the response data  	[MsgId: MWAR-35049]
Action.c(165): Warning -35049: No match found for the requested parameter "empty_list". Check whether the requested regular expression exists in the response data  	[MsgId: MWAR-35049]
Action.c(165): web_custom_request("itinerary.pl") highest severity level was "warning", 932 body bytes, 256 header bytes, 12 chunking overhead bytes  	[MsgId: MMSG-26387]
Action.c(195): Error: list_flightID_count not 0, but new_c_cgifields_count+1 0+1 and c_cgifields_count 140 do not matches	[MsgId: MERR-17999]
End auto log messages stack.	[MsgId: MMSG-10544]


Start auto log messages stack - Iteration 22.	[MsgId: MMSG-10545]
Action.c(155): web_reg_save_param_regexp started  	[MsgId: MMSG-26355]
Action.c(155): Registering web_reg_save_param_regexp was successful  	[MsgId: MMSG-26390]
Action.c(165): web_custom_request("itinerary.pl") started  	[MsgId: MMSG-26355]
Action.c(165): Warning -35049: No match found for the requested parameter "new_c_cgifields". Check whether the requested regular expression exists in the response data  	[MsgId: MWAR-35049]
Action.c(165): Warning -35049: No match found for the requested parameter "empty_list". Check whether the requested regular expression exists in the response data  	[MsgId: MWAR-35049]
Action.c(165): web_custom_request("itinerary.pl") highest severity level was "warning", 932 body bytes, 256 header bytes, 12 chunking overhead bytes  	[MsgId: MMSG-26387]
Action.c(195): Error: list_flightID_count not 0, but new_c_cgifields_count+1 0+1 and c_cgifields_count 150 do not matches	[MsgId: MERR-17999]
End auto log messages stack.	[MsgId: MMSG-10544]


Start auto log messages stack - Iteration 51.	[MsgId: MMSG-10545]
Action.c(155): web_reg_save_param_regexp started  	[MsgId: MMSG-26355]
Action.c(155): Registering web_reg_save_param_regexp was successful  	[MsgId: MMSG-26390]
Action.c(165): web_custom_request("itinerary.pl") started  	[MsgId: MMSG-26355]
Action.c(165): Warning -35049: No match found for the requested parameter "new_c_cgifields". Check whether the requested regular expression exists in the response data  	[MsgId: MWAR-35049]
Action.c(165): Warning -35049: No match found for the requested parameter "empty_list". Check whether the requested regular expression exists in the response data  	[MsgId: MWAR-35049]
Action.c(165): web_custom_request("itinerary.pl") highest severity level was "warning", 932 body bytes, 256 header bytes, 12 chunking overhead bytes  	[MsgId: MMSG-26387]
Action.c(195): Error: list_flightID_count not 0, but new_c_cgifields_count+1 0+1 and c_cgifields_count 149 do not matches	[MsgId: MERR-17999]
End auto log messages stack.	[MsgId: MMSG-10544]


Start auto log messages stack - Iteration 65.	[MsgId: MMSG-10545]
Action.c(155): web_reg_save_param_regexp started  	[MsgId: MMSG-26355]
Action.c(155): Registering web_reg_save_param_regexp was successful  	[MsgId: MMSG-26390]
Action.c(165): web_custom_request("itinerary.pl") started  	[MsgId: MMSG-26355]
Action.c(165): Warning -35049: No match found for the requested parameter "new_c_cgifields". Check whether the requested regular expression exists in the response data  	[MsgId: MWAR-35049]
Action.c(165): Warning -35049: No match found for the requested parameter "empty_list". Check whether the requested regular expression exists in the response data  	[MsgId: MWAR-35049]
Action.c(165): web_custom_request("itinerary.pl") highest severity level was "warning", 932 body bytes, 256 header bytes, 12 chunking overhead bytes  	[MsgId: MMSG-26387]
Action.c(195): Error: list_flightID_count not 0, but new_c_cgifields_count+1 0+1 and c_cgifields_count 141 do not matches	[MsgId: MERR-17999]
End auto log messages stack.	[MsgId: MMSG-10544]


Start auto log messages stack - Iteration 9.	[MsgId: MMSG-10545]
Action.c(155): web_reg_save_param_regexp started  	[MsgId: MMSG-26355]
Action.c(155): Registering web_reg_save_param_regexp was successful  	[MsgId: MMSG-26390]
Action.c(165): web_custom_request("itinerary.pl") started  	[MsgId: MMSG-26355]
Action.c(165): Warning -35049: No match found for the requested parameter "new_c_cgifields". Check whether the requested regular expression exists in the response data  	[MsgId: MWAR-35049]
Action.c(165): Warning -35049: No match found for the requested parameter "empty_list". Check whether the requested regular expression exists in the response data  	[MsgId: MWAR-35049]
Action.c(165): web_custom_request("itinerary.pl") highest severity level was "warning", 932 body bytes, 256 header bytes, 12 chunking overhead bytes  	[MsgId: MMSG-26387]
Action.c(195): Error: list_flightID_count not 0, but new_c_cgifields_count+1 0+1 and c_cgifields_count 137 do not matches	[MsgId: MERR-17999]
End auto log messages stack.	[MsgId: MMSG-10544]


Start auto log messages stack - Iteration 24.	[MsgId: MMSG-10545]
Action.c(155): web_reg_save_param_regexp started  	[MsgId: MMSG-26355]
Action.c(155): Registering web_reg_save_param_regexp was successful  	[MsgId: MMSG-26390]
Action.c(165): web_custom_request("itinerary.pl") started  	[MsgId: MMSG-26355]
Action.c(165): Warning -35049: No match found for the requested parameter "new_c_cgifields". Check whether the requested regular expression exists in the response data  	[MsgId: MWAR-35049]
Action.c(165): Warning -35049: No match found for the requested parameter "empty_list". Check whether the requested regular expression exists in the response data  	[MsgId: MWAR-35049]
Action.c(165): web_custom_request("itinerary.pl") highest severity level was "warning", 932 body bytes, 256 header bytes, 12 chunking overhead bytes  	[MsgId: MMSG-26387]
Action.c(195): Error: list_flightID_count not 0, but new_c_cgifields_count+1 0+1 and c_cgifields_count 147 do not matches	[MsgId: MERR-17999]
End auto log messages stack.	[MsgId: MMSG-10544]


Start auto log messages stack - Iteration 53.	[MsgId: MMSG-10545]
Action.c(155): web_reg_save_param_regexp started  	[MsgId: MMSG-26355]
Action.c(155): Registering web_reg_save_param_regexp was successful  	[MsgId: MMSG-26390]
Action.c(165): web_custom_request("itinerary.pl") started  	[MsgId: MMSG-26355]
Action.c(165): Warning -35049: No match found for the requested parameter "new_c_cgifields". Check whether the requested regular expression exists in the response data  	[MsgId: MWAR-35049]
Action.c(165): Warning -35049: No match found for the requested parameter "empty_list". Check whether the requested regular expression exists in the response data  	[MsgId: MWAR-35049]
Action.c(165): web_custom_request("itinerary.pl") highest severity level was "warning", 932 body bytes, 256 header bytes, 12 chunking overhead bytes  	[MsgId: MMSG-26387]
Action.c(195): Error: list_flightID_count not 0, but new_c_cgifields_count+1 0+1 and c_cgifields_count 149 do not matches	[MsgId: MERR-17999]
End auto log messages stack.	[MsgId: MMSG-10544]


Start auto log messages stack - Iteration 10.	[MsgId: MMSG-10545]
Action.c(155): web_reg_save_param_regexp started  	[MsgId: MMSG-26355]
Action.c(155): Registering web_reg_save_param_regexp was successful  	[MsgId: MMSG-26390]
Action.c(165): web_custom_request("itinerary.pl") started  	[MsgId: MMSG-26355]
Action.c(165): Warning -35049: No match found for the requested parameter "new_c_cgifields". Check whether the requested regular expression exists in the response data  	[MsgId: MWAR-35049]
Action.c(165): Warning -35049: No match found for the requested parameter "empty_list". Check whether the requested regular expression exists in the response data  	[MsgId: MWAR-35049]
Action.c(165): web_custom_request("itinerary.pl") highest severity level was "warning", 932 body bytes, 256 header bytes, 12 chunking overhead bytes  	[MsgId: MMSG-26387]
Action.c(195): Error: list_flightID_count not 0, but new_c_cgifields_count+1 0+1 and c_cgifields_count 136 do not matches	[MsgId: MERR-17999]
End auto log messages stack.	[MsgId: MMSG-10544]


Start auto log messages stack - Iteration 53.	[MsgId: MMSG-10545]
Action.c(155): web_reg_save_param_regexp started  	[MsgId: MMSG-26355]
Action.c(155): Registering web_reg_save_param_regexp was successful  	[MsgId: MMSG-26390]
Action.c(165): web_custom_request("itinerary.pl") started  	[MsgId: MMSG-26355]
Action.c(165): Warning -35049: No match found for the requested parameter "new_c_cgifields". Check whether the requested regular expression exists in the response data  	[MsgId: MWAR-35049]
Action.c(165): Warning -35049: No match found for the requested parameter "empty_list". Check whether the requested regular expression exists in the response data  	[MsgId: MWAR-35049]
Action.c(165): web_custom_request("itinerary.pl") highest severity level was "warning", 932 body bytes, 256 header bytes, 12 chunking overhead bytes  	[MsgId: MMSG-26387]
Action.c(195): Error: list_flightID_count not 0, but new_c_cgifields_count+1 0+1 and c_cgifields_count 150 do not matches	[MsgId: MERR-17999]
End auto log messages stack.	[MsgId: MMSG-10544]


Start auto log messages stack - Iteration 68.	[MsgId: MMSG-10545]
Action.c(155): web_reg_save_param_regexp started  	[MsgId: MMSG-26355]
Action.c(155): Registering web_reg_save_param_regexp was successful  	[MsgId: MMSG-26390]
Action.c(165): web_custom_request("itinerary.pl") started  	[MsgId: MMSG-26355]
Action.c(165): Warning -35049: No match found for the requested parameter "new_c_cgifields". Check whether the requested regular expression exists in the response data  	[MsgId: MWAR-35049]
Action.c(165): Warning -35049: No match found for the requested parameter "empty_list". Check whether the requested regular expression exists in the response data  	[MsgId: MWAR-35049]
Action.c(165): web_custom_request("itinerary.pl") highest severity level was "warning", 932 body bytes, 256 header bytes, 12 chunking overhead bytes  	[MsgId: MMSG-26387]
Action.c(195): Error: list_flightID_count not 0, but new_c_cgifields_count+1 0+1 and c_cgifields_count 137 do not matches	[MsgId: MERR-17999]
End auto log messages stack.	[MsgId: MMSG-10544]


Start auto log messages stack - Iteration 25.	[MsgId: MMSG-10545]
Action.c(155): web_reg_save_param_regexp started  	[MsgId: MMSG-26355]
Action.c(155): Registering web_reg_save_param_regexp was successful  	[MsgId: MMSG-26390]
Action.c(165): web_custom_request("itinerary.pl") started  	[MsgId: MMSG-26355]
Action.c(165): Warning -35049: No match found for the requested parameter "new_c_cgifields". Check whether the requested regular expression exists in the response data  	[MsgId: MWAR-35049]
Action.c(165): Warning -35049: No match found for the requested parameter "empty_list". Check whether the requested regular expression exists in the response data  	[MsgId: MWAR-35049]
Action.c(165): web_custom_request("itinerary.pl") highest severity level was "warning", 932 body bytes, 256 header bytes, 12 chunking overhead bytes  	[MsgId: MMSG-26387]
Action.c(195): Error: list_flightID_count not 0, but new_c_cgifields_count+1 0+1 and c_cgifields_count 144 do not matches	[MsgId: MERR-17999]
End auto log messages stack.	[MsgId: MMSG-10544]


Start auto log messages stack - Iteration 69.	[MsgId: MMSG-10545]
Action.c(155): web_reg_save_param_regexp started  	[MsgId: MMSG-26355]
Action.c(155): Registering web_reg_save_param_regexp was successful  	[MsgId: MMSG-26390]
Action.c(165): web_custom_request("itinerary.pl") started  	[MsgId: MMSG-26355]
Action.c(165): Warning -35049: No match found for the requested parameter "new_c_cgifields". Check whether the requested regular expression exists in the response data  	[MsgId: MWAR-35049]
Action.c(165): Warning -35049: No match found for the requested parameter "empty_list". Check whether the requested regular expression exists in the response data  	[MsgId: MWAR-35049]
Action.c(165): web_custom_request("itinerary.pl") highest severity level was "warning", 932 body bytes, 256 header bytes, 12 chunking overhead bytes  	[MsgId: MMSG-26387]
Action.c(195): Error: list_flightID_count not 0, but new_c_cgifields_count+1 0+1 and c_cgifields_count 137 do not matches	[MsgId: MERR-17999]
End auto log messages stack.	[MsgId: MMSG-10544]


Start auto log messages stack - Iteration 27.	[MsgId: MMSG-10545]
Action.c(155): web_reg_save_param_regexp started  	[MsgId: MMSG-26355]
Action.c(155): Registering web_reg_save_param_regexp was successful  	[MsgId: MMSG-26390]
Action.c(165): web_custom_request("itinerary.pl") started  	[MsgId: MMSG-26355]
Action.c(165): Warning -35049: No match found for the requested parameter "new_c_cgifields". Check whether the requested regular expression exists in the response data  	[MsgId: MWAR-35049]
Action.c(165): Warning -35049: No match found for the requested parameter "empty_list". Check whether the requested regular expression exists in the response data  	[MsgId: MWAR-35049]
Action.c(165): web_custom_request("itinerary.pl") highest severity level was "warning", 932 body bytes, 256 header bytes, 12 chunking overhead bytes  	[MsgId: MMSG-26387]
Action.c(195): Error: list_flightID_count not 0, but new_c_cgifields_count+1 0+1 and c_cgifields_count 137 do not matches	[MsgId: MERR-17999]
End auto log messages stack.	[MsgId: MMSG-10544]


Start auto log messages stack - Iteration 27.	[MsgId: MMSG-10545]
Action.c(155): web_reg_save_param_regexp started  	[MsgId: MMSG-26355]
Action.c(155): Registering web_reg_save_param_regexp was successful  	[MsgId: MMSG-26390]
Action.c(165): web_custom_request("itinerary.pl") started  	[MsgId: MMSG-26355]
Action.c(165): Warning -35049: No match found for the requested parameter "new_c_cgifields". Check whether the requested regular expression exists in the response data  	[MsgId: MWAR-35049]
Action.c(165): Warning -35049: No match found for the requested parameter "empty_list". Check whether the requested regular expression exists in the response data  	[MsgId: MWAR-35049]
Action.c(165): web_custom_request("itinerary.pl") highest severity level was "warning", 932 body bytes, 256 header bytes, 12 chunking overhead bytes  	[MsgId: MMSG-26387]
Action.c(195): Error: list_flightID_count not 0, but new_c_cgifields_count+1 0+1 and c_cgifields_count 138 do not matches	[MsgId: MERR-17999]
End auto log messages stack.	[MsgId: MMSG-10544]


Start auto log messages stack - Iteration 13.	[MsgId: MMSG-10545]
Action.c(155): web_reg_save_param_regexp started  	[MsgId: MMSG-26355]
Action.c(155): Registering web_reg_save_param_regexp was successful  	[MsgId: MMSG-26390]
Action.c(165): web_custom_request("itinerary.pl") started  	[MsgId: MMSG-26355]
Action.c(165): Warning -35049: No match found for the requested parameter "new_c_cgifields". Check whether the requested regular expression exists in the response data  	[MsgId: MWAR-35049]
Action.c(165): Warning -35049: No match found for the requested parameter "empty_list". Check whether the requested regular expression exists in the response data  	[MsgId: MWAR-35049]
Action.c(165): web_custom_request("itinerary.pl") highest severity level was "warning", 932 body bytes, 256 header bytes, 12 chunking overhead bytes  	[MsgId: MMSG-26387]
Action.c(195): Error: list_flightID_count not 0, but new_c_cgifields_count+1 0+1 and c_cgifields_count 156 do not matches	[MsgId: MERR-17999]
End auto log messages stack.	[MsgId: MMSG-10544]


Start auto log messages stack - Iteration 56.	[MsgId: MMSG-10545]
Action.c(155): web_reg_save_param_regexp started  	[MsgId: MMSG-26355]
Action.c(155): Registering web_reg_save_param_regexp was successful  	[MsgId: MMSG-26390]
Action.c(165): web_custom_request("itinerary.pl") started  	[MsgId: MMSG-26355]
Action.c(165): Warning -35049: No match found for the requested parameter "new_c_cgifields". Check whether the requested regular expression exists in the response data  	[MsgId: MWAR-35049]
Action.c(165): Warning -35049: No match found for the requested parameter "empty_list". Check whether the requested regular expression exists in the response data  	[MsgId: MWAR-35049]
Action.c(165): web_custom_request("itinerary.pl") highest severity level was "warning", 932 body bytes, 256 header bytes, 12 chunking overhead bytes  	[MsgId: MMSG-26387]
Action.c(195): Error: list_flightID_count not 0, but new_c_cgifields_count+1 0+1 and c_cgifields_count 142 do not matches	[MsgId: MERR-17999]
End auto log messages stack.	[MsgId: MMSG-10544]


Start auto log messages stack - Iteration 71.	[MsgId: MMSG-10545]
Action.c(155): web_reg_save_param_regexp started  	[MsgId: MMSG-26355]
Action.c(155): Registering web_reg_save_param_regexp was successful  	[MsgId: MMSG-26390]
Action.c(165): web_custom_request("itinerary.pl") started  	[MsgId: MMSG-26355]
Action.c(165): Warning -35049: No match found for the requested parameter "new_c_cgifields". Check whether the requested regular expression exists in the response data  	[MsgId: MWAR-35049]
Action.c(165): Warning -35049: No match found for the requested parameter "empty_list". Check whether the requested regular expression exists in the response data  	[MsgId: MWAR-35049]
Action.c(165): web_custom_request("itinerary.pl") highest severity level was "warning", 932 body bytes, 256 header bytes, 12 chunking overhead bytes  	[MsgId: MMSG-26387]
Action.c(195): Error: list_flightID_count not 0, but new_c_cgifields_count+1 0+1 and c_cgifields_count 155 do not matches	[MsgId: MERR-17999]
End auto log messages stack.	[MsgId: MMSG-10544]


Start auto log messages stack - Iteration 42.	[MsgId: MMSG-10545]
Action.c(155): web_reg_save_param_regexp started  	[MsgId: MMSG-26355]
Action.c(155): Registering web_reg_save_param_regexp was successful  	[MsgId: MMSG-26390]
Action.c(165): web_custom_request("itinerary.pl") started  	[MsgId: MMSG-26355]
Action.c(165): Warning -35049: No match found for the requested parameter "new_c_cgifields". Check whether the requested regular expression exists in the response data  	[MsgId: MWAR-35049]
Action.c(165): Warning -35049: No match found for the requested parameter "empty_list". Check whether the requested regular expression exists in the response data  	[MsgId: MWAR-35049]
Action.c(165): web_custom_request("itinerary.pl") highest severity level was "warning", 932 body bytes, 256 header bytes, 12 chunking overhead bytes  	[MsgId: MMSG-26387]
Action.c(195): Error: list_flightID_count not 0, but new_c_cgifields_count+1 0+1 and c_cgifields_count 156 do not matches	[MsgId: MERR-17999]
End auto log messages stack.	[MsgId: MMSG-10544]


Start auto log messages stack - Iteration 28.	[MsgId: MMSG-10545]
Action.c(155): web_reg_save_param_regexp started  	[MsgId: MMSG-26355]
Action.c(155): Registering web_reg_save_param_regexp was successful  	[MsgId: MMSG-26390]
Action.c(165): web_custom_request("itinerary.pl") started  	[MsgId: MMSG-26355]
Action.c(165): Warning -35049: No match found for the requested parameter "new_c_cgifields". Check whether the requested regular expression exists in the response data  	[MsgId: MWAR-35049]
Action.c(165): Warning -35049: No match found for the requested parameter "empty_list". Check whether the requested regular expression exists in the response data  	[MsgId: MWAR-35049]
Action.c(165): web_custom_request("itinerary.pl") highest severity level was "warning", 932 body bytes, 256 header bytes, 12 chunking overhead bytes  	[MsgId: MMSG-26387]
Action.c(195): Error: list_flightID_count not 0, but new_c_cgifields_count+1 0+1 and c_cgifields_count 140 do not matches	[MsgId: MERR-17999]
End auto log messages stack.	[MsgId: MMSG-10544]


