Start auto log messages stack - Iteration 1.	[MsgId: MMSG-10545]
Action.c(152): web_reg_save_param_regexp started  	[MsgId: MMSG-26355]
Action.c(152): Registering web_reg_save_param_regexp was successful  	[MsgId: MMSG-26390]
Action.c(162): web_custom_request("itinerary.pl") started  	[MsgId: MMSG-26355]
Action.c(162): Warning -35049: No match found for the requested parameter "new_c_cgifields". Check whether the requested regular expression exists in the response data  	[MsgId: MWAR-35049]
Action.c(162): Warning -35049: No match found for the requested parameter "empty_list". Check whether the requested regular expression exists in the response data  	[MsgId: MWAR-35049]
Action.c(162): web_custom_request("itinerary.pl") highest severity level was "warning", 932 body bytes, 255 header bytes, 12 chunking overhead bytes  	[MsgId: MMSG-26387]
Action.c(191): Error: list_flightID_count not 0, but new_c_cgifields_count-1 0-1 and c_cgifields_count 27 do not matches	[MsgId: MERR-17999]
End auto log messages stack.	[MsgId: MMSG-10544]


Start auto log messages stack - Iteration 1.	[MsgId: MMSG-10545]
Action.c(152): web_reg_save_param_regexp started  	[MsgId: MMSG-26355]
Action.c(152): Registering web_reg_save_param_regexp was successful  	[MsgId: MMSG-26390]
Action.c(162): web_custom_request("itinerary.pl") started  	[MsgId: MMSG-26355]
Action.c(162): Warning -35049: No match found for the requested parameter "new_c_cgifields". Check whether the requested regular expression exists in the response data  	[MsgId: MWAR-35049]
Action.c(162): Warning -35049: No match found for the requested parameter "empty_list". Check whether the requested regular expression exists in the response data  	[MsgId: MWAR-35049]
Action.c(162): web_custom_request("itinerary.pl") highest severity level was "warning", 932 body bytes, 255 header bytes, 12 chunking overhead bytes  	[MsgId: MMSG-26387]
Action.c(191): Error: list_flightID_count not 0, but new_c_cgifields_count-1 0-1 and c_cgifields_count 27 do not matches	[MsgId: MERR-17999]
End auto log messages stack.	[MsgId: MMSG-10544]


Start auto log messages stack - Iteration 1.	[MsgId: MMSG-10545]
Action.c(152): web_reg_save_param_regexp started  	[MsgId: MMSG-26355]
Action.c(152): Registering web_reg_save_param_regexp was successful  	[MsgId: MMSG-26390]
Action.c(162): web_custom_request("itinerary.pl") started  	[MsgId: MMSG-26355]
Action.c(162): Warning -35049: No match found for the requested parameter "new_c_cgifields". Check whether the requested regular expression exists in the response data  	[MsgId: MWAR-35049]
Action.c(162): Warning -35049: No match found for the requested parameter "empty_list". Check whether the requested regular expression exists in the response data  	[MsgId: MWAR-35049]
Action.c(162): web_custom_request("itinerary.pl") highest severity level was "warning", 932 body bytes, 255 header bytes, 12 chunking overhead bytes  	[MsgId: MMSG-26387]
Action.c(191): Error: list_flightID_count not 0, but new_c_cgifields_count-1 0-1 and c_cgifields_count 27 do not matches	[MsgId: MERR-17999]
End auto log messages stack.	[MsgId: MMSG-10544]


Start auto log messages stack - Iteration 2.	[MsgId: MMSG-10545]
Action.c(141): web_reg_save_param_regexp started  	[MsgId: MMSG-26355]
Action.c(141): Registering web_reg_save_param_regexp was successful  	[MsgId: MMSG-26390]
Action.c(152): web_reg_save_param_regexp started  	[MsgId: MMSG-26355]
Action.c(152): Registering web_reg_save_param_regexp was successful  	[MsgId: MMSG-26390]
Action.c(162): web_custom_request("itinerary.pl") started  	[MsgId: MMSG-26355]
Action.c(162): Warning -35049: No match found for the requested parameter "empty_list". Check whether the requested regular expression exists in the response data  	[MsgId: MWAR-35049]
Action.c(162): web_custom_request("itinerary.pl") highest severity level was "warning", 29139 body bytes, 255 header bytes, 67 chunking overhead bytes  	[MsgId: MMSG-26387]
Action.c(191): Error: list_flightID_count not 0, but new_c_cgifields_count-1 24-1 and c_cgifields_count 24 do not matches	[MsgId: MERR-17999]
End auto log messages stack.	[MsgId: MMSG-10544]


Start auto log messages stack - Iteration 2.	[MsgId: MMSG-10545]
Action.c(141): web_reg_save_param_regexp started  	[MsgId: MMSG-26355]
Action.c(141): Registering web_reg_save_param_regexp was successful  	[MsgId: MMSG-26390]
Action.c(152): web_reg_save_param_regexp started  	[MsgId: MMSG-26355]
Action.c(152): Registering web_reg_save_param_regexp was successful  	[MsgId: MMSG-26390]
Action.c(162): web_custom_request("itinerary.pl") started  	[MsgId: MMSG-26355]
Action.c(162): Warning -35049: No match found for the requested parameter "empty_list". Check whether the requested regular expression exists in the response data  	[MsgId: MWAR-35049]
Action.c(162): web_custom_request("itinerary.pl") highest severity level was "warning", 29139 body bytes, 255 header bytes, 67 chunking overhead bytes  	[MsgId: MMSG-26387]
Action.c(191): Error: list_flightID_count not 0, but new_c_cgifields_count-1 24-1 and c_cgifields_count 24 do not matches	[MsgId: MERR-17999]
End auto log messages stack.	[MsgId: MMSG-10544]


Start auto log messages stack - Iteration 2.	[MsgId: MMSG-10545]
Action.c(152): web_reg_save_param_regexp started  	[MsgId: MMSG-26355]
Action.c(152): Registering web_reg_save_param_regexp was successful  	[MsgId: MMSG-26390]
Action.c(162): web_custom_request("itinerary.pl") started  	[MsgId: MMSG-26355]
Action.c(162): Warning -35049: No match found for the requested parameter "new_c_cgifields". Check whether the requested regular expression exists in the response data  	[MsgId: MWAR-35049]
Action.c(162): Warning -35049: No match found for the requested parameter "empty_list". Check whether the requested regular expression exists in the response data  	[MsgId: MWAR-35049]
Action.c(162): web_custom_request("itinerary.pl") highest severity level was "warning", 932 body bytes, 255 header bytes, 12 chunking overhead bytes  	[MsgId: MMSG-26387]
Action.c(191): Error: list_flightID_count not 0, but new_c_cgifields_count-1 0-1 and c_cgifields_count 24 do not matches	[MsgId: MERR-17999]
End auto log messages stack.	[MsgId: MMSG-10544]


Start auto log messages stack - Iteration 3.	[MsgId: MMSG-10545]
Action.c(152): web_reg_save_param_regexp started  	[MsgId: MMSG-26355]
Action.c(152): Registering web_reg_save_param_regexp was successful  	[MsgId: MMSG-26390]
Action.c(162): web_custom_request("itinerary.pl") started  	[MsgId: MMSG-26355]
Action.c(162): Warning -35049: No match found for the requested parameter "new_c_cgifields". Check whether the requested regular expression exists in the response data  	[MsgId: MWAR-35049]
Action.c(162): Warning -35049: No match found for the requested parameter "empty_list". Check whether the requested regular expression exists in the response data  	[MsgId: MWAR-35049]
Action.c(162): web_custom_request("itinerary.pl") highest severity level was "warning", 932 body bytes, 255 header bytes, 12 chunking overhead bytes  	[MsgId: MMSG-26387]
Action.c(191): Error: list_flightID_count not 0, but new_c_cgifields_count-1 0-1 and c_cgifields_count 24 do not matches	[MsgId: MERR-17999]
End auto log messages stack.	[MsgId: MMSG-10544]


Start auto log messages stack - Iteration 4.	[MsgId: MMSG-10545]
Action.c(152): web_reg_save_param_regexp started  	[MsgId: MMSG-26355]
Action.c(152): Registering web_reg_save_param_regexp was successful  	[MsgId: MMSG-26390]
Action.c(162): web_custom_request("itinerary.pl") started  	[MsgId: MMSG-26355]
Action.c(162): Warning -35049: No match found for the requested parameter "new_c_cgifields". Check whether the requested regular expression exists in the response data  	[MsgId: MWAR-35049]
Action.c(162): Warning -35049: No match found for the requested parameter "empty_list". Check whether the requested regular expression exists in the response data  	[MsgId: MWAR-35049]
Action.c(162): web_custom_request("itinerary.pl") highest severity level was "warning", 932 body bytes, 255 header bytes, 12 chunking overhead bytes  	[MsgId: MMSG-26387]
Action.c(191): Error: list_flightID_count not 0, but new_c_cgifields_count-1 0-1 and c_cgifields_count 22 do not matches	[MsgId: MERR-17999]
End auto log messages stack.	[MsgId: MMSG-10544]


Start auto log messages stack - Iteration 4.	[MsgId: MMSG-10545]
Action.c(152): web_reg_save_param_regexp started  	[MsgId: MMSG-26355]
Action.c(152): Registering web_reg_save_param_regexp was successful  	[MsgId: MMSG-26390]
Action.c(162): web_custom_request("itinerary.pl") started  	[MsgId: MMSG-26355]
Action.c(162): Warning -35049: No match found for the requested parameter "new_c_cgifields". Check whether the requested regular expression exists in the response data  	[MsgId: MWAR-35049]
Action.c(162): Warning -35049: No match found for the requested parameter "empty_list". Check whether the requested regular expression exists in the response data  	[MsgId: MWAR-35049]
Action.c(162): web_custom_request("itinerary.pl") highest severity level was "warning", 932 body bytes, 255 header bytes, 12 chunking overhead bytes  	[MsgId: MMSG-26387]
Action.c(191): Error: list_flightID_count not 0, but new_c_cgifields_count-1 0-1 and c_cgifields_count 22 do not matches	[MsgId: MERR-17999]
End auto log messages stack.	[MsgId: MMSG-10544]


Start auto log messages stack - Iteration 5.	[MsgId: MMSG-10545]
Action.c(152): web_reg_save_param_regexp started  	[MsgId: MMSG-26355]
Action.c(152): Registering web_reg_save_param_regexp was successful  	[MsgId: MMSG-26390]
Action.c(162): web_custom_request("itinerary.pl") started  	[MsgId: MMSG-26355]
Action.c(162): Warning -35049: No match found for the requested parameter "new_c_cgifields". Check whether the requested regular expression exists in the response data  	[MsgId: MWAR-35049]
Action.c(162): Warning -35049: No match found for the requested parameter "empty_list". Check whether the requested regular expression exists in the response data  	[MsgId: MWAR-35049]
Action.c(162): web_custom_request("itinerary.pl") highest severity level was "warning", 932 body bytes, 255 header bytes, 12 chunking overhead bytes  	[MsgId: MMSG-26387]
Action.c(191): Error: list_flightID_count not 0, but new_c_cgifields_count-1 0-1 and c_cgifields_count 9 do not matches	[MsgId: MERR-17999]
End auto log messages stack.	[MsgId: MMSG-10544]


Start auto log messages stack - Iteration 5.	[MsgId: MMSG-10545]
Action.c(152): web_reg_save_param_regexp started  	[MsgId: MMSG-26355]
Action.c(152): Registering web_reg_save_param_regexp was successful  	[MsgId: MMSG-26390]
Action.c(162): web_custom_request("itinerary.pl") started  	[MsgId: MMSG-26355]
Action.c(162): Warning -35049: No match found for the requested parameter "new_c_cgifields". Check whether the requested regular expression exists in the response data  	[MsgId: MWAR-35049]
Action.c(162): Warning -35049: No match found for the requested parameter "empty_list". Check whether the requested regular expression exists in the response data  	[MsgId: MWAR-35049]
Action.c(162): web_custom_request("itinerary.pl") highest severity level was "warning", 932 body bytes, 255 header bytes, 12 chunking overhead bytes  	[MsgId: MMSG-26387]
Action.c(191): Error: list_flightID_count not 0, but new_c_cgifields_count-1 0-1 and c_cgifields_count 9 do not matches	[MsgId: MERR-17999]
End auto log messages stack.	[MsgId: MMSG-10544]


Start auto log messages stack - Iteration 6.	[MsgId: MMSG-10545]
Action.c(141): web_reg_save_param_regexp started  	[MsgId: MMSG-26355]
Action.c(141): Registering web_reg_save_param_regexp was successful  	[MsgId: MMSG-26390]
Action.c(152): web_reg_save_param_regexp started  	[MsgId: MMSG-26355]
Action.c(152): Registering web_reg_save_param_regexp was successful  	[MsgId: MMSG-26390]
Action.c(162): web_custom_request("itinerary.pl") started  	[MsgId: MMSG-26355]
Action.c(162): Warning -35049: No match found for the requested parameter "empty_list". Check whether the requested regular expression exists in the response data  	[MsgId: MWAR-35049]
Action.c(162): web_custom_request("itinerary.pl") highest severity level was "warning", 9505 body bytes, 255 header bytes, 27 chunking overhead bytes  	[MsgId: MMSG-26387]
Action.c(191): Error: list_flightID_count not 0, but new_c_cgifields_count-1 7-1 and c_cgifields_count 9 do not matches	[MsgId: MERR-17999]
End auto log messages stack.	[MsgId: MMSG-10544]


Start auto log messages stack - Iteration 7.	[MsgId: MMSG-10545]
Action.c(152): web_reg_save_param_regexp started  	[MsgId: MMSG-26355]
Action.c(152): Registering web_reg_save_param_regexp was successful  	[MsgId: MMSG-26390]
Action.c(162): web_custom_request("itinerary.pl") started  	[MsgId: MMSG-26355]
Action.c(162): Warning -35049: No match found for the requested parameter "new_c_cgifields". Check whether the requested regular expression exists in the response data  	[MsgId: MWAR-35049]
Action.c(162): Warning -35049: No match found for the requested parameter "empty_list". Check whether the requested regular expression exists in the response data  	[MsgId: MWAR-35049]
Action.c(162): web_custom_request("itinerary.pl") highest severity level was "warning", 932 body bytes, 255 header bytes, 12 chunking overhead bytes  	[MsgId: MMSG-26387]
Action.c(191): Error: list_flightID_count not 0, but new_c_cgifields_count-1 0-1 and c_cgifields_count 11 do not matches	[MsgId: MERR-17999]
End auto log messages stack.	[MsgId: MMSG-10544]


Start auto log messages stack - Iteration 7.	[MsgId: MMSG-10545]
Action.c(152): web_reg_save_param_regexp started  	[MsgId: MMSG-26355]
Action.c(152): Registering web_reg_save_param_regexp was successful  	[MsgId: MMSG-26390]
Action.c(162): web_custom_request("itinerary.pl") started  	[MsgId: MMSG-26355]
Action.c(162): Warning -35049: No match found for the requested parameter "new_c_cgifields". Check whether the requested regular expression exists in the response data  	[MsgId: MWAR-35049]
Action.c(162): Warning -35049: No match found for the requested parameter "empty_list". Check whether the requested regular expression exists in the response data  	[MsgId: MWAR-35049]
Action.c(162): web_custom_request("itinerary.pl") highest severity level was "warning", 932 body bytes, 255 header bytes, 12 chunking overhead bytes  	[MsgId: MMSG-26387]
Action.c(191): Error: list_flightID_count not 0, but new_c_cgifields_count-1 0-1 and c_cgifields_count 11 do not matches	[MsgId: MERR-17999]
End auto log messages stack.	[MsgId: MMSG-10544]


Start auto log messages stack - Iteration 9.	[MsgId: MMSG-10545]
Action.c(152): web_reg_save_param_regexp started  	[MsgId: MMSG-26355]
Action.c(152): Registering web_reg_save_param_regexp was successful  	[MsgId: MMSG-26390]
Action.c(162): web_custom_request("itinerary.pl") started  	[MsgId: MMSG-26355]
Action.c(162): Warning -35049: No match found for the requested parameter "new_c_cgifields". Check whether the requested regular expression exists in the response data  	[MsgId: MWAR-35049]
Action.c(162): Warning -35049: No match found for the requested parameter "empty_list". Check whether the requested regular expression exists in the response data  	[MsgId: MWAR-35049]
Action.c(162): web_custom_request("itinerary.pl") highest severity level was "warning", 932 body bytes, 255 header bytes, 12 chunking overhead bytes  	[MsgId: MMSG-26387]
Action.c(191): Error: list_flightID_count not 0, but new_c_cgifields_count-1 0-1 and c_cgifields_count 11 do not matches	[MsgId: MERR-17999]
End auto log messages stack.	[MsgId: MMSG-10544]


Start auto log messages stack - Iteration 10.	[MsgId: MMSG-10545]
Action.c(152): web_reg_save_param_regexp started  	[MsgId: MMSG-26355]
Action.c(152): Registering web_reg_save_param_regexp was successful  	[MsgId: MMSG-26390]
Action.c(162): web_custom_request("itinerary.pl") started  	[MsgId: MMSG-26355]
Action.c(162): Warning -35049: No match found for the requested parameter "new_c_cgifields". Check whether the requested regular expression exists in the response data  	[MsgId: MWAR-35049]
Action.c(162): Warning -35049: No match found for the requested parameter "empty_list". Check whether the requested regular expression exists in the response data  	[MsgId: MWAR-35049]
Action.c(162): web_custom_request("itinerary.pl") highest severity level was "warning", 932 body bytes, 255 header bytes, 12 chunking overhead bytes  	[MsgId: MMSG-26387]
Action.c(191): Error: list_flightID_count not 0, but new_c_cgifields_count-1 0-1 and c_cgifields_count 11 do not matches	[MsgId: MERR-17999]
End auto log messages stack.	[MsgId: MMSG-10544]


Start auto log messages stack - Iteration 10.	[MsgId: MMSG-10545]
Action.c(152): web_reg_save_param_regexp started  	[MsgId: MMSG-26355]
Action.c(152): Registering web_reg_save_param_regexp was successful  	[MsgId: MMSG-26390]
Action.c(162): web_custom_request("itinerary.pl") started  	[MsgId: MMSG-26355]
Action.c(162): Warning -35049: No match found for the requested parameter "new_c_cgifields". Check whether the requested regular expression exists in the response data  	[MsgId: MWAR-35049]
Action.c(162): Warning -35049: No match found for the requested parameter "empty_list". Check whether the requested regular expression exists in the response data  	[MsgId: MWAR-35049]
Action.c(162): web_custom_request("itinerary.pl") highest severity level was "warning", 932 body bytes, 255 header bytes, 12 chunking overhead bytes  	[MsgId: MMSG-26387]
Action.c(191): Error: list_flightID_count not 0, but new_c_cgifields_count-1 0-1 and c_cgifields_count 11 do not matches	[MsgId: MERR-17999]
End auto log messages stack.	[MsgId: MMSG-10544]


Start auto log messages stack - Iteration 11.	[MsgId: MMSG-10545]
Action.c(152): web_reg_save_param_regexp started  	[MsgId: MMSG-26355]
Action.c(152): Registering web_reg_save_param_regexp was successful  	[MsgId: MMSG-26390]
Action.c(162): web_custom_request("itinerary.pl") started  	[MsgId: MMSG-26355]
Action.c(162): Warning -35049: No match found for the requested parameter "new_c_cgifields". Check whether the requested regular expression exists in the response data  	[MsgId: MWAR-35049]
Action.c(162): Warning -35049: No match found for the requested parameter "empty_list". Check whether the requested regular expression exists in the response data  	[MsgId: MWAR-35049]
Action.c(162): web_custom_request("itinerary.pl") highest severity level was "warning", 932 body bytes, 255 header bytes, 12 chunking overhead bytes  	[MsgId: MMSG-26387]
Action.c(191): Error: list_flightID_count not 0, but new_c_cgifields_count-1 0-1 and c_cgifields_count 24 do not matches	[MsgId: MERR-17999]
End auto log messages stack.	[MsgId: MMSG-10544]


Start auto log messages stack - Iteration 13.	[MsgId: MMSG-10545]
Action.c(141): web_reg_save_param_regexp started  	[MsgId: MMSG-26355]
Action.c(141): Registering web_reg_save_param_regexp was successful  	[MsgId: MMSG-26390]
Action.c(152): web_reg_save_param_regexp started  	[MsgId: MMSG-26355]
Action.c(152): Registering web_reg_save_param_regexp was successful  	[MsgId: MMSG-26390]
Action.c(162): web_custom_request("itinerary.pl") started  	[MsgId: MMSG-26355]
Action.c(162): Warning -35049: No match found for the requested parameter "empty_list". Check whether the requested regular expression exists in the response data  	[MsgId: MWAR-35049]
Action.c(162): web_custom_request("itinerary.pl") highest severity level was "warning", 23620 body bytes, 255 header bytes, 51 chunking overhead bytes  	[MsgId: MMSG-26387]
Action.c(191): Error: list_flightID_count not 0, but new_c_cgifields_count-1 19-1 and c_cgifields_count 19 do not matches	[MsgId: MERR-17999]
End auto log messages stack.	[MsgId: MMSG-10544]


Start auto log messages stack - Iteration 15.	[MsgId: MMSG-10545]
Action.c(152): web_reg_save_param_regexp started  	[MsgId: MMSG-26355]
Action.c(152): Registering web_reg_save_param_regexp was successful  	[MsgId: MMSG-26390]
Action.c(162): web_custom_request("itinerary.pl") started  	[MsgId: MMSG-26355]
Action.c(162): Warning -35049: No match found for the requested parameter "new_c_cgifields". Check whether the requested regular expression exists in the response data  	[MsgId: MWAR-35049]
Action.c(162): Warning -35049: No match found for the requested parameter "empty_list". Check whether the requested regular expression exists in the response data  	[MsgId: MWAR-35049]
Action.c(162): web_custom_request("itinerary.pl") highest severity level was "warning", 932 body bytes, 255 header bytes, 12 chunking overhead bytes  	[MsgId: MMSG-26387]
Action.c(191): Error: list_flightID_count not 0, but new_c_cgifields_count-1 0-1 and c_cgifields_count 5 do not matches	[MsgId: MERR-17999]
End auto log messages stack.	[MsgId: MMSG-10544]


Start auto log messages stack - Iteration 16.	[MsgId: MMSG-10545]
Action.c(152): web_reg_save_param_regexp started  	[MsgId: MMSG-26355]
Action.c(152): Registering web_reg_save_param_regexp was successful  	[MsgId: MMSG-26390]
Action.c(162): web_custom_request("itinerary.pl") started  	[MsgId: MMSG-26355]
Action.c(162): Warning -35049: No match found for the requested parameter "new_c_cgifields". Check whether the requested regular expression exists in the response data  	[MsgId: MWAR-35049]
Action.c(162): Warning -35049: No match found for the requested parameter "empty_list". Check whether the requested regular expression exists in the response data  	[MsgId: MWAR-35049]
Action.c(162): web_custom_request("itinerary.pl") highest severity level was "warning", 932 body bytes, 255 header bytes, 12 chunking overhead bytes  	[MsgId: MMSG-26387]
Action.c(191): Error: list_flightID_count not 0, but new_c_cgifields_count-1 0-1 and c_cgifields_count 3 do not matches	[MsgId: MERR-17999]
End auto log messages stack.	[MsgId: MMSG-10544]


Start auto log messages stack - Iteration 17.	[MsgId: MMSG-10545]
Action.c(152): web_reg_save_param_regexp started  	[MsgId: MMSG-26355]
Action.c(152): Registering web_reg_save_param_regexp was successful  	[MsgId: MMSG-26390]
Action.c(162): web_custom_request("itinerary.pl") started  	[MsgId: MMSG-26355]
Action.c(162): Warning -35049: No match found for the requested parameter "new_c_cgifields". Check whether the requested regular expression exists in the response data  	[MsgId: MWAR-35049]
Action.c(162): Warning -35049: No match found for the requested parameter "empty_list". Check whether the requested regular expression exists in the response data  	[MsgId: MWAR-35049]
Action.c(162): web_custom_request("itinerary.pl") highest severity level was "warning", 932 body bytes, 255 header bytes, 12 chunking overhead bytes  	[MsgId: MMSG-26387]
Action.c(191): Error: list_flightID_count not 0, but new_c_cgifields_count-1 0-1 and c_cgifields_count 7 do not matches	[MsgId: MERR-17999]
End auto log messages stack.	[MsgId: MMSG-10544]


Start auto log messages stack - Iteration 18.	[MsgId: MMSG-10545]
Action.c(141): web_reg_save_param_regexp started  	[MsgId: MMSG-26355]
Action.c(141): Registering web_reg_save_param_regexp was successful  	[MsgId: MMSG-26390]
Action.c(152): web_reg_save_param_regexp started  	[MsgId: MMSG-26355]
Action.c(152): Registering web_reg_save_param_regexp was successful  	[MsgId: MMSG-26390]
Action.c(162): web_custom_request("itinerary.pl") started  	[MsgId: MMSG-26355]
Action.c(162): Warning -35049: No match found for the requested parameter "empty_list". Check whether the requested regular expression exists in the response data  	[MsgId: MWAR-35049]
Action.c(162): web_custom_request("itinerary.pl") highest severity level was "warning", 4941 body bytes, 255 header bytes, 19 chunking overhead bytes  	[MsgId: MMSG-26387]
Action.c(191): Error: list_flightID_count not 0, but new_c_cgifields_count-1 3-1 and c_cgifields_count 5 do not matches	[MsgId: MERR-17999]
End auto log messages stack.	[MsgId: MMSG-10544]


