Start auto log messages stack - Iteration 1.	[MsgId: MMSG-10545]
Start auto log messages stack - Iteration 1.	[MsgId: MMSG-10545]
Action.c(152): web_reg_save_param_regexp started  	[MsgId: MMSG-26355]
Action.c(152): Registering web_reg_save_param_regexp was successful  	[MsgId: MMSG-26390]
Action.c(152): web_reg_save_param_regexp started  	[MsgId: MMSG-26355]
Action.c(162): web_custom_request("itinerary.pl") started  	[MsgId: MMSG-26355]
Action.c(152): Registering web_reg_save_param_regexp was successful  	[MsgId: MMSG-26390]
Action.c(162): Warning -35049: No match found for the requested parameter "new_c_cgifields". Check whether the requested regular expression exists in the response data  	[MsgId: MWAR-35049]
Action.c(162): Warning -35049: No match found for the requested parameter "empty_list". Check whether the requested regular expression exists in the response data  	[MsgId: MWAR-35049]
Action.c(162): web_custom_request("itinerary.pl") highest severity level was "warning", 932 body bytes, 255 header bytes, 12 chunking overhead bytes  	[MsgId: MMSG-26387]
Action.c(191): Error: list_flightID_count not 0, but new_c_cgifields_count-1 and c_cgifields_count do not matches	[MsgId: MERR-17999]
End auto log messages stack.	[MsgId: MMSG-10544]


Action.c(162): web_custom_request("itinerary.pl") started  	[MsgId: MMSG-26355]
Action.c(162): Warning -35049: No match found for the requested parameter "new_c_cgifields". Check whether the requested regular expression exists in the response data  	[MsgId: MWAR-35049]
Action.c(162): Warning -35049: No match found for the requested parameter "empty_list". Check whether the requested regular expression exists in the response data  	[MsgId: MWAR-35049]
Action.c(162): web_custom_request("itinerary.pl") highest severity level was "warning", 932 body bytes, 255 header bytes, 12 chunking overhead bytes  	[MsgId: MMSG-26387]
Action.c(191): Error: list_flightID_count not 0, but new_c_cgifields_count-1 and c_cgifields_count do not matches	[MsgId: MERR-17999]
End auto log messages stack.	[MsgId: MMSG-10544]


Start auto log messages stack - Iteration 1.	[MsgId: MMSG-10545]
Action.c(152): web_reg_save_param_regexp started  	[MsgId: MMSG-26355]
Action.c(152): Registering web_reg_save_param_regexp was successful  	[MsgId: MMSG-26390]
Action.c(162): web_custom_request("itinerary.pl") started  	[MsgId: MMSG-26355]
Action.c(162): Warning -35049: No match found for the requested parameter "new_c_cgifields". Check whether the requested regular expression exists in the response data  	[MsgId: MWAR-35049]
Action.c(162): Warning -35049: No match found for the requested parameter "empty_list". Check whether the requested regular expression exists in the response data  	[MsgId: MWAR-35049]
Action.c(162): web_custom_request("itinerary.pl") highest severity level was "warning", 932 body bytes, 255 header bytes, 12 chunking overhead bytes  	[MsgId: MMSG-26387]
Action.c(191): Error: list_flightID_count not 0, but new_c_cgifields_count-1 and c_cgifields_count do not matches	[MsgId: MERR-17999]
End auto log messages stack.	[MsgId: MMSG-10544]


Start auto log messages stack - Iteration 2.	[MsgId: MMSG-10545]
Action.c(152): web_reg_save_param_regexp started  	[MsgId: MMSG-26355]
Action.c(152): Registering web_reg_save_param_regexp was successful  	[MsgId: MMSG-26390]
Action.c(162): web_custom_request("itinerary.pl") started  	[MsgId: MMSG-26355]
Action.c(162): Warning -35049: No match found for the requested parameter "new_c_cgifields". Check whether the requested regular expression exists in the response data  	[MsgId: MWAR-35049]
Action.c(162): Warning -35049: No match found for the requested parameter "empty_list". Check whether the requested regular expression exists in the response data  	[MsgId: MWAR-35049]
Action.c(162): web_custom_request("itinerary.pl") highest severity level was "warning", 932 body bytes, 255 header bytes, 12 chunking overhead bytes  	[MsgId: MMSG-26387]
Action.c(191): Error: list_flightID_count not 0, but new_c_cgifields_count-1 and c_cgifields_count do not matches	[MsgId: MERR-17999]
End auto log messages stack.	[MsgId: MMSG-10544]


Start auto log messages stack - Iteration 2.	[MsgId: MMSG-10545]
Action.c(152): web_reg_save_param_regexp started  	[MsgId: MMSG-26355]
Action.c(152): Registering web_reg_save_param_regexp was successful  	[MsgId: MMSG-26390]
Action.c(162): web_custom_request("itinerary.pl") started  	[MsgId: MMSG-26355]
Action.c(162): Warning -35049: No match found for the requested parameter "new_c_cgifields". Check whether the requested regular expression exists in the response data  	[MsgId: MWAR-35049]
Action.c(162): Warning -35049: No match found for the requested parameter "empty_list". Check whether the requested regular expression exists in the response data  	[MsgId: MWAR-35049]
Action.c(162): web_custom_request("itinerary.pl") highest severity level was "warning", 932 body bytes, 255 header bytes, 12 chunking overhead bytes  	[MsgId: MMSG-26387]
Action.c(191): Error: list_flightID_count not 0, but new_c_cgifields_count-1 and c_cgifields_count do not matches	[MsgId: MERR-17999]
End auto log messages stack.	[MsgId: MMSG-10544]


Start auto log messages stack - Iteration 3.	[MsgId: MMSG-10545]
Action.c(152): web_reg_save_param_regexp started  	[MsgId: MMSG-26355]
Action.c(152): Registering web_reg_save_param_regexp was successful  	[MsgId: MMSG-26390]
Action.c(162): web_custom_request("itinerary.pl") started  	[MsgId: MMSG-26355]
Action.c(162): Warning -35049: No match found for the requested parameter "new_c_cgifields". Check whether the requested regular expression exists in the response data  	[MsgId: MWAR-35049]
Action.c(162): Warning -35049: No match found for the requested parameter "empty_list". Check whether the requested regular expression exists in the response data  	[MsgId: MWAR-35049]
Action.c(162): web_custom_request("itinerary.pl") highest severity level was "warning", 932 body bytes, 255 header bytes, 12 chunking overhead bytes  	[MsgId: MMSG-26387]
Action.c(191): Error: list_flightID_count not 0, but new_c_cgifields_count-1 and c_cgifields_count do not matches	[MsgId: MERR-17999]
End auto log messages stack.	[MsgId: MMSG-10544]


Start auto log messages stack - Iteration 4.	[MsgId: MMSG-10545]
Action.c(141): web_reg_save_param_regexp started  	[MsgId: MMSG-26355]
Action.c(141): Registering web_reg_save_param_regexp was successful  	[MsgId: MMSG-26390]
Action.c(152): web_reg_save_param_regexp started  	[MsgId: MMSG-26355]
Action.c(152): Registering web_reg_save_param_regexp was successful  	[MsgId: MMSG-26390]
Action.c(162): web_custom_request("itinerary.pl") started  	[MsgId: MMSG-26355]
Action.c(162): Warning -35049: No match found for the requested parameter "empty_list". Check whether the requested regular expression exists in the response data  	[MsgId: MWAR-35049]
Action.c(162): web_custom_request("itinerary.pl") highest severity level was "warning", 13035 body bytes, 255 header bytes, 35 chunking overhead bytes  	[MsgId: MMSG-26387]
Action.c(191): Error: list_flightID_count not 0, but new_c_cgifields_count-1 and c_cgifields_count do not matches	[MsgId: MERR-17999]
End auto log messages stack.	[MsgId: MMSG-10544]


Start auto log messages stack - Iteration 5.	[MsgId: MMSG-10545]
Action.c(152): web_reg_save_param_regexp started  	[MsgId: MMSG-26355]
Action.c(152): Registering web_reg_save_param_regexp was successful  	[MsgId: MMSG-26390]
Action.c(162): web_custom_request("itinerary.pl") started  	[MsgId: MMSG-26355]
Action.c(162): Warning -35049: No match found for the requested parameter "new_c_cgifields". Check whether the requested regular expression exists in the response data  	[MsgId: MWAR-35049]
Action.c(162): Warning -35049: No match found for the requested parameter "empty_list". Check whether the requested regular expression exists in the response data  	[MsgId: MWAR-35049]
Action.c(162): web_custom_request("itinerary.pl") highest severity level was "warning", 932 body bytes, 255 header bytes, 12 chunking overhead bytes  	[MsgId: MMSG-26387]
Action.c(191): Error: list_flightID_count not 0, but new_c_cgifields_count-1 and c_cgifields_count do not matches	[MsgId: MERR-17999]
End auto log messages stack.	[MsgId: MMSG-10544]


Start auto log messages stack - Iteration 4.	[MsgId: MMSG-10545]
Action.c(96): Detected non-resource "http://localhost:1080/cgi-bin/itinerary.pl" in "http://localhost:1080/cgi-bin/welcome.pl?page=itinerary"  	[MsgId: MMSG-26574]
Action.c(96): Resource "http://localhost:1080/WebTours/images/flights.gif" is in the cache already and will not be downloaded again  	[MsgId: MMSG-26655]
Action.c(96): Found resource "http://localhost:1080/WebTours/images/in_itinerary.gif" in HTML "http://localhost:1080/cgi-bin/nav.pl?page=menu&in=itinerary"  	[MsgId: MMSG-26659]
Action.c(96): Found resource "http://localhost:1080/WebTours/images/home.gif" in HTML "http://localhost:1080/cgi-bin/nav.pl?page=menu&in=itinerary"  	[MsgId: MMSG-26659]
Action.c(96): Resource "http://localhost:1080/WebTours/images/signoff.gif" is in the cache already and will not be downloaded again  	[MsgId: MMSG-26655]
Action.c(96): Error -26612: HTTP Status-Code=500 (Internal Server Error) for "http://localhost:1080/cgi-bin/itinerary.pl"  	[MsgId: MERR-26612]
End auto log messages stack.	[MsgId: MMSG-10544]


Start auto log messages stack - Iteration 6.	[MsgId: MMSG-10545]
Action.c(141): web_reg_save_param_regexp started  	[MsgId: MMSG-26355]
Action.c(141): Registering web_reg_save_param_regexp was successful  	[MsgId: MMSG-26390]
Action.c(152): web_reg_save_param_regexp started  	[MsgId: MMSG-26355]
Action.c(152): Registering web_reg_save_param_regexp was successful  	[MsgId: MMSG-26390]
Action.c(162): web_custom_request("itinerary.pl") started  	[MsgId: MMSG-26355]
Action.c(162): Warning -35049: No match found for the requested parameter "empty_list". Check whether the requested regular expression exists in the response data  	[MsgId: MWAR-35049]
Action.c(162): web_custom_request("itinerary.pl") highest severity level was "warning", 4915 body bytes, 255 header bytes, 19 chunking overhead bytes  	[MsgId: MMSG-26387]
Action.c(191): Error: list_flightID_count not 0, but new_c_cgifields_count-1 and c_cgifields_count do not matches	[MsgId: MERR-17999]
End auto log messages stack.	[MsgId: MMSG-10544]


Start auto log messages stack - Iteration 6.	[MsgId: MMSG-10545]
Action.c(141): web_reg_save_param_regexp started  	[MsgId: MMSG-26355]
Action.c(141): Registering web_reg_save_param_regexp was successful  	[MsgId: MMSG-26390]
Action.c(152): web_reg_save_param_regexp started  	[MsgId: MMSG-26355]
Action.c(152): Registering web_reg_save_param_regexp was successful  	[MsgId: MMSG-26390]
Action.c(162): web_custom_request("itinerary.pl") started  	[MsgId: MMSG-26355]
Action.c(162): Warning -35049: No match found for the requested parameter "empty_list". Check whether the requested regular expression exists in the response data  	[MsgId: MWAR-35049]
Action.c(162): web_custom_request("itinerary.pl") highest severity level was "warning", 4915 body bytes, 255 header bytes, 19 chunking overhead bytes  	[MsgId: MMSG-26387]
Action.c(191): Error: list_flightID_count not 0, but new_c_cgifields_count-1 and c_cgifields_count do not matches	[MsgId: MERR-17999]
End auto log messages stack.	[MsgId: MMSG-10544]


Start auto log messages stack - Iteration 7.	[MsgId: MMSG-10545]
Action.c(152): web_reg_save_param_regexp started  	[MsgId: MMSG-26355]
Action.c(152): Registering web_reg_save_param_regexp was successful  	[MsgId: MMSG-26390]
Action.c(162): web_custom_request("itinerary.pl") started  	[MsgId: MMSG-26355]
Action.c(162): Warning -35049: No match found for the requested parameter "new_c_cgifields". Check whether the requested regular expression exists in the response data  	[MsgId: MWAR-35049]
Action.c(162): Warning -35049: No match found for the requested parameter "empty_list". Check whether the requested regular expression exists in the response data  	[MsgId: MWAR-35049]
Action.c(162): web_custom_request("itinerary.pl") highest severity level was "warning", 932 body bytes, 255 header bytes, 12 chunking overhead bytes  	[MsgId: MMSG-26387]
Action.c(191): Error: list_flightID_count not 0, but new_c_cgifields_count-1 and c_cgifields_count do not matches	[MsgId: MERR-17999]
End auto log messages stack.	[MsgId: MMSG-10544]


Start auto log messages stack - Iteration 8.	[MsgId: MMSG-10545]
Action.c(152): web_reg_save_param_regexp started  	[MsgId: MMSG-26355]
Action.c(152): Registering web_reg_save_param_regexp was successful  	[MsgId: MMSG-26390]
Action.c(162): web_custom_request("itinerary.pl") started  	[MsgId: MMSG-26355]
Action.c(162): Warning -35049: No match found for the requested parameter "new_c_cgifields". Check whether the requested regular expression exists in the response data  	[MsgId: MWAR-35049]
Action.c(162): Warning -35049: No match found for the requested parameter "empty_list". Check whether the requested regular expression exists in the response data  	[MsgId: MWAR-35049]
Action.c(162): web_custom_request("itinerary.pl") highest severity level was "warning", 932 body bytes, 255 header bytes, 12 chunking overhead bytes  	[MsgId: MMSG-26387]
Action.c(191): Error: list_flightID_count not 0, but new_c_cgifields_count-1 and c_cgifields_count do not matches	[MsgId: MERR-17999]
End auto log messages stack.	[MsgId: MMSG-10544]


Start auto log messages stack - Iteration 8.	[MsgId: MMSG-10545]
Action.c(152): web_reg_save_param_regexp started  	[MsgId: MMSG-26355]
Action.c(152): Registering web_reg_save_param_regexp was successful  	[MsgId: MMSG-26390]
Action.c(162): web_custom_request("itinerary.pl") started  	[MsgId: MMSG-26355]
Action.c(162): Warning -35049: No match found for the requested parameter "new_c_cgifields". Check whether the requested regular expression exists in the response data  	[MsgId: MWAR-35049]
Action.c(162): Warning -35049: No match found for the requested parameter "empty_list". Check whether the requested regular expression exists in the response data  	[MsgId: MWAR-35049]
Action.c(162): web_custom_request("itinerary.pl") highest severity level was "warning", 932 body bytes, 255 header bytes, 12 chunking overhead bytes  	[MsgId: MMSG-26387]
Action.c(191): Error: list_flightID_count not 0, but new_c_cgifields_count-1 and c_cgifields_count do not matches	[MsgId: MERR-17999]
End auto log messages stack.	[MsgId: MMSG-10544]


Start auto log messages stack - Iteration 9.	[MsgId: MMSG-10545]
Action.c(152): web_reg_save_param_regexp started  	[MsgId: MMSG-26355]
Action.c(152): Registering web_reg_save_param_regexp was successful  	[MsgId: MMSG-26390]
Action.c(162): web_custom_request("itinerary.pl") started  	[MsgId: MMSG-26355]
Action.c(162): Warning -35049: No match found for the requested parameter "new_c_cgifields". Check whether the requested regular expression exists in the response data  	[MsgId: MWAR-35049]
Action.c(162): Warning -35049: No match found for the requested parameter "empty_list". Check whether the requested regular expression exists in the response data  	[MsgId: MWAR-35049]
Action.c(162): web_custom_request("itinerary.pl") highest severity level was "warning", 932 body bytes, 255 header bytes, 12 chunking overhead bytes  	[MsgId: MMSG-26387]
Action.c(191): Error: list_flightID_count not 0, but new_c_cgifields_count-1 and c_cgifields_count do not matches	[MsgId: MERR-17999]
End auto log messages stack.	[MsgId: MMSG-10544]


Start auto log messages stack - Iteration 10.	[MsgId: MMSG-10545]
Action.c(152): web_reg_save_param_regexp started  	[MsgId: MMSG-26355]
Action.c(152): Registering web_reg_save_param_regexp was successful  	[MsgId: MMSG-26390]
Action.c(162): web_custom_request("itinerary.pl") started  	[MsgId: MMSG-26355]
Action.c(162): Warning -35049: No match found for the requested parameter "new_c_cgifields". Check whether the requested regular expression exists in the response data  	[MsgId: MWAR-35049]
Action.c(162): Warning -35049: No match found for the requested parameter "empty_list". Check whether the requested regular expression exists in the response data  	[MsgId: MWAR-35049]
Action.c(162): web_custom_request("itinerary.pl") highest severity level was "warning", 932 body bytes, 255 header bytes, 12 chunking overhead bytes  	[MsgId: MMSG-26387]
Action.c(191): Error: list_flightID_count not 0, but new_c_cgifields_count-1 and c_cgifields_count do not matches	[MsgId: MERR-17999]
End auto log messages stack.	[MsgId: MMSG-10544]


Start auto log messages stack - Iteration 10.	[MsgId: MMSG-10545]
Action.c(152): web_reg_save_param_regexp started  	[MsgId: MMSG-26355]
Action.c(152): Registering web_reg_save_param_regexp was successful  	[MsgId: MMSG-26390]
Action.c(162): web_custom_request("itinerary.pl") started  	[MsgId: MMSG-26355]
Action.c(162): Warning -35049: No match found for the requested parameter "new_c_cgifields". Check whether the requested regular expression exists in the response data  	[MsgId: MWAR-35049]
Action.c(162): Warning -35049: No match found for the requested parameter "empty_list". Check whether the requested regular expression exists in the response data  	[MsgId: MWAR-35049]
Action.c(162): web_custom_request("itinerary.pl") highest severity level was "warning", 932 body bytes, 255 header bytes, 12 chunking overhead bytes  	[MsgId: MMSG-26387]
Action.c(191): Error: list_flightID_count not 0, but new_c_cgifields_count-1 and c_cgifields_count do not matches	[MsgId: MERR-17999]
End auto log messages stack.	[MsgId: MMSG-10544]


Start auto log messages stack - Iteration 11.	[MsgId: MMSG-10545]
Action.c(152): web_reg_save_param_regexp started  	[MsgId: MMSG-26355]
Action.c(152): Registering web_reg_save_param_regexp was successful  	[MsgId: MMSG-26390]
Action.c(162): web_custom_request("itinerary.pl") started  	[MsgId: MMSG-26355]
Action.c(162): Warning -35049: No match found for the requested parameter "new_c_cgifields". Check whether the requested regular expression exists in the response data  	[MsgId: MWAR-35049]
Action.c(162): Warning -35049: No match found for the requested parameter "empty_list". Check whether the requested regular expression exists in the response data  	[MsgId: MWAR-35049]
Action.c(162): web_custom_request("itinerary.pl") highest severity level was "warning", 932 body bytes, 255 header bytes, 12 chunking overhead bytes  	[MsgId: MMSG-26387]
Action.c(191): Error: list_flightID_count not 0, but new_c_cgifields_count-1 and c_cgifields_count do not matches	[MsgId: MERR-17999]
End auto log messages stack.	[MsgId: MMSG-10544]


Start auto log messages stack - Iteration 12.	[MsgId: MMSG-10545]
Action.c(152): web_reg_save_param_regexp started  	[MsgId: MMSG-26355]
Action.c(152): Registering web_reg_save_param_regexp was successful  	[MsgId: MMSG-26390]
Action.c(162): web_custom_request("itinerary.pl") started  	[MsgId: MMSG-26355]
Action.c(162): Warning -35049: No match found for the requested parameter "new_c_cgifields". Check whether the requested regular expression exists in the response data  	[MsgId: MWAR-35049]
Action.c(162): Warning -35049: No match found for the requested parameter "empty_list". Check whether the requested regular expression exists in the response data  	[MsgId: MWAR-35049]
Action.c(162): web_custom_request("itinerary.pl") highest severity level was "warning", 932 body bytes, 255 header bytes, 12 chunking overhead bytes  	[MsgId: MMSG-26387]
Action.c(191): Error: list_flightID_count not 0, but new_c_cgifields_count-1 and c_cgifields_count do not matches	[MsgId: MERR-17999]
End auto log messages stack.	[MsgId: MMSG-10544]


Start auto log messages stack - Iteration 13.	[MsgId: MMSG-10545]
Action.c(152): web_reg_save_param_regexp started  	[MsgId: MMSG-26355]
Action.c(152): Registering web_reg_save_param_regexp was successful  	[MsgId: MMSG-26390]
Action.c(162): web_custom_request("itinerary.pl") started  	[MsgId: MMSG-26355]
Action.c(162): Warning -35049: No match found for the requested parameter "new_c_cgifields". Check whether the requested regular expression exists in the response data  	[MsgId: MWAR-35049]
Action.c(162): Warning -35049: No match found for the requested parameter "empty_list". Check whether the requested regular expression exists in the response data  	[MsgId: MWAR-35049]
Action.c(162): web_custom_request("itinerary.pl") highest severity level was "warning", 932 body bytes, 255 header bytes, 12 chunking overhead bytes  	[MsgId: MMSG-26387]
Action.c(191): Error: list_flightID_count not 0, but new_c_cgifields_count-1 and c_cgifields_count do not matches	[MsgId: MERR-17999]
End auto log messages stack.	[MsgId: MMSG-10544]


Start auto log messages stack - Iteration 13.	[MsgId: MMSG-10545]
Action.c(152): web_reg_save_param_regexp started  	[MsgId: MMSG-26355]
Action.c(152): Registering web_reg_save_param_regexp was successful  	[MsgId: MMSG-26390]
Action.c(162): web_custom_request("itinerary.pl") started  	[MsgId: MMSG-26355]
Action.c(162): Warning -35049: No match found for the requested parameter "new_c_cgifields". Check whether the requested regular expression exists in the response data  	[MsgId: MWAR-35049]
Action.c(162): Warning -35049: No match found for the requested parameter "empty_list". Check whether the requested regular expression exists in the response data  	[MsgId: MWAR-35049]
Action.c(162): web_custom_request("itinerary.pl") highest severity level was "warning", 932 body bytes, 255 header bytes, 12 chunking overhead bytes  	[MsgId: MMSG-26387]
Action.c(191): Error: list_flightID_count not 0, but new_c_cgifields_count-1 and c_cgifields_count do not matches	[MsgId: MERR-17999]
End auto log messages stack.	[MsgId: MMSG-10544]


Start auto log messages stack - Iteration 15.	[MsgId: MMSG-10545]
Action.c(96): Resource "http://localhost:1080/WebTours/images/signoff.gif" is in the cache already and will not be downloaded again  	[MsgId: MMSG-26655]
Action.c(96): Warning -35049: No match found for the requested parameter "list_flightID". Check whether the requested regular expression exists in the response data  	[MsgId: MWAR-35049]
Action.c(96): Warning -35049: No match found for the requested parameter "c_cgifields". Check whether the requested regular expression exists in the response data  	[MsgId: MWAR-35049]
Action.c(96): web_url("Itinerary Button") highest severity level was "warning", 4381 body bytes, 1319 header bytes, 36 chunking overhead bytes  	[MsgId: MMSG-26387]
Action.c(207): Error: Intineraries list empty, no data to delete	[MsgId: MERR-17999]
End auto log messages stack.	[MsgId: MMSG-10544]


Start auto log messages stack - Iteration 16.	[MsgId: MMSG-10545]
Action.c(96): Resource "http://localhost:1080/WebTours/images/signoff.gif" is in the cache already and will not be downloaded again  	[MsgId: MMSG-26655]
Action.c(96): Warning -35049: No match found for the requested parameter "list_flightID". Check whether the requested regular expression exists in the response data  	[MsgId: MWAR-35049]
Action.c(96): Warning -35049: No match found for the requested parameter "c_cgifields". Check whether the requested regular expression exists in the response data  	[MsgId: MWAR-35049]
Action.c(96): web_url("Itinerary Button") highest severity level was "warning", 4381 body bytes, 1319 header bytes, 36 chunking overhead bytes  	[MsgId: MMSG-26387]
Action.c(207): Error: Intineraries list empty, no data to delete	[MsgId: MERR-17999]
End auto log messages stack.	[MsgId: MMSG-10544]


Start auto log messages stack - Iteration 16.	[MsgId: MMSG-10545]
Action.c(96): Resource "http://localhost:1080/WebTours/images/signoff.gif" is in the cache already and will not be downloaded again  	[MsgId: MMSG-26655]
Action.c(96): Warning -35049: No match found for the requested parameter "list_flightID". Check whether the requested regular expression exists in the response data  	[MsgId: MWAR-35049]
Action.c(96): Warning -35049: No match found for the requested parameter "c_cgifields". Check whether the requested regular expression exists in the response data  	[MsgId: MWAR-35049]
Action.c(96): web_url("Itinerary Button") highest severity level was "warning", 4381 body bytes, 1319 header bytes, 36 chunking overhead bytes  	[MsgId: MMSG-26387]
Action.c(207): Error: Intineraries list empty, no data to delete	[MsgId: MERR-17999]
End auto log messages stack.	[MsgId: MMSG-10544]


Start auto log messages stack - Iteration 17.	[MsgId: MMSG-10545]
Action.c(152): web_reg_save_param_regexp started  	[MsgId: MMSG-26355]
Action.c(152): Registering web_reg_save_param_regexp was successful  	[MsgId: MMSG-26390]
Action.c(162): web_custom_request("itinerary.pl") started  	[MsgId: MMSG-26355]
Action.c(162): Warning -35049: No match found for the requested parameter "new_c_cgifields". Check whether the requested regular expression exists in the response data  	[MsgId: MWAR-35049]
Action.c(162): Warning -35049: No match found for the requested parameter "empty_list". Check whether the requested regular expression exists in the response data  	[MsgId: MWAR-35049]
Action.c(162): web_custom_request("itinerary.pl") highest severity level was "warning", 932 body bytes, 255 header bytes, 12 chunking overhead bytes  	[MsgId: MMSG-26387]
Action.c(191): Error: list_flightID_count not 0, but new_c_cgifields_count-1 and c_cgifields_count do not matches	[MsgId: MERR-17999]
End auto log messages stack.	[MsgId: MMSG-10544]


Start auto log messages stack - Iteration 17.	[MsgId: MMSG-10545]
Action.c(152): web_reg_save_param_regexp started  	[MsgId: MMSG-26355]
Action.c(152): Registering web_reg_save_param_regexp was successful  	[MsgId: MMSG-26390]
Action.c(162): web_custom_request("itinerary.pl") started  	[MsgId: MMSG-26355]
Action.c(162): Warning -35049: No match found for the requested parameter "new_c_cgifields". Check whether the requested regular expression exists in the response data  	[MsgId: MWAR-35049]
Action.c(162): Warning -35049: No match found for the requested parameter "empty_list". Check whether the requested regular expression exists in the response data  	[MsgId: MWAR-35049]
Action.c(162): web_custom_request("itinerary.pl") highest severity level was "warning", 932 body bytes, 255 header bytes, 12 chunking overhead bytes  	[MsgId: MMSG-26387]
Action.c(191): Error: list_flightID_count not 0, but new_c_cgifields_count-1 and c_cgifields_count do not matches	[MsgId: MERR-17999]
End auto log messages stack.	[MsgId: MMSG-10544]


Start auto log messages stack - Iteration 17.	[MsgId: MMSG-10545]
Action.c(152): web_reg_save_param_regexp started  	[MsgId: MMSG-26355]
Action.c(152): Registering web_reg_save_param_regexp was successful  	[MsgId: MMSG-26390]
Action.c(162): web_custom_request("itinerary.pl") started  	[MsgId: MMSG-26355]
Action.c(162): Warning -35049: No match found for the requested parameter "new_c_cgifields". Check whether the requested regular expression exists in the response data  	[MsgId: MWAR-35049]
Action.c(162): Warning -35049: No match found for the requested parameter "empty_list". Check whether the requested regular expression exists in the response data  	[MsgId: MWAR-35049]
Action.c(162): web_custom_request("itinerary.pl") highest severity level was "warning", 932 body bytes, 255 header bytes, 12 chunking overhead bytes  	[MsgId: MMSG-26387]
Action.c(191): Error: list_flightID_count not 0, but new_c_cgifields_count-1 and c_cgifields_count do not matches	[MsgId: MERR-17999]
End auto log messages stack.	[MsgId: MMSG-10544]


Start auto log messages stack - Iteration 18.	[MsgId: MMSG-10545]
Action.c(152): web_reg_save_param_regexp started  	[MsgId: MMSG-26355]
Action.c(152): Registering web_reg_save_param_regexp was successful  	[MsgId: MMSG-26390]
Action.c(162): web_custom_request("itinerary.pl") started  	[MsgId: MMSG-26355]
Action.c(162): Warning -35049: No match found for the requested parameter "new_c_cgifields". Check whether the requested regular expression exists in the response data  	[MsgId: MWAR-35049]
Action.c(162): Warning -35049: No match found for the requested parameter "empty_list". Check whether the requested regular expression exists in the response data  	[MsgId: MWAR-35049]
Action.c(162): web_custom_request("itinerary.pl") highest severity level was "warning", 932 body bytes, 255 header bytes, 12 chunking overhead bytes  	[MsgId: MMSG-26387]
Action.c(191): Error: list_flightID_count not 0, but new_c_cgifields_count-1 and c_cgifields_count do not matches	[MsgId: MERR-17999]
End auto log messages stack.	[MsgId: MMSG-10544]


Start auto log messages stack - Iteration 15.	[MsgId: MMSG-10545]
Action.c(96): Resource "http://localhost:1080/WebTours/images/signoff.gif" is in the cache already and will not be downloaded again  	[MsgId: MMSG-26655]
Action.c(96): Warning -35049: No match found for the requested parameter "list_flightID". Check whether the requested regular expression exists in the response data  	[MsgId: MWAR-35049]
Action.c(96): Warning -35049: No match found for the requested parameter "c_cgifields". Check whether the requested regular expression exists in the response data  	[MsgId: MWAR-35049]
Action.c(96): web_url("Itinerary Button") highest severity level was "warning", 4381 body bytes, 1319 header bytes, 36 chunking overhead bytes  	[MsgId: MMSG-26387]
Action.c(207): Error: Intineraries list empty, no data to delete	[MsgId: MERR-17999]
End auto log messages stack.	[MsgId: MMSG-10544]


