Start auto log messages stack - Iteration 1.	[MsgId: MMSG-10545]
Action.c(155): web_reg_save_param_regexp started  	[MsgId: MMSG-26355]
Action.c(155): Registering web_reg_save_param_regexp was successful  	[MsgId: MMSG-26390]
Action.c(165): web_custom_request("itinerary.pl") started  	[MsgId: MMSG-26355]
Action.c(165): Warning -35049: No match found for the requested parameter "new_c_cgifields". Check whether the requested regular expression exists in the response data  	[MsgId: MWAR-35049]
Action.c(165): Warning -35049: No match found for the requested parameter "empty_list". Check whether the requested regular expression exists in the response data  	[MsgId: MWAR-35049]
Action.c(165): web_custom_request("itinerary.pl") highest severity level was "warning", 932 body bytes, 256 header bytes, 12 chunking overhead bytes  	[MsgId: MMSG-26387]
Action.c(195): Error: list_flightID_count not 0, but new_c_cgifields_count+1 0+1 and c_cgifields_count 30 do not matches	[MsgId: MERR-17999]
End auto log messages stack.	[MsgId: MMSG-10544]


Start auto log messages stack - Iteration 12.	[MsgId: MMSG-10545]
Action.c(155): web_reg_save_param_regexp started  	[MsgId: MMSG-26355]
Action.c(155): Registering web_reg_save_param_regexp was successful  	[MsgId: MMSG-26390]
Action.c(165): web_custom_request("itinerary.pl") started  	[MsgId: MMSG-26355]
Action.c(165): Warning -35049: No match found for the requested parameter "new_c_cgifields". Check whether the requested regular expression exists in the response data  	[MsgId: MWAR-35049]
Action.c(165): Warning -35049: No match found for the requested parameter "empty_list". Check whether the requested regular expression exists in the response data  	[MsgId: MWAR-35049]
Action.c(165): web_custom_request("itinerary.pl") highest severity level was "warning", 932 body bytes, 256 header bytes, 12 chunking overhead bytes  	[MsgId: MMSG-26387]
Action.c(195): Error: list_flightID_count not 0, but new_c_cgifields_count+1 0+1 and c_cgifields_count 18 do not matches	[MsgId: MERR-17999]
End auto log messages stack.	[MsgId: MMSG-10544]


Start auto log messages stack - Iteration 1.	[MsgId: MMSG-10545]
Action.c(155): web_reg_save_param_regexp started  	[MsgId: MMSG-26355]
Action.c(155): Registering web_reg_save_param_regexp was successful  	[MsgId: MMSG-26390]
Action.c(165): web_custom_request("itinerary.pl") started  	[MsgId: MMSG-26355]
Action.c(165): Warning -35049: No match found for the requested parameter "new_c_cgifields". Check whether the requested regular expression exists in the response data  	[MsgId: MWAR-35049]
Action.c(165): Warning -35049: No match found for the requested parameter "empty_list". Check whether the requested regular expression exists in the response data  	[MsgId: MWAR-35049]
Action.c(165): web_custom_request("itinerary.pl") highest severity level was "warning", 932 body bytes, 256 header bytes, 12 chunking overhead bytes  	[MsgId: MMSG-26387]
Action.c(195): Error: list_flightID_count not 0, but new_c_cgifields_count+1 0+1 and c_cgifields_count 40 do not matches	[MsgId: MERR-17999]
End auto log messages stack.	[MsgId: MMSG-10544]


Start auto log messages stack - Iteration 35.	[MsgId: MMSG-10545]
Action.c(155): web_reg_save_param_regexp started  	[MsgId: MMSG-26355]
Action.c(155): Registering web_reg_save_param_regexp was successful  	[MsgId: MMSG-26390]
Action.c(165): web_custom_request("itinerary.pl") started  	[MsgId: MMSG-26355]
Action.c(165): Warning -35049: No match found for the requested parameter "new_c_cgifields". Check whether the requested regular expression exists in the response data  	[MsgId: MWAR-35049]
Action.c(165): Warning -35049: No match found for the requested parameter "empty_list". Check whether the requested regular expression exists in the response data  	[MsgId: MWAR-35049]
Action.c(165): web_custom_request("itinerary.pl") highest severity level was "warning", 932 body bytes, 256 header bytes, 12 chunking overhead bytes  	[MsgId: MMSG-26387]
Action.c(195): Error: list_flightID_count not 0, but new_c_cgifields_count+1 0+1 and c_cgifields_count 19 do not matches	[MsgId: MERR-17999]
End auto log messages stack.	[MsgId: MMSG-10544]


Start auto log messages stack - Iteration 36.	[MsgId: MMSG-10545]
Action.c(155): web_reg_save_param_regexp started  	[MsgId: MMSG-26355]
Action.c(155): Registering web_reg_save_param_regexp was successful  	[MsgId: MMSG-26390]
Action.c(165): web_custom_request("itinerary.pl") started  	[MsgId: MMSG-26355]
Action.c(165): Warning -35049: No match found for the requested parameter "new_c_cgifields". Check whether the requested regular expression exists in the response data  	[MsgId: MWAR-35049]
Action.c(165): Warning -35049: No match found for the requested parameter "empty_list". Check whether the requested regular expression exists in the response data  	[MsgId: MWAR-35049]
Action.c(165): web_custom_request("itinerary.pl") highest severity level was "warning", 932 body bytes, 256 header bytes, 12 chunking overhead bytes  	[MsgId: MMSG-26387]
Action.c(195): Error: list_flightID_count not 0, but new_c_cgifields_count+1 0+1 and c_cgifields_count 19 do not matches	[MsgId: MERR-17999]
End auto log messages stack.	[MsgId: MMSG-10544]


Start auto log messages stack - Iteration 8.	[MsgId: MMSG-10545]
Action.c(155): web_reg_save_param_regexp started  	[MsgId: MMSG-26355]
Action.c(155): Registering web_reg_save_param_regexp was successful  	[MsgId: MMSG-26390]
Action.c(165): web_custom_request("itinerary.pl") started  	[MsgId: MMSG-26355]
Action.c(165): Warning -35049: No match found for the requested parameter "new_c_cgifields". Check whether the requested regular expression exists in the response data  	[MsgId: MWAR-35049]
Action.c(165): Warning -35049: No match found for the requested parameter "empty_list". Check whether the requested regular expression exists in the response data  	[MsgId: MWAR-35049]
Action.c(165): web_custom_request("itinerary.pl") highest severity level was "warning", 932 body bytes, 256 header bytes, 12 chunking overhead bytes  	[MsgId: MMSG-26387]
Action.c(195): Error: list_flightID_count not 0, but new_c_cgifields_count+1 0+1 and c_cgifields_count 21 do not matches	[MsgId: MERR-17999]
End auto log messages stack.	[MsgId: MMSG-10544]


Start auto log messages stack - Iteration 24.	[MsgId: MMSG-10545]
Action.c(155): web_reg_save_param_regexp started  	[MsgId: MMSG-26355]
Action.c(155): Registering web_reg_save_param_regexp was successful  	[MsgId: MMSG-26390]
Action.c(165): web_custom_request("itinerary.pl") started  	[MsgId: MMSG-26355]
Action.c(165): Warning -35049: No match found for the requested parameter "new_c_cgifields". Check whether the requested regular expression exists in the response data  	[MsgId: MWAR-35049]
Action.c(165): Warning -35049: No match found for the requested parameter "empty_list". Check whether the requested regular expression exists in the response data  	[MsgId: MWAR-35049]
Action.c(165): web_custom_request("itinerary.pl") highest severity level was "warning", 932 body bytes, 256 header bytes, 12 chunking overhead bytes  	[MsgId: MMSG-26387]
Action.c(195): Error: list_flightID_count not 0, but new_c_cgifields_count+1 0+1 and c_cgifields_count 26 do not matches	[MsgId: MERR-17999]
End auto log messages stack.	[MsgId: MMSG-10544]


Start auto log messages stack - Iteration 39.	[MsgId: MMSG-10545]
Action.c(155): web_reg_save_param_regexp started  	[MsgId: MMSG-26355]
Action.c(155): Registering web_reg_save_param_regexp was successful  	[MsgId: MMSG-26390]
Action.c(165): web_custom_request("itinerary.pl") started  	[MsgId: MMSG-26355]
Action.c(165): Warning -35049: No match found for the requested parameter "new_c_cgifields". Check whether the requested regular expression exists in the response data  	[MsgId: MWAR-35049]
Action.c(165): Warning -35049: No match found for the requested parameter "empty_list". Check whether the requested regular expression exists in the response data  	[MsgId: MWAR-35049]
Action.c(165): web_custom_request("itinerary.pl") highest severity level was "warning", 932 body bytes, 256 header bytes, 12 chunking overhead bytes  	[MsgId: MMSG-26387]
Action.c(195): Error: list_flightID_count not 0, but new_c_cgifields_count+1 0+1 and c_cgifields_count 22 do not matches	[MsgId: MERR-17999]
End auto log messages stack.	[MsgId: MMSG-10544]


Start auto log messages stack - Iteration 40.	[MsgId: MMSG-10545]
Action.c(155): web_reg_save_param_regexp started  	[MsgId: MMSG-26355]
Action.c(155): Registering web_reg_save_param_regexp was successful  	[MsgId: MMSG-26390]
Action.c(165): web_custom_request("itinerary.pl") started  	[MsgId: MMSG-26355]
Action.c(165): Warning -35049: No match found for the requested parameter "new_c_cgifields". Check whether the requested regular expression exists in the response data  	[MsgId: MWAR-35049]
Action.c(165): Warning -35049: No match found for the requested parameter "empty_list". Check whether the requested regular expression exists in the response data  	[MsgId: MWAR-35049]
Action.c(165): web_custom_request("itinerary.pl") highest severity level was "warning", 932 body bytes, 256 header bytes, 12 chunking overhead bytes  	[MsgId: MMSG-26387]
Action.c(195): Error: list_flightID_count not 0, but new_c_cgifields_count+1 0+1 and c_cgifields_count 23 do not matches	[MsgId: MERR-17999]
End auto log messages stack.	[MsgId: MMSG-10544]


Start auto log messages stack - Iteration 12.	[MsgId: MMSG-10545]
Action.c(155): web_reg_save_param_regexp started  	[MsgId: MMSG-26355]
Action.c(155): Registering web_reg_save_param_regexp was successful  	[MsgId: MMSG-26390]
Action.c(165): web_custom_request("itinerary.pl") started  	[MsgId: MMSG-26355]
Action.c(165): Warning -35049: No match found for the requested parameter "new_c_cgifields". Check whether the requested regular expression exists in the response data  	[MsgId: MWAR-35049]
Action.c(165): Warning -35049: No match found for the requested parameter "empty_list". Check whether the requested regular expression exists in the response data  	[MsgId: MWAR-35049]
Action.c(165): web_custom_request("itinerary.pl") highest severity level was "warning", 932 body bytes, 256 header bytes, 12 chunking overhead bytes  	[MsgId: MMSG-26387]
Action.c(195): Error: list_flightID_count not 0, but new_c_cgifields_count+1 0+1 and c_cgifields_count 32 do not matches	[MsgId: MERR-17999]
End auto log messages stack.	[MsgId: MMSG-10544]


Start auto log messages stack - Iteration 31.	[MsgId: MMSG-10545]
Action.c(29): Notify: Transaction "open_homepage" ended with a "Pass" status (Duration: 0,0549 Wasted Time: 0,0001).	[MsgId: MMSG-16871]
Action.c(31): lr_think_time: 5,00 seconds.	[MsgId: MMSG-15948]
Action.c(33): Notify: Transaction "login" started.	[MsgId: MMSG-16999]
Action.c(35): web_reg_find started  	[MsgId: MMSG-26355]
Action.c(35): Registering web_reg_find was successful  	[MsgId: MMSG-26390]
Action.c(39): web_submit_data("login.pl") started  	[MsgId: MMSG-26355]
Action.c(39): Detected non-resource "http://localhost:1080/cgi-bin/nav.pl?page=menu&in=home" in "http://localhost:1080/cgi-bin/login.pl"  	[MsgId: MMSG-26574]
Action.c(39): Detected non-resource "http://localhost:1080/cgi-bin/login.pl?intro=true" in "http://localhost:1080/cgi-bin/login.pl"  	[MsgId: MMSG-26574]
Action.c(39): Error -26612: HTTP Status-Code=500 (Internal Server Error) for "http://localhost:1080/cgi-bin/nav.pl?page=menu&in=home"  	[MsgId: MERR-26612]
End auto log messages stack.	[MsgId: MMSG-10544]


Start auto log messages stack - Iteration 3.	[MsgId: MMSG-10545]
Action.c(155): web_reg_save_param_regexp started  	[MsgId: MMSG-26355]
Action.c(155): Registering web_reg_save_param_regexp was successful  	[MsgId: MMSG-26390]
Action.c(165): web_custom_request("itinerary.pl") started  	[MsgId: MMSG-26355]
Action.c(165): Warning -35049: No match found for the requested parameter "new_c_cgifields". Check whether the requested regular expression exists in the response data  	[MsgId: MWAR-35049]
Action.c(165): Warning -35049: No match found for the requested parameter "empty_list". Check whether the requested regular expression exists in the response data  	[MsgId: MWAR-35049]
Action.c(165): web_custom_request("itinerary.pl") highest severity level was "warning", 932 body bytes, 256 header bytes, 12 chunking overhead bytes  	[MsgId: MMSG-26387]
Action.c(195): Error: list_flightID_count not 0, but new_c_cgifields_count+1 0+1 and c_cgifields_count 33 do not matches	[MsgId: MERR-17999]
End auto log messages stack.	[MsgId: MMSG-10544]


Start auto log messages stack - Iteration 48.	[MsgId: MMSG-10545]
Action.c(155): web_reg_save_param_regexp started  	[MsgId: MMSG-26355]
Action.c(155): Registering web_reg_save_param_regexp was successful  	[MsgId: MMSG-26390]
Action.c(165): web_custom_request("itinerary.pl") started  	[MsgId: MMSG-26355]
Action.c(165): Warning -35049: No match found for the requested parameter "new_c_cgifields". Check whether the requested regular expression exists in the response data  	[MsgId: MWAR-35049]
Action.c(165): Warning -35049: No match found for the requested parameter "empty_list". Check whether the requested regular expression exists in the response data  	[MsgId: MWAR-35049]
Action.c(165): web_custom_request("itinerary.pl") highest severity level was "warning", 932 body bytes, 256 header bytes, 12 chunking overhead bytes  	[MsgId: MMSG-26387]
Action.c(195): Error: list_flightID_count not 0, but new_c_cgifields_count+1 0+1 and c_cgifields_count 30 do not matches	[MsgId: MERR-17999]
End auto log messages stack.	[MsgId: MMSG-10544]


Start auto log messages stack - Iteration 49.	[MsgId: MMSG-10545]
Action.c(155): web_reg_save_param_regexp started  	[MsgId: MMSG-26355]
Action.c(155): Registering web_reg_save_param_regexp was successful  	[MsgId: MMSG-26390]
Action.c(165): web_custom_request("itinerary.pl") started  	[MsgId: MMSG-26355]
Action.c(165): Warning -35049: No match found for the requested parameter "new_c_cgifields". Check whether the requested regular expression exists in the response data  	[MsgId: MWAR-35049]
Action.c(165): Warning -35049: No match found for the requested parameter "empty_list". Check whether the requested regular expression exists in the response data  	[MsgId: MWAR-35049]
Action.c(165): web_custom_request("itinerary.pl") highest severity level was "warning", 932 body bytes, 256 header bytes, 12 chunking overhead bytes  	[MsgId: MMSG-26387]
Action.c(195): Error: list_flightID_count not 0, but new_c_cgifields_count+1 0+1 and c_cgifields_count 32 do not matches	[MsgId: MERR-17999]
End auto log messages stack.	[MsgId: MMSG-10544]


Start auto log messages stack - Iteration 35.	[MsgId: MMSG-10545]
Action.c(155): web_reg_save_param_regexp started  	[MsgId: MMSG-26355]
Action.c(155): Registering web_reg_save_param_regexp was successful  	[MsgId: MMSG-26390]
Action.c(165): web_custom_request("itinerary.pl") started  	[MsgId: MMSG-26355]
Action.c(165): Warning -35049: No match found for the requested parameter "new_c_cgifields". Check whether the requested regular expression exists in the response data  	[MsgId: MWAR-35049]
Action.c(165): Warning -35049: No match found for the requested parameter "empty_list". Check whether the requested regular expression exists in the response data  	[MsgId: MWAR-35049]
Action.c(165): web_custom_request("itinerary.pl") highest severity level was "warning", 932 body bytes, 256 header bytes, 12 chunking overhead bytes  	[MsgId: MMSG-26387]
Action.c(195): Error: list_flightID_count not 0, but new_c_cgifields_count+1 0+1 and c_cgifields_count 34 do not matches	[MsgId: MERR-17999]
End auto log messages stack.	[MsgId: MMSG-10544]


Start auto log messages stack - Iteration 24.	[MsgId: MMSG-10545]
Action.c(155): web_reg_save_param_regexp started  	[MsgId: MMSG-26355]
Action.c(155): Registering web_reg_save_param_regexp was successful  	[MsgId: MMSG-26390]
Action.c(165): web_custom_request("itinerary.pl") started  	[MsgId: MMSG-26355]
Action.c(165): Warning -35049: No match found for the requested parameter "new_c_cgifields". Check whether the requested regular expression exists in the response data  	[MsgId: MWAR-35049]
Action.c(165): Warning -35049: No match found for the requested parameter "empty_list". Check whether the requested regular expression exists in the response data  	[MsgId: MWAR-35049]
Action.c(165): web_custom_request("itinerary.pl") highest severity level was "warning", 932 body bytes, 256 header bytes, 12 chunking overhead bytes  	[MsgId: MMSG-26387]
Action.c(195): Error: list_flightID_count not 0, but new_c_cgifields_count+1 0+1 and c_cgifields_count 41 do not matches	[MsgId: MERR-17999]
End auto log messages stack.	[MsgId: MMSG-10544]


Start auto log messages stack - Iteration 25.	[MsgId: MMSG-10545]
Action.c(155): web_reg_save_param_regexp started  	[MsgId: MMSG-26355]
Action.c(155): Registering web_reg_save_param_regexp was successful  	[MsgId: MMSG-26390]
Action.c(165): web_custom_request("itinerary.pl") started  	[MsgId: MMSG-26355]
Action.c(165): Warning -35049: No match found for the requested parameter "new_c_cgifields". Check whether the requested regular expression exists in the response data  	[MsgId: MWAR-35049]
Action.c(165): Warning -35049: No match found for the requested parameter "empty_list". Check whether the requested regular expression exists in the response data  	[MsgId: MWAR-35049]
Action.c(165): web_custom_request("itinerary.pl") highest severity level was "warning", 932 body bytes, 256 header bytes, 12 chunking overhead bytes  	[MsgId: MMSG-26387]
Action.c(195): Error: list_flightID_count not 0, but new_c_cgifields_count+1 0+1 and c_cgifields_count 40 do not matches	[MsgId: MERR-17999]
End auto log messages stack.	[MsgId: MMSG-10544]


Start auto log messages stack - Iteration 1.	[MsgId: MMSG-10545]
Action.c(155): web_reg_save_param_regexp started  	[MsgId: MMSG-26355]
Action.c(155): Registering web_reg_save_param_regexp was successful  	[MsgId: MMSG-26390]
Action.c(165): web_custom_request("itinerary.pl") started  	[MsgId: MMSG-26355]
Action.c(165): Warning -35049: No match found for the requested parameter "new_c_cgifields". Check whether the requested regular expression exists in the response data  	[MsgId: MWAR-35049]
Action.c(165): Warning -35049: No match found for the requested parameter "empty_list". Check whether the requested regular expression exists in the response data  	[MsgId: MWAR-35049]
Action.c(165): web_custom_request("itinerary.pl") highest severity level was "warning", 932 body bytes, 256 header bytes, 12 chunking overhead bytes  	[MsgId: MMSG-26387]
Action.c(195): Error: list_flightID_count not 0, but new_c_cgifields_count+1 0+1 and c_cgifields_count 65 do not matches	[MsgId: MERR-17999]
End auto log messages stack.	[MsgId: MMSG-10544]


Start auto log messages stack - Iteration 12.	[MsgId: MMSG-10545]
Action.c(155): web_reg_save_param_regexp started  	[MsgId: MMSG-26355]
Action.c(155): Registering web_reg_save_param_regexp was successful  	[MsgId: MMSG-26390]
Action.c(165): web_custom_request("itinerary.pl") started  	[MsgId: MMSG-26355]
Action.c(165): Warning -35049: No match found for the requested parameter "new_c_cgifields". Check whether the requested regular expression exists in the response data  	[MsgId: MWAR-35049]
Action.c(165): Warning -35049: No match found for the requested parameter "empty_list". Check whether the requested regular expression exists in the response data  	[MsgId: MWAR-35049]
Action.c(165): web_custom_request("itinerary.pl") highest severity level was "warning", 932 body bytes, 256 header bytes, 12 chunking overhead bytes  	[MsgId: MMSG-26387]
Action.c(195): Error: list_flightID_count not 0, but new_c_cgifields_count+1 0+1 and c_cgifields_count 47 do not matches	[MsgId: MERR-17999]
End auto log messages stack.	[MsgId: MMSG-10544]


