Start auto log messages stack - Iteration 1.	[MsgId: MMSG-10545]
Action.c(97): Resource "http://localhost:1080/WebTours/images/signoff.gif" is in the cache already and will not be downloaded again  	[MsgId: MMSG-26655]
Action.c(97): Warning -35049: No match found for the requested parameter "list_flightID". Check whether the requested regular expression exists in the response data  	[MsgId: MWAR-35049]
Action.c(97): Warning -35049: No match found for the requested parameter "c_cgifields". Check whether the requested regular expression exists in the response data  	[MsgId: MWAR-35049]
Action.c(97): web_url("Itinerary Button") highest severity level was "warning", 4381 body bytes, 1323 header bytes, 36 chunking overhead bytes  	[MsgId: MMSG-26387]
Action.c(212): Error: Intineraries list empty, no data to delete	[MsgId: MERR-17999]
End auto log messages stack.	[MsgId: MMSG-10544]


Start auto log messages stack - Iteration 1.	[MsgId: MMSG-10545]
Action.c(155): web_reg_save_param_regexp started  	[MsgId: MMSG-26355]
Action.c(155): Registering web_reg_save_param_regexp was successful  	[MsgId: MMSG-26390]
Action.c(165): web_custom_request("itinerary.pl") started  	[MsgId: MMSG-26355]
Action.c(165): Warning -35049: No match found for the requested parameter "new_c_cgifields". Check whether the requested regular expression exists in the response data  	[MsgId: MWAR-35049]
Action.c(165): Warning -35049: No match found for the requested parameter "empty_list". Check whether the requested regular expression exists in the response data  	[MsgId: MWAR-35049]
Action.c(165): web_custom_request("itinerary.pl") highest severity level was "warning", 932 body bytes, 256 header bytes, 12 chunking overhead bytes  	[MsgId: MMSG-26387]
Action.c(195): Error: list_flightID_count not 0, but new_c_cgifields_count+1 0+1 and c_cgifields_count 6 do not matches	[MsgId: MERR-17999]
End auto log messages stack.	[MsgId: MMSG-10544]


Start auto log messages stack - Iteration 12.	[MsgId: MMSG-10545]
Action.c(155): web_reg_save_param_regexp started  	[MsgId: MMSG-26355]
Action.c(155): Registering web_reg_save_param_regexp was successful  	[MsgId: MMSG-26390]
Action.c(165): web_custom_request("itinerary.pl") started  	[MsgId: MMSG-26355]
Action.c(165): Warning -35049: No match found for the requested parameter "new_c_cgifields". Check whether the requested regular expression exists in the response data  	[MsgId: MWAR-35049]
Action.c(165): Warning -35049: No match found for the requested parameter "empty_list". Check whether the requested regular expression exists in the response data  	[MsgId: MWAR-35049]
Action.c(165): web_custom_request("itinerary.pl") highest severity level was "warning", 932 body bytes, 256 header bytes, 12 chunking overhead bytes  	[MsgId: MMSG-26387]
Action.c(195): Error: list_flightID_count not 0, but new_c_cgifields_count+1 0+1 and c_cgifields_count 9 do not matches	[MsgId: MERR-17999]
End auto log messages stack.	[MsgId: MMSG-10544]


Start auto log messages stack - Iteration 1.	[MsgId: MMSG-10545]
Action.c(155): web_reg_save_param_regexp started  	[MsgId: MMSG-26355]
Action.c(155): Registering web_reg_save_param_regexp was successful  	[MsgId: MMSG-26390]
Action.c(165): web_custom_request("itinerary.pl") started  	[MsgId: MMSG-26355]
Action.c(165): Warning -35049: No match found for the requested parameter "new_c_cgifields". Check whether the requested regular expression exists in the response data  	[MsgId: MWAR-35049]
Action.c(165): Warning -35049: No match found for the requested parameter "empty_list". Check whether the requested regular expression exists in the response data  	[MsgId: MWAR-35049]
Action.c(165): web_custom_request("itinerary.pl") highest severity level was "warning", 932 body bytes, 256 header bytes, 12 chunking overhead bytes  	[MsgId: MMSG-26387]
Action.c(195): Error: list_flightID_count not 0, but new_c_cgifields_count+1 0+1 and c_cgifields_count 16 do not matches	[MsgId: MERR-17999]
End auto log messages stack.	[MsgId: MMSG-10544]


Start auto log messages stack - Iteration 35.	[MsgId: MMSG-10545]
Action.c(155): web_reg_save_param_regexp started  	[MsgId: MMSG-26355]
Action.c(155): Registering web_reg_save_param_regexp was successful  	[MsgId: MMSG-26390]
Action.c(165): web_custom_request("itinerary.pl") started  	[MsgId: MMSG-26355]
Action.c(165): Warning -35049: No match found for the requested parameter "new_c_cgifields". Check whether the requested regular expression exists in the response data  	[MsgId: MWAR-35049]
Action.c(165): Warning -35049: No match found for the requested parameter "empty_list". Check whether the requested regular expression exists in the response data  	[MsgId: MWAR-35049]
Action.c(165): web_custom_request("itinerary.pl") highest severity level was "warning", 932 body bytes, 256 header bytes, 12 chunking overhead bytes  	[MsgId: MMSG-26387]
Action.c(195): Error: list_flightID_count not 0, but new_c_cgifields_count+1 0+1 and c_cgifields_count 16 do not matches	[MsgId: MERR-17999]
End auto log messages stack.	[MsgId: MMSG-10544]


Start auto log messages stack - Iteration 36.	[MsgId: MMSG-10545]
Action.c(155): web_reg_save_param_regexp started  	[MsgId: MMSG-26355]
Action.c(155): Registering web_reg_save_param_regexp was successful  	[MsgId: MMSG-26390]
Action.c(165): web_custom_request("itinerary.pl") started  	[MsgId: MMSG-26355]
Action.c(165): Warning -35049: No match found for the requested parameter "new_c_cgifields". Check whether the requested regular expression exists in the response data  	[MsgId: MWAR-35049]
Action.c(165): Warning -35049: No match found for the requested parameter "empty_list". Check whether the requested regular expression exists in the response data  	[MsgId: MWAR-35049]
Action.c(165): web_custom_request("itinerary.pl") highest severity level was "warning", 932 body bytes, 256 header bytes, 12 chunking overhead bytes  	[MsgId: MMSG-26387]
Action.c(195): Error: list_flightID_count not 0, but new_c_cgifields_count+1 0+1 and c_cgifields_count 17 do not matches	[MsgId: MERR-17999]
End auto log messages stack.	[MsgId: MMSG-10544]


Start auto log messages stack - Iteration 8.	[MsgId: MMSG-10545]
Action.c(155): web_reg_save_param_regexp started  	[MsgId: MMSG-26355]
Action.c(155): Registering web_reg_save_param_regexp was successful  	[MsgId: MMSG-26390]
Action.c(165): web_custom_request("itinerary.pl") started  	[MsgId: MMSG-26355]
Action.c(165): Warning -35049: No match found for the requested parameter "new_c_cgifields". Check whether the requested regular expression exists in the response data  	[MsgId: MWAR-35049]
Action.c(165): Warning -35049: No match found for the requested parameter "empty_list". Check whether the requested regular expression exists in the response data  	[MsgId: MWAR-35049]
Action.c(165): web_custom_request("itinerary.pl") highest severity level was "warning", 932 body bytes, 256 header bytes, 12 chunking overhead bytes  	[MsgId: MMSG-26387]
Action.c(195): Error: list_flightID_count not 0, but new_c_cgifields_count+1 0+1 and c_cgifields_count 17 do not matches	[MsgId: MERR-17999]
End auto log messages stack.	[MsgId: MMSG-10544]


Start auto log messages stack - Iteration 24.	[MsgId: MMSG-10545]
Action.c(155): web_reg_save_param_regexp started  	[MsgId: MMSG-26355]
Action.c(155): Registering web_reg_save_param_regexp was successful  	[MsgId: MMSG-26390]
Action.c(165): web_custom_request("itinerary.pl") started  	[MsgId: MMSG-26355]
Action.c(165): Warning -35049: No match found for the requested parameter "new_c_cgifields". Check whether the requested regular expression exists in the response data  	[MsgId: MWAR-35049]
Action.c(165): Warning -35049: No match found for the requested parameter "empty_list". Check whether the requested regular expression exists in the response data  	[MsgId: MWAR-35049]
Action.c(165): web_custom_request("itinerary.pl") highest severity level was "warning", 932 body bytes, 256 header bytes, 12 chunking overhead bytes  	[MsgId: MMSG-26387]
Action.c(195): Error: list_flightID_count not 0, but new_c_cgifields_count+1 0+1 and c_cgifields_count 21 do not matches	[MsgId: MERR-17999]
End auto log messages stack.	[MsgId: MMSG-10544]


Start auto log messages stack - Iteration 39.	[MsgId: MMSG-10545]
Action.c(155): web_reg_save_param_regexp started  	[MsgId: MMSG-26355]
Action.c(155): Registering web_reg_save_param_regexp was successful  	[MsgId: MMSG-26390]
Action.c(165): web_custom_request("itinerary.pl") started  	[MsgId: MMSG-26355]
Action.c(165): Warning -35049: No match found for the requested parameter "new_c_cgifields". Check whether the requested regular expression exists in the response data  	[MsgId: MWAR-35049]
Action.c(165): Warning -35049: No match found for the requested parameter "empty_list". Check whether the requested regular expression exists in the response data  	[MsgId: MWAR-35049]
Action.c(165): web_custom_request("itinerary.pl") highest severity level was "warning", 932 body bytes, 256 header bytes, 12 chunking overhead bytes  	[MsgId: MMSG-26387]
Action.c(195): Error: list_flightID_count not 0, but new_c_cgifields_count+1 0+1 and c_cgifields_count 18 do not matches	[MsgId: MERR-17999]
End auto log messages stack.	[MsgId: MMSG-10544]


Start auto log messages stack - Iteration 40.	[MsgId: MMSG-10545]
Action.c(155): web_reg_save_param_regexp started  	[MsgId: MMSG-26355]
Action.c(155): Registering web_reg_save_param_regexp was successful  	[MsgId: MMSG-26390]
Action.c(165): web_custom_request("itinerary.pl") started  	[MsgId: MMSG-26355]
Action.c(165): Warning -35049: No match found for the requested parameter "new_c_cgifields". Check whether the requested regular expression exists in the response data  	[MsgId: MWAR-35049]
Action.c(165): Warning -35049: No match found for the requested parameter "empty_list". Check whether the requested regular expression exists in the response data  	[MsgId: MWAR-35049]
Action.c(165): web_custom_request("itinerary.pl") highest severity level was "warning", 932 body bytes, 256 header bytes, 12 chunking overhead bytes  	[MsgId: MMSG-26387]
Action.c(195): Error: list_flightID_count not 0, but new_c_cgifields_count+1 0+1 and c_cgifields_count 19 do not matches	[MsgId: MERR-17999]
End auto log messages stack.	[MsgId: MMSG-10544]


Start auto log messages stack - Iteration 12.	[MsgId: MMSG-10545]
Action.c(155): web_reg_save_param_regexp started  	[MsgId: MMSG-26355]
Action.c(155): Registering web_reg_save_param_regexp was successful  	[MsgId: MMSG-26390]
Action.c(165): web_custom_request("itinerary.pl") started  	[MsgId: MMSG-26355]
Action.c(165): Warning -35049: No match found for the requested parameter "new_c_cgifields". Check whether the requested regular expression exists in the response data  	[MsgId: MWAR-35049]
Action.c(165): Warning -35049: No match found for the requested parameter "empty_list". Check whether the requested regular expression exists in the response data  	[MsgId: MWAR-35049]
Action.c(165): web_custom_request("itinerary.pl") highest severity level was "warning", 932 body bytes, 256 header bytes, 12 chunking overhead bytes  	[MsgId: MMSG-26387]
Action.c(195): Error: list_flightID_count not 0, but new_c_cgifields_count+1 0+1 and c_cgifields_count 23 do not matches	[MsgId: MERR-17999]
End auto log messages stack.	[MsgId: MMSG-10544]


Start auto log messages stack - Iteration 31.	[MsgId: MMSG-10545]
Action.c(155): web_reg_save_param_regexp started  	[MsgId: MMSG-26355]
Action.c(155): Registering web_reg_save_param_regexp was successful  	[MsgId: MMSG-26390]
Action.c(165): web_custom_request("itinerary.pl") started  	[MsgId: MMSG-26355]
Action.c(165): Warning -35049: No match found for the requested parameter "new_c_cgifields". Check whether the requested regular expression exists in the response data  	[MsgId: MWAR-35049]
Action.c(165): Warning -35049: No match found for the requested parameter "empty_list". Check whether the requested regular expression exists in the response data  	[MsgId: MWAR-35049]
Action.c(165): web_custom_request("itinerary.pl") highest severity level was "warning", 932 body bytes, 256 header bytes, 12 chunking overhead bytes  	[MsgId: MMSG-26387]
Action.c(195): Error: list_flightID_count not 0, but new_c_cgifields_count+1 0+1 and c_cgifields_count 31 do not matches	[MsgId: MERR-17999]
End auto log messages stack.	[MsgId: MMSG-10544]


Start auto log messages stack - Iteration 3.	[MsgId: MMSG-10545]
Action.c(155): web_reg_save_param_regexp started  	[MsgId: MMSG-26355]
Action.c(155): Registering web_reg_save_param_regexp was successful  	[MsgId: MMSG-26390]
Action.c(165): web_custom_request("itinerary.pl") started  	[MsgId: MMSG-26355]
Action.c(165): Warning -35049: No match found for the requested parameter "new_c_cgifields". Check whether the requested regular expression exists in the response data  	[MsgId: MWAR-35049]
Action.c(165): Warning -35049: No match found for the requested parameter "empty_list". Check whether the requested regular expression exists in the response data  	[MsgId: MWAR-35049]
Action.c(165): web_custom_request("itinerary.pl") highest severity level was "warning", 932 body bytes, 256 header bytes, 12 chunking overhead bytes  	[MsgId: MMSG-26387]
Action.c(195): Error: list_flightID_count not 0, but new_c_cgifields_count+1 0+1 and c_cgifields_count 28 do not matches	[MsgId: MERR-17999]
End auto log messages stack.	[MsgId: MMSG-10544]


Start auto log messages stack - Iteration 48.	[MsgId: MMSG-10545]
Action.c(155): web_reg_save_param_regexp started  	[MsgId: MMSG-26355]
Action.c(155): Registering web_reg_save_param_regexp was successful  	[MsgId: MMSG-26390]
Action.c(165): web_custom_request("itinerary.pl") started  	[MsgId: MMSG-26355]
Action.c(165): Warning -35049: No match found for the requested parameter "new_c_cgifields". Check whether the requested regular expression exists in the response data  	[MsgId: MWAR-35049]
Action.c(165): Warning -35049: No match found for the requested parameter "empty_list". Check whether the requested regular expression exists in the response data  	[MsgId: MWAR-35049]
Action.c(165): web_custom_request("itinerary.pl") highest severity level was "warning", 932 body bytes, 256 header bytes, 12 chunking overhead bytes  	[MsgId: MMSG-26387]
Action.c(195): Error: list_flightID_count not 0, but new_c_cgifields_count+1 0+1 and c_cgifields_count 27 do not matches	[MsgId: MERR-17999]
End auto log messages stack.	[MsgId: MMSG-10544]


Start auto log messages stack - Iteration 49.	[MsgId: MMSG-10545]
Action.c(155): web_reg_save_param_regexp started  	[MsgId: MMSG-26355]
Action.c(155): Registering web_reg_save_param_regexp was successful  	[MsgId: MMSG-26390]
Action.c(165): web_custom_request("itinerary.pl") started  	[MsgId: MMSG-26355]
Action.c(165): Warning -35049: No match found for the requested parameter "new_c_cgifields". Check whether the requested regular expression exists in the response data  	[MsgId: MWAR-35049]
Action.c(165): Warning -35049: No match found for the requested parameter "empty_list". Check whether the requested regular expression exists in the response data  	[MsgId: MWAR-35049]
Action.c(165): web_custom_request("itinerary.pl") highest severity level was "warning", 932 body bytes, 256 header bytes, 12 chunking overhead bytes  	[MsgId: MMSG-26387]
Action.c(195): Error: list_flightID_count not 0, but new_c_cgifields_count+1 0+1 and c_cgifields_count 28 do not matches	[MsgId: MERR-17999]
End auto log messages stack.	[MsgId: MMSG-10544]


Start auto log messages stack - Iteration 35.	[MsgId: MMSG-10545]
Action.c(155): web_reg_save_param_regexp started  	[MsgId: MMSG-26355]
Action.c(155): Registering web_reg_save_param_regexp was successful  	[MsgId: MMSG-26390]
Action.c(165): web_custom_request("itinerary.pl") started  	[MsgId: MMSG-26355]
Action.c(165): Warning -35049: No match found for the requested parameter "new_c_cgifields". Check whether the requested regular expression exists in the response data  	[MsgId: MWAR-35049]
Action.c(165): Warning -35049: No match found for the requested parameter "empty_list". Check whether the requested regular expression exists in the response data  	[MsgId: MWAR-35049]
Action.c(165): web_custom_request("itinerary.pl") highest severity level was "warning", 932 body bytes, 256 header bytes, 12 chunking overhead bytes  	[MsgId: MMSG-26387]
Action.c(195): Error: list_flightID_count not 0, but new_c_cgifields_count+1 0+1 and c_cgifields_count 31 do not matches	[MsgId: MERR-17999]
End auto log messages stack.	[MsgId: MMSG-10544]


Start auto log messages stack - Iteration 24.	[MsgId: MMSG-10545]
Action.c(155): web_reg_save_param_regexp started  	[MsgId: MMSG-26355]
Action.c(155): Registering web_reg_save_param_regexp was successful  	[MsgId: MMSG-26390]
Action.c(165): web_custom_request("itinerary.pl") started  	[MsgId: MMSG-26355]
Action.c(165): Warning -35049: No match found for the requested parameter "new_c_cgifields". Check whether the requested regular expression exists in the response data  	[MsgId: MWAR-35049]
Action.c(165): Warning -35049: No match found for the requested parameter "empty_list". Check whether the requested regular expression exists in the response data  	[MsgId: MWAR-35049]
Action.c(165): web_custom_request("itinerary.pl") highest severity level was "warning", 932 body bytes, 256 header bytes, 12 chunking overhead bytes  	[MsgId: MMSG-26387]
Action.c(195): Error: list_flightID_count not 0, but new_c_cgifields_count+1 0+1 and c_cgifields_count 36 do not matches	[MsgId: MERR-17999]
End auto log messages stack.	[MsgId: MMSG-10544]


Start auto log messages stack - Iteration 39.	[MsgId: MMSG-10545]
Action.c(155): web_reg_save_param_regexp started  	[MsgId: MMSG-26355]
Action.c(155): Registering web_reg_save_param_regexp was successful  	[MsgId: MMSG-26390]
Action.c(165): web_custom_request("itinerary.pl") started  	[MsgId: MMSG-26355]
Action.c(165): Warning -35049: No match found for the requested parameter "new_c_cgifields". Check whether the requested regular expression exists in the response data  	[MsgId: MWAR-35049]
Action.c(165): Warning -35049: No match found for the requested parameter "empty_list". Check whether the requested regular expression exists in the response data  	[MsgId: MWAR-35049]
Action.c(165): web_custom_request("itinerary.pl") highest severity level was "warning", 932 body bytes, 256 header bytes, 12 chunking overhead bytes  	[MsgId: MMSG-26387]
Action.c(195): Error: list_flightID_count not 0, but new_c_cgifields_count+1 0+1 and c_cgifields_count 34 do not matches	[MsgId: MERR-17999]
End auto log messages stack.	[MsgId: MMSG-10544]


Start auto log messages stack - Iteration 26.	[MsgId: MMSG-10545]
Action.c(155): web_reg_save_param_regexp started  	[MsgId: MMSG-26355]
Action.c(155): Registering web_reg_save_param_regexp was successful  	[MsgId: MMSG-26390]
Action.c(165): web_custom_request("itinerary.pl") started  	[MsgId: MMSG-26355]
Action.c(165): Warning -35049: No match found for the requested parameter "new_c_cgifields". Check whether the requested regular expression exists in the response data  	[MsgId: MWAR-35049]
Action.c(165): Warning -35049: No match found for the requested parameter "empty_list". Check whether the requested regular expression exists in the response data  	[MsgId: MWAR-35049]
Action.c(165): web_custom_request("itinerary.pl") highest severity level was "warning", 932 body bytes, 256 header bytes, 12 chunking overhead bytes  	[MsgId: MMSG-26387]
Action.c(195): Error: list_flightID_count not 0, but new_c_cgifields_count+1 0+1 and c_cgifields_count 39 do not matches	[MsgId: MERR-17999]
End auto log messages stack.	[MsgId: MMSG-10544]


Start auto log messages stack - Iteration 56.	[MsgId: MMSG-10545]
Action.c(155): web_reg_save_param_regexp started  	[MsgId: MMSG-26355]
Action.c(155): Registering web_reg_save_param_regexp was successful  	[MsgId: MMSG-26390]
Action.c(165): web_custom_request("itinerary.pl") started  	[MsgId: MMSG-26355]
Action.c(165): Warning -35049: No match found for the requested parameter "new_c_cgifields". Check whether the requested regular expression exists in the response data  	[MsgId: MWAR-35049]
Action.c(165): Warning -35049: No match found for the requested parameter "empty_list". Check whether the requested regular expression exists in the response data  	[MsgId: MWAR-35049]
Action.c(165): web_custom_request("itinerary.pl") highest severity level was "warning", 932 body bytes, 256 header bytes, 12 chunking overhead bytes  	[MsgId: MMSG-26387]
Action.c(195): Error: list_flightID_count not 0, but new_c_cgifields_count+1 0+1 and c_cgifields_count 39 do not matches	[MsgId: MERR-17999]
End auto log messages stack.	[MsgId: MMSG-10544]


Start auto log messages stack - Iteration 1.	[MsgId: MMSG-10545]
Action.c(155): web_reg_save_param_regexp started  	[MsgId: MMSG-26355]
Action.c(155): Registering web_reg_save_param_regexp was successful  	[MsgId: MMSG-26390]
Action.c(165): web_custom_request("itinerary.pl") started  	[MsgId: MMSG-26355]
Action.c(165): Warning -35049: No match found for the requested parameter "new_c_cgifields". Check whether the requested regular expression exists in the response data  	[MsgId: MWAR-35049]
Action.c(165): Warning -35049: No match found for the requested parameter "empty_list". Check whether the requested regular expression exists in the response data  	[MsgId: MWAR-35049]
Action.c(165): web_custom_request("itinerary.pl") highest severity level was "warning", 932 body bytes, 256 header bytes, 12 chunking overhead bytes  	[MsgId: MMSG-26387]
Action.c(195): Error: list_flightID_count not 0, but new_c_cgifields_count+1 0+1 and c_cgifields_count 47 do not matches	[MsgId: MERR-17999]
End auto log messages stack.	[MsgId: MMSG-10544]


Start auto log messages stack - Iteration 30.	[MsgId: MMSG-10545]
Action.c(155): web_reg_save_param_regexp started  	[MsgId: MMSG-26355]
Action.c(155): Registering web_reg_save_param_regexp was successful  	[MsgId: MMSG-26390]
Action.c(165): web_custom_request("itinerary.pl") started  	[MsgId: MMSG-26355]
Action.c(165): Warning -35049: No match found for the requested parameter "new_c_cgifields". Check whether the requested regular expression exists in the response data  	[MsgId: MWAR-35049]
Action.c(165): Warning -35049: No match found for the requested parameter "empty_list". Check whether the requested regular expression exists in the response data  	[MsgId: MWAR-35049]
Action.c(165): web_custom_request("itinerary.pl") highest severity level was "warning", 932 body bytes, 256 header bytes, 12 chunking overhead bytes  	[MsgId: MMSG-26387]
Action.c(195): Error: list_flightID_count not 0, but new_c_cgifields_count+1 0+1 and c_cgifields_count 41 do not matches	[MsgId: MERR-17999]
End auto log messages stack.	[MsgId: MMSG-10544]


Start auto log messages stack - Iteration 45.	[MsgId: MMSG-10545]
Action.c(155): web_reg_save_param_regexp started  	[MsgId: MMSG-26355]
Action.c(155): Registering web_reg_save_param_regexp was successful  	[MsgId: MMSG-26390]
Action.c(165): web_custom_request("itinerary.pl") started  	[MsgId: MMSG-26355]
Action.c(165): Warning -35049: No match found for the requested parameter "new_c_cgifields". Check whether the requested regular expression exists in the response data  	[MsgId: MWAR-35049]
Action.c(165): Warning -35049: No match found for the requested parameter "empty_list". Check whether the requested regular expression exists in the response data  	[MsgId: MWAR-35049]
Action.c(165): web_custom_request("itinerary.pl") highest severity level was "warning", 932 body bytes, 256 header bytes, 12 chunking overhead bytes  	[MsgId: MMSG-26387]
Action.c(195): Error: list_flightID_count not 0, but new_c_cgifields_count+1 0+1 and c_cgifields_count 42 do not matches	[MsgId: MERR-17999]
End auto log messages stack.	[MsgId: MMSG-10544]


Start auto log messages stack - Iteration 2.	[MsgId: MMSG-10545]
Action.c(155): web_reg_save_param_regexp started  	[MsgId: MMSG-26355]
Action.c(155): Registering web_reg_save_param_regexp was successful  	[MsgId: MMSG-26390]
Action.c(165): web_custom_request("itinerary.pl") started  	[MsgId: MMSG-26355]
Action.c(165): Warning -35049: No match found for the requested parameter "new_c_cgifields". Check whether the requested regular expression exists in the response data  	[MsgId: MWAR-35049]
Action.c(165): Warning -35049: No match found for the requested parameter "empty_list". Check whether the requested regular expression exists in the response data  	[MsgId: MWAR-35049]
Action.c(165): web_custom_request("itinerary.pl") highest severity level was "warning", 932 body bytes, 256 header bytes, 12 chunking overhead bytes  	[MsgId: MMSG-26387]
Action.c(195): Error: list_flightID_count not 0, but new_c_cgifields_count+1 0+1 and c_cgifields_count 46 do not matches	[MsgId: MERR-17999]
End auto log messages stack.	[MsgId: MMSG-10544]


Start auto log messages stack - Iteration 45.	[MsgId: MMSG-10545]
Action.c(155): web_reg_save_param_regexp started  	[MsgId: MMSG-26355]
Action.c(155): Registering web_reg_save_param_regexp was successful  	[MsgId: MMSG-26390]
Action.c(165): web_custom_request("itinerary.pl") started  	[MsgId: MMSG-26355]
Action.c(165): Warning -35049: No match found for the requested parameter "new_c_cgifields". Check whether the requested regular expression exists in the response data  	[MsgId: MWAR-35049]
Action.c(165): Warning -35049: No match found for the requested parameter "empty_list". Check whether the requested regular expression exists in the response data  	[MsgId: MWAR-35049]
Action.c(165): web_custom_request("itinerary.pl") highest severity level was "warning", 932 body bytes, 256 header bytes, 12 chunking overhead bytes  	[MsgId: MMSG-26387]
Action.c(195): Error: list_flightID_count not 0, but new_c_cgifields_count+1 0+1 and c_cgifields_count 43 do not matches	[MsgId: MERR-17999]
End auto log messages stack.	[MsgId: MMSG-10544]


Start auto log messages stack - Iteration 31.	[MsgId: MMSG-10545]
Action.c(155): web_reg_save_param_regexp started  	[MsgId: MMSG-26355]
Action.c(155): Registering web_reg_save_param_regexp was successful  	[MsgId: MMSG-26390]
Action.c(165): web_custom_request("itinerary.pl") started  	[MsgId: MMSG-26355]
Action.c(165): Warning -35049: No match found for the requested parameter "new_c_cgifields". Check whether the requested regular expression exists in the response data  	[MsgId: MWAR-35049]
Action.c(165): Warning -35049: No match found for the requested parameter "empty_list". Check whether the requested regular expression exists in the response data  	[MsgId: MWAR-35049]
Action.c(165): web_custom_request("itinerary.pl") highest severity level was "warning", 932 body bytes, 256 header bytes, 12 chunking overhead bytes  	[MsgId: MMSG-26387]
Action.c(195): Error: list_flightID_count not 0, but new_c_cgifields_count+1 0+1 and c_cgifields_count 49 do not matches	[MsgId: MERR-17999]
End auto log messages stack.	[MsgId: MMSG-10544]


Start auto log messages stack - Iteration 4.	[MsgId: MMSG-10545]
Action.c(155): web_reg_save_param_regexp started  	[MsgId: MMSG-26355]
Action.c(155): Registering web_reg_save_param_regexp was successful  	[MsgId: MMSG-26390]
Action.c(165): web_custom_request("itinerary.pl") started  	[MsgId: MMSG-26355]
Action.c(165): Warning -35049: No match found for the requested parameter "new_c_cgifields". Check whether the requested regular expression exists in the response data  	[MsgId: MWAR-35049]
Action.c(165): Warning -35049: No match found for the requested parameter "empty_list". Check whether the requested regular expression exists in the response data  	[MsgId: MWAR-35049]
Action.c(165): web_custom_request("itinerary.pl") highest severity level was "warning", 932 body bytes, 256 header bytes, 12 chunking overhead bytes  	[MsgId: MMSG-26387]
Action.c(195): Error: list_flightID_count not 0, but new_c_cgifields_count+1 0+1 and c_cgifields_count 47 do not matches	[MsgId: MERR-17999]
End auto log messages stack.	[MsgId: MMSG-10544]


Start auto log messages stack - Iteration 47.	[MsgId: MMSG-10545]
Action.c(155): web_reg_save_param_regexp started  	[MsgId: MMSG-26355]
Action.c(155): Registering web_reg_save_param_regexp was successful  	[MsgId: MMSG-26390]
Action.c(165): web_custom_request("itinerary.pl") started  	[MsgId: MMSG-26355]
Action.c(165): Warning -35049: No match found for the requested parameter "new_c_cgifields". Check whether the requested regular expression exists in the response data  	[MsgId: MWAR-35049]
Action.c(165): Warning -35049: No match found for the requested parameter "empty_list". Check whether the requested regular expression exists in the response data  	[MsgId: MWAR-35049]
Action.c(165): web_custom_request("itinerary.pl") highest severity level was "warning", 932 body bytes, 256 header bytes, 12 chunking overhead bytes  	[MsgId: MMSG-26387]
Action.c(195): Error: list_flightID_count not 0, but new_c_cgifields_count+1 0+1 and c_cgifields_count 41 do not matches	[MsgId: MERR-17999]
End auto log messages stack.	[MsgId: MMSG-10544]


Start auto log messages stack - Iteration 4.	[MsgId: MMSG-10545]
Action.c(155): web_reg_save_param_regexp started  	[MsgId: MMSG-26355]
Action.c(155): Registering web_reg_save_param_regexp was successful  	[MsgId: MMSG-26390]
Action.c(165): web_custom_request("itinerary.pl") started  	[MsgId: MMSG-26355]
Action.c(165): Warning -35049: No match found for the requested parameter "new_c_cgifields". Check whether the requested regular expression exists in the response data  	[MsgId: MWAR-35049]
Action.c(165): Warning -35049: No match found for the requested parameter "empty_list". Check whether the requested regular expression exists in the response data  	[MsgId: MWAR-35049]
Action.c(165): web_custom_request("itinerary.pl") highest severity level was "warning", 932 body bytes, 256 header bytes, 12 chunking overhead bytes  	[MsgId: MMSG-26387]
Action.c(195): Error: list_flightID_count not 0, but new_c_cgifields_count+1 0+1 and c_cgifields_count 48 do not matches	[MsgId: MERR-17999]
End auto log messages stack.	[MsgId: MMSG-10544]


Start auto log messages stack - Iteration 33.	[MsgId: MMSG-10545]
Action.c(155): web_reg_save_param_regexp started  	[MsgId: MMSG-26355]
Action.c(155): Registering web_reg_save_param_regexp was successful  	[MsgId: MMSG-26390]
Action.c(165): web_custom_request("itinerary.pl") started  	[MsgId: MMSG-26355]
Action.c(165): Warning -35049: No match found for the requested parameter "new_c_cgifields". Check whether the requested regular expression exists in the response data  	[MsgId: MWAR-35049]
Action.c(165): Warning -35049: No match found for the requested parameter "empty_list". Check whether the requested regular expression exists in the response data  	[MsgId: MWAR-35049]
Action.c(165): web_custom_request("itinerary.pl") highest severity level was "warning", 932 body bytes, 256 header bytes, 12 chunking overhead bytes  	[MsgId: MMSG-26387]
Action.c(195): Error: list_flightID_count not 0, but new_c_cgifields_count+1 0+1 and c_cgifields_count 47 do not matches	[MsgId: MERR-17999]
End auto log messages stack.	[MsgId: MMSG-10544]


Start auto log messages stack - Iteration 48.	[MsgId: MMSG-10545]
Action.c(155): web_reg_save_param_regexp started  	[MsgId: MMSG-26355]
Action.c(155): Registering web_reg_save_param_regexp was successful  	[MsgId: MMSG-26390]
Action.c(165): web_custom_request("itinerary.pl") started  	[MsgId: MMSG-26355]
Action.c(165): Warning -35049: No match found for the requested parameter "new_c_cgifields". Check whether the requested regular expression exists in the response data  	[MsgId: MWAR-35049]
Action.c(165): Warning -35049: No match found for the requested parameter "empty_list". Check whether the requested regular expression exists in the response data  	[MsgId: MWAR-35049]
Action.c(165): web_custom_request("itinerary.pl") highest severity level was "warning", 932 body bytes, 256 header bytes, 12 chunking overhead bytes  	[MsgId: MMSG-26387]
Action.c(195): Error: list_flightID_count not 0, but new_c_cgifields_count+1 0+1 and c_cgifields_count 43 do not matches	[MsgId: MERR-17999]
End auto log messages stack.	[MsgId: MMSG-10544]


Start auto log messages stack - Iteration 5.	[MsgId: MMSG-10545]
Action.c(155): web_reg_save_param_regexp started  	[MsgId: MMSG-26355]
Action.c(155): Registering web_reg_save_param_regexp was successful  	[MsgId: MMSG-26390]
Action.c(165): web_custom_request("itinerary.pl") started  	[MsgId: MMSG-26355]
Action.c(165): Warning -35049: No match found for the requested parameter "new_c_cgifields". Check whether the requested regular expression exists in the response data  	[MsgId: MWAR-35049]
Action.c(165): Warning -35049: No match found for the requested parameter "empty_list". Check whether the requested regular expression exists in the response data  	[MsgId: MWAR-35049]
Action.c(165): web_custom_request("itinerary.pl") highest severity level was "warning", 932 body bytes, 256 header bytes, 12 chunking overhead bytes  	[MsgId: MMSG-26387]
Action.c(195): Error: list_flightID_count not 0, but new_c_cgifields_count+1 0+1 and c_cgifields_count 49 do not matches	[MsgId: MERR-17999]
End auto log messages stack.	[MsgId: MMSG-10544]


Start auto log messages stack - Iteration 48.	[MsgId: MMSG-10545]
Action.c(155): web_reg_save_param_regexp started  	[MsgId: MMSG-26355]
Action.c(155): Registering web_reg_save_param_regexp was successful  	[MsgId: MMSG-26390]
Action.c(165): web_custom_request("itinerary.pl") started  	[MsgId: MMSG-26355]
Action.c(165): Warning -35049: No match found for the requested parameter "new_c_cgifields". Check whether the requested regular expression exists in the response data  	[MsgId: MWAR-35049]
Action.c(165): Warning -35049: No match found for the requested parameter "empty_list". Check whether the requested regular expression exists in the response data  	[MsgId: MWAR-35049]
Action.c(165): web_custom_request("itinerary.pl") highest severity level was "warning", 932 body bytes, 256 header bytes, 12 chunking overhead bytes  	[MsgId: MMSG-26387]
Action.c(195): Error: list_flightID_count not 0, but new_c_cgifields_count+1 0+1 and c_cgifields_count 44 do not matches	[MsgId: MERR-17999]
End auto log messages stack.	[MsgId: MMSG-10544]


Start auto log messages stack - Iteration 20.	[MsgId: MMSG-10545]
Action.c(155): web_reg_save_param_regexp started  	[MsgId: MMSG-26355]
Action.c(155): Registering web_reg_save_param_regexp was successful  	[MsgId: MMSG-26390]
Action.c(165): web_custom_request("itinerary.pl") started  	[MsgId: MMSG-26355]
Action.c(165): Warning -35049: No match found for the requested parameter "new_c_cgifields". Check whether the requested regular expression exists in the response data  	[MsgId: MWAR-35049]
Action.c(165): Warning -35049: No match found for the requested parameter "empty_list". Check whether the requested regular expression exists in the response data  	[MsgId: MWAR-35049]
Action.c(165): web_custom_request("itinerary.pl") highest severity level was "warning", 932 body bytes, 256 header bytes, 12 chunking overhead bytes  	[MsgId: MMSG-26387]
Action.c(195): Error: list_flightID_count not 0, but new_c_cgifields_count+1 0+1 and c_cgifields_count 42 do not matches	[MsgId: MERR-17999]
End auto log messages stack.	[MsgId: MMSG-10544]


Start auto log messages stack - Iteration 63.	[MsgId: MMSG-10545]
Action.c(155): web_reg_save_param_regexp started  	[MsgId: MMSG-26355]
Action.c(155): Registering web_reg_save_param_regexp was successful  	[MsgId: MMSG-26390]
Action.c(165): web_custom_request("itinerary.pl") started  	[MsgId: MMSG-26355]
Action.c(165): Warning -35049: No match found for the requested parameter "new_c_cgifields". Check whether the requested regular expression exists in the response data  	[MsgId: MWAR-35049]
Action.c(165): Warning -35049: No match found for the requested parameter "empty_list". Check whether the requested regular expression exists in the response data  	[MsgId: MWAR-35049]
Action.c(165): web_custom_request("itinerary.pl") highest severity level was "warning", 932 body bytes, 256 header bytes, 12 chunking overhead bytes  	[MsgId: MMSG-26387]
Action.c(195): Error: list_flightID_count not 0, but new_c_cgifields_count+1 0+1 and c_cgifields_count 46 do not matches	[MsgId: MERR-17999]
End auto log messages stack.	[MsgId: MMSG-10544]


Start auto log messages stack - Iteration 6.	[MsgId: MMSG-10545]
Action.c(155): web_reg_save_param_regexp started  	[MsgId: MMSG-26355]
Action.c(155): Registering web_reg_save_param_regexp was successful  	[MsgId: MMSG-26390]
Action.c(165): web_custom_request("itinerary.pl") started  	[MsgId: MMSG-26355]
Action.c(165): Warning -35049: No match found for the requested parameter "new_c_cgifields". Check whether the requested regular expression exists in the response data  	[MsgId: MWAR-35049]
Action.c(165): Warning -35049: No match found for the requested parameter "empty_list". Check whether the requested regular expression exists in the response data  	[MsgId: MWAR-35049]
Action.c(165): web_custom_request("itinerary.pl") highest severity level was "warning", 932 body bytes, 256 header bytes, 12 chunking overhead bytes  	[MsgId: MMSG-26387]
Action.c(195): Error: list_flightID_count not 0, but new_c_cgifields_count+1 0+1 and c_cgifields_count 49 do not matches	[MsgId: MERR-17999]
End auto log messages stack.	[MsgId: MMSG-10544]


Start auto log messages stack - Iteration 7.	[MsgId: MMSG-10545]
Action.c(155): web_reg_save_param_regexp started  	[MsgId: MMSG-26355]
Action.c(155): Registering web_reg_save_param_regexp was successful  	[MsgId: MMSG-26390]
Action.c(165): web_custom_request("itinerary.pl") started  	[MsgId: MMSG-26355]
Action.c(165): Warning -35049: No match found for the requested parameter "new_c_cgifields". Check whether the requested regular expression exists in the response data  	[MsgId: MWAR-35049]
Action.c(165): Warning -35049: No match found for the requested parameter "empty_list". Check whether the requested regular expression exists in the response data  	[MsgId: MWAR-35049]
Action.c(165): web_custom_request("itinerary.pl") highest severity level was "warning", 932 body bytes, 256 header bytes, 12 chunking overhead bytes  	[MsgId: MMSG-26387]
Action.c(195): Error: list_flightID_count not 0, but new_c_cgifields_count+1 0+1 and c_cgifields_count 47 do not matches	[MsgId: MERR-17999]
End auto log messages stack.	[MsgId: MMSG-10544]


Start auto log messages stack - Iteration 50.	[MsgId: MMSG-10545]
Action.c(155): web_reg_save_param_regexp started  	[MsgId: MMSG-26355]
Action.c(155): Registering web_reg_save_param_regexp was successful  	[MsgId: MMSG-26390]
Action.c(165): web_custom_request("itinerary.pl") started  	[MsgId: MMSG-26355]
Action.c(165): Warning -35049: No match found for the requested parameter "new_c_cgifields". Check whether the requested regular expression exists in the response data  	[MsgId: MWAR-35049]
Action.c(165): Warning -35049: No match found for the requested parameter "empty_list". Check whether the requested regular expression exists in the response data  	[MsgId: MWAR-35049]
Action.c(165): web_custom_request("itinerary.pl") highest severity level was "warning", 932 body bytes, 256 header bytes, 12 chunking overhead bytes  	[MsgId: MMSG-26387]
Action.c(195): Error: list_flightID_count not 0, but new_c_cgifields_count+1 0+1 and c_cgifields_count 45 do not matches	[MsgId: MERR-17999]
End auto log messages stack.	[MsgId: MMSG-10544]


Start auto log messages stack - Iteration 50.	[MsgId: MMSG-10545]
Action.c(155): web_reg_save_param_regexp started  	[MsgId: MMSG-26355]
Action.c(155): Registering web_reg_save_param_regexp was successful  	[MsgId: MMSG-26390]
Action.c(165): web_custom_request("itinerary.pl") started  	[MsgId: MMSG-26355]
Action.c(165): Warning -35049: No match found for the requested parameter "new_c_cgifields". Check whether the requested regular expression exists in the response data  	[MsgId: MWAR-35049]
Action.c(165): Warning -35049: No match found for the requested parameter "empty_list". Check whether the requested regular expression exists in the response data  	[MsgId: MWAR-35049]
Action.c(165): web_custom_request("itinerary.pl") highest severity level was "warning", 932 body bytes, 256 header bytes, 12 chunking overhead bytes  	[MsgId: MMSG-26387]
Action.c(195): Error: list_flightID_count not 0, but new_c_cgifields_count+1 0+1 and c_cgifields_count 46 do not matches	[MsgId: MERR-17999]
End auto log messages stack.	[MsgId: MMSG-10544]


Start auto log messages stack - Iteration 22.	[MsgId: MMSG-10545]
Action.c(155): web_reg_save_param_regexp started  	[MsgId: MMSG-26355]
Action.c(155): Registering web_reg_save_param_regexp was successful  	[MsgId: MMSG-26390]
Action.c(165): web_custom_request("itinerary.pl") started  	[MsgId: MMSG-26355]
Action.c(165): Warning -35049: No match found for the requested parameter "new_c_cgifields". Check whether the requested regular expression exists in the response data  	[MsgId: MWAR-35049]
Action.c(165): Warning -35049: No match found for the requested parameter "empty_list". Check whether the requested regular expression exists in the response data  	[MsgId: MWAR-35049]
Action.c(165): web_custom_request("itinerary.pl") highest severity level was "warning", 932 body bytes, 256 header bytes, 12 chunking overhead bytes  	[MsgId: MMSG-26387]
Action.c(195): Error: list_flightID_count not 0, but new_c_cgifields_count+1 0+1 and c_cgifields_count 49 do not matches	[MsgId: MERR-17999]
End auto log messages stack.	[MsgId: MMSG-10544]


Start auto log messages stack - Iteration 22.	[MsgId: MMSG-10545]
Action.c(155): web_reg_save_param_regexp started  	[MsgId: MMSG-26355]
Action.c(155): Registering web_reg_save_param_regexp was successful  	[MsgId: MMSG-26390]
Action.c(165): web_custom_request("itinerary.pl") started  	[MsgId: MMSG-26355]
Action.c(165): Warning -35049: No match found for the requested parameter "new_c_cgifields". Check whether the requested regular expression exists in the response data  	[MsgId: MWAR-35049]
Action.c(165): Warning -35049: No match found for the requested parameter "empty_list". Check whether the requested regular expression exists in the response data  	[MsgId: MWAR-35049]
Action.c(165): web_custom_request("itinerary.pl") highest severity level was "warning", 932 body bytes, 256 header bytes, 12 chunking overhead bytes  	[MsgId: MMSG-26387]
Action.c(195): Error: list_flightID_count not 0, but new_c_cgifields_count+1 0+1 and c_cgifields_count 50 do not matches	[MsgId: MERR-17999]
End auto log messages stack.	[MsgId: MMSG-10544]


Start auto log messages stack - Iteration 8.	[MsgId: MMSG-10545]
Action.c(155): web_reg_save_param_regexp started  	[MsgId: MMSG-26355]
Action.c(155): Registering web_reg_save_param_regexp was successful  	[MsgId: MMSG-26390]
Action.c(165): web_custom_request("itinerary.pl") started  	[MsgId: MMSG-26355]
Action.c(165): Warning -35049: No match found for the requested parameter "new_c_cgifields". Check whether the requested regular expression exists in the response data  	[MsgId: MWAR-35049]
Action.c(165): Warning -35049: No match found for the requested parameter "empty_list". Check whether the requested regular expression exists in the response data  	[MsgId: MWAR-35049]
Action.c(165): web_custom_request("itinerary.pl") highest severity level was "warning", 932 body bytes, 256 header bytes, 12 chunking overhead bytes  	[MsgId: MMSG-26387]
Action.c(195): Error: list_flightID_count not 0, but new_c_cgifields_count+1 0+1 and c_cgifields_count 51 do not matches	[MsgId: MERR-17999]
End auto log messages stack.	[MsgId: MMSG-10544]


Start auto log messages stack - Iteration 51.	[MsgId: MMSG-10545]
Action.c(155): web_reg_save_param_regexp started  	[MsgId: MMSG-26355]
Action.c(155): Registering web_reg_save_param_regexp was successful  	[MsgId: MMSG-26390]
Action.c(165): web_custom_request("itinerary.pl") started  	[MsgId: MMSG-26355]
Action.c(165): Warning -35049: No match found for the requested parameter "new_c_cgifields". Check whether the requested regular expression exists in the response data  	[MsgId: MWAR-35049]
Action.c(165): Warning -35049: No match found for the requested parameter "empty_list". Check whether the requested regular expression exists in the response data  	[MsgId: MWAR-35049]
Action.c(165): web_custom_request("itinerary.pl") highest severity level was "warning", 932 body bytes, 256 header bytes, 12 chunking overhead bytes  	[MsgId: MMSG-26387]
Action.c(195): Error: list_flightID_count not 0, but new_c_cgifields_count+1 0+1 and c_cgifields_count 52 do not matches	[MsgId: MERR-17999]
End auto log messages stack.	[MsgId: MMSG-10544]


Start auto log messages stack - Iteration 65.	[MsgId: MMSG-10545]
Action.c(155): web_reg_save_param_regexp started  	[MsgId: MMSG-26355]
Action.c(155): Registering web_reg_save_param_regexp was successful  	[MsgId: MMSG-26390]
Action.c(165): web_custom_request("itinerary.pl") started  	[MsgId: MMSG-26355]
Action.c(165): Warning -35049: No match found for the requested parameter "new_c_cgifields". Check whether the requested regular expression exists in the response data  	[MsgId: MWAR-35049]
Action.c(165): Warning -35049: No match found for the requested parameter "empty_list". Check whether the requested regular expression exists in the response data  	[MsgId: MWAR-35049]
Action.c(165): web_custom_request("itinerary.pl") highest severity level was "warning", 932 body bytes, 256 header bytes, 12 chunking overhead bytes  	[MsgId: MMSG-26387]
Action.c(195): Error: list_flightID_count not 0, but new_c_cgifields_count+1 0+1 and c_cgifields_count 50 do not matches	[MsgId: MERR-17999]
End auto log messages stack.	[MsgId: MMSG-10544]


Start auto log messages stack - Iteration 66.	[MsgId: MMSG-10545]
Action.c(155): web_reg_save_param_regexp started  	[MsgId: MMSG-26355]
Action.c(155): Registering web_reg_save_param_regexp was successful  	[MsgId: MMSG-26390]
Action.c(165): web_custom_request("itinerary.pl") started  	[MsgId: MMSG-26355]
Action.c(165): Warning -35049: No match found for the requested parameter "new_c_cgifields". Check whether the requested regular expression exists in the response data  	[MsgId: MWAR-35049]
Action.c(165): Warning -35049: No match found for the requested parameter "empty_list". Check whether the requested regular expression exists in the response data  	[MsgId: MWAR-35049]
Action.c(165): web_custom_request("itinerary.pl") highest severity level was "warning", 932 body bytes, 256 header bytes, 12 chunking overhead bytes  	[MsgId: MMSG-26387]
Action.c(195): Error: list_flightID_count not 0, but new_c_cgifields_count+1 0+1 and c_cgifields_count 49 do not matches	[MsgId: MERR-17999]
End auto log messages stack.	[MsgId: MMSG-10544]


Start auto log messages stack - Iteration 23.	[MsgId: MMSG-10545]
Action.c(144): web_reg_save_param_regexp started  	[MsgId: MMSG-26355]
Action.c(144): Registering web_reg_save_param_regexp was successful  	[MsgId: MMSG-26390]
Action.c(155): web_reg_save_param_regexp started  	[MsgId: MMSG-26355]
Action.c(155): Registering web_reg_save_param_regexp was successful  	[MsgId: MMSG-26390]
Action.c(165): web_custom_request("itinerary.pl") started  	[MsgId: MMSG-26355]
Action.c(165): Warning -35049: No match found for the requested parameter "empty_list". Check whether the requested regular expression exists in the response data  	[MsgId: MWAR-35049]
Action.c(165): web_custom_request("itinerary.pl") highest severity level was "warning", 59880 body bytes, 256 header bytes, 123 chunking overhead bytes  	[MsgId: MMSG-26387]
Action.c(195): Error: list_flightID_count not 0, but new_c_cgifields_count+1 50+1 and c_cgifields_count 50 do not matches	[MsgId: MERR-17999]
End auto log messages stack.	[MsgId: MMSG-10544]


Start auto log messages stack - Iteration 9.	[MsgId: MMSG-10545]
Action.c(155): web_reg_save_param_regexp started  	[MsgId: MMSG-26355]
Action.c(155): Registering web_reg_save_param_regexp was successful  	[MsgId: MMSG-26390]
Action.c(165): web_custom_request("itinerary.pl") started  	[MsgId: MMSG-26355]
Action.c(165): Warning -35049: No match found for the requested parameter "new_c_cgifields". Check whether the requested regular expression exists in the response data  	[MsgId: MWAR-35049]
Action.c(165): Warning -35049: No match found for the requested parameter "empty_list". Check whether the requested regular expression exists in the response data  	[MsgId: MWAR-35049]
Action.c(165): web_custom_request("itinerary.pl") highest severity level was "warning", 932 body bytes, 256 header bytes, 12 chunking overhead bytes  	[MsgId: MMSG-26387]
Action.c(195): Error: list_flightID_count not 0, but new_c_cgifields_count+1 0+1 and c_cgifields_count 50 do not matches	[MsgId: MERR-17999]
End auto log messages stack.	[MsgId: MMSG-10544]


Start auto log messages stack - Iteration 24.	[MsgId: MMSG-10545]
Action.c(155): web_reg_save_param_regexp started  	[MsgId: MMSG-26355]
Action.c(155): Registering web_reg_save_param_regexp was successful  	[MsgId: MMSG-26390]
Action.c(165): web_custom_request("itinerary.pl") started  	[MsgId: MMSG-26355]
Action.c(165): Warning -35049: No match found for the requested parameter "new_c_cgifields". Check whether the requested regular expression exists in the response data  	[MsgId: MWAR-35049]
Action.c(165): Warning -35049: No match found for the requested parameter "empty_list". Check whether the requested regular expression exists in the response data  	[MsgId: MWAR-35049]
Action.c(165): web_custom_request("itinerary.pl") highest severity level was "warning", 932 body bytes, 256 header bytes, 12 chunking overhead bytes  	[MsgId: MMSG-26387]
Action.c(195): Error: list_flightID_count not 0, but new_c_cgifields_count+1 0+1 and c_cgifields_count 51 do not matches	[MsgId: MERR-17999]
End auto log messages stack.	[MsgId: MMSG-10544]


Start auto log messages stack - Iteration 10.	[MsgId: MMSG-10545]
Action.c(155): web_reg_save_param_regexp started  	[MsgId: MMSG-26355]
Action.c(155): Registering web_reg_save_param_regexp was successful  	[MsgId: MMSG-26390]
Action.c(165): web_custom_request("itinerary.pl") started  	[MsgId: MMSG-26355]
Action.c(165): Warning -35049: No match found for the requested parameter "new_c_cgifields". Check whether the requested regular expression exists in the response data  	[MsgId: MWAR-35049]
Action.c(165): Warning -35049: No match found for the requested parameter "empty_list". Check whether the requested regular expression exists in the response data  	[MsgId: MWAR-35049]
Action.c(165): web_custom_request("itinerary.pl") highest severity level was "warning", 932 body bytes, 256 header bytes, 12 chunking overhead bytes  	[MsgId: MMSG-26387]
Action.c(195): Error: list_flightID_count not 0, but new_c_cgifields_count+1 0+1 and c_cgifields_count 52 do not matches	[MsgId: MERR-17999]
End auto log messages stack.	[MsgId: MMSG-10544]


Start auto log messages stack - Iteration 68.	[MsgId: MMSG-10545]
Action.c(155): web_reg_save_param_regexp started  	[MsgId: MMSG-26355]
Action.c(155): Registering web_reg_save_param_regexp was successful  	[MsgId: MMSG-26390]
Action.c(165): web_custom_request("itinerary.pl") started  	[MsgId: MMSG-26355]
Action.c(165): Warning -35049: No match found for the requested parameter "new_c_cgifields". Check whether the requested regular expression exists in the response data  	[MsgId: MWAR-35049]
Action.c(165): Warning -35049: No match found for the requested parameter "empty_list". Check whether the requested regular expression exists in the response data  	[MsgId: MWAR-35049]
Action.c(165): web_custom_request("itinerary.pl") highest severity level was "warning", 932 body bytes, 256 header bytes, 12 chunking overhead bytes  	[MsgId: MMSG-26387]
Action.c(195): Error: list_flightID_count not 0, but new_c_cgifields_count+1 0+1 and c_cgifields_count 51 do not matches	[MsgId: MERR-17999]
End auto log messages stack.	[MsgId: MMSG-10544]


Start auto log messages stack - Iteration 25.	[MsgId: MMSG-10545]
Action.c(155): web_reg_save_param_regexp started  	[MsgId: MMSG-26355]
Action.c(155): Registering web_reg_save_param_regexp was successful  	[MsgId: MMSG-26390]
Action.c(165): web_custom_request("itinerary.pl") started  	[MsgId: MMSG-26355]
Action.c(165): Warning -35049: No match found for the requested parameter "new_c_cgifields". Check whether the requested regular expression exists in the response data  	[MsgId: MWAR-35049]
Action.c(165): Warning -35049: No match found for the requested parameter "empty_list". Check whether the requested regular expression exists in the response data  	[MsgId: MWAR-35049]
Action.c(165): web_custom_request("itinerary.pl") highest severity level was "warning", 932 body bytes, 256 header bytes, 12 chunking overhead bytes  	[MsgId: MMSG-26387]
Action.c(195): Error: list_flightID_count not 0, but new_c_cgifields_count+1 0+1 and c_cgifields_count 53 do not matches	[MsgId: MERR-17999]
End auto log messages stack.	[MsgId: MMSG-10544]


Start auto log messages stack - Iteration 68.	[MsgId: MMSG-10545]
Action.c(155): web_reg_save_param_regexp started  	[MsgId: MMSG-26355]
Action.c(155): Registering web_reg_save_param_regexp was successful  	[MsgId: MMSG-26390]
Action.c(165): web_custom_request("itinerary.pl") started  	[MsgId: MMSG-26355]
Action.c(165): Warning -35049: No match found for the requested parameter "new_c_cgifields". Check whether the requested regular expression exists in the response data  	[MsgId: MWAR-35049]
Action.c(165): Warning -35049: No match found for the requested parameter "empty_list". Check whether the requested regular expression exists in the response data  	[MsgId: MWAR-35049]
Action.c(165): web_custom_request("itinerary.pl") highest severity level was "warning", 932 body bytes, 256 header bytes, 12 chunking overhead bytes  	[MsgId: MMSG-26387]
Action.c(195): Error: list_flightID_count not 0, but new_c_cgifields_count+1 0+1 and c_cgifields_count 52 do not matches	[MsgId: MERR-17999]
End auto log messages stack.	[MsgId: MMSG-10544]


Start auto log messages stack - Iteration 54.	[MsgId: MMSG-10545]
Action.c(155): web_reg_save_param_regexp started  	[MsgId: MMSG-26355]
Action.c(155): Registering web_reg_save_param_regexp was successful  	[MsgId: MMSG-26390]
Action.c(165): web_custom_request("itinerary.pl") started  	[MsgId: MMSG-26355]
Action.c(165): Warning -35049: No match found for the requested parameter "new_c_cgifields". Check whether the requested regular expression exists in the response data  	[MsgId: MWAR-35049]
Action.c(165): Warning -35049: No match found for the requested parameter "empty_list". Check whether the requested regular expression exists in the response data  	[MsgId: MWAR-35049]
Action.c(165): web_custom_request("itinerary.pl") highest severity level was "warning", 932 body bytes, 256 header bytes, 12 chunking overhead bytes  	[MsgId: MMSG-26387]
Action.c(195): Error: list_flightID_count not 0, but new_c_cgifields_count+1 0+1 and c_cgifields_count 53 do not matches	[MsgId: MERR-17999]
End auto log messages stack.	[MsgId: MMSG-10544]


Start auto log messages stack - Iteration 12.	[MsgId: MMSG-10545]
Action.c(155): web_reg_save_param_regexp started  	[MsgId: MMSG-26355]
Action.c(155): Registering web_reg_save_param_regexp was successful  	[MsgId: MMSG-26390]
Action.c(165): web_custom_request("itinerary.pl") started  	[MsgId: MMSG-26355]
Action.c(165): Warning -35049: No match found for the requested parameter "new_c_cgifields". Check whether the requested regular expression exists in the response data  	[MsgId: MWAR-35049]
Action.c(165): Warning -35049: No match found for the requested parameter "empty_list". Check whether the requested regular expression exists in the response data  	[MsgId: MWAR-35049]
Action.c(165): web_custom_request("itinerary.pl") highest severity level was "warning", 932 body bytes, 256 header bytes, 12 chunking overhead bytes  	[MsgId: MMSG-26387]
Action.c(195): Error: list_flightID_count not 0, but new_c_cgifields_count+1 0+1 and c_cgifields_count 58 do not matches	[MsgId: MERR-17999]
End auto log messages stack.	[MsgId: MMSG-10544]


Start auto log messages stack - Iteration 27.	[MsgId: MMSG-10545]
Action.c(155): web_reg_save_param_regexp started  	[MsgId: MMSG-26355]
Action.c(155): Registering web_reg_save_param_regexp was successful  	[MsgId: MMSG-26390]
Action.c(165): web_custom_request("itinerary.pl") started  	[MsgId: MMSG-26355]
Action.c(165): Warning -35049: No match found for the requested parameter "new_c_cgifields". Check whether the requested regular expression exists in the response data  	[MsgId: MWAR-35049]
Action.c(165): Warning -35049: No match found for the requested parameter "empty_list". Check whether the requested regular expression exists in the response data  	[MsgId: MWAR-35049]
Action.c(165): web_custom_request("itinerary.pl") highest severity level was "warning", 932 body bytes, 256 header bytes, 12 chunking overhead bytes  	[MsgId: MMSG-26387]
Action.c(195): Error: list_flightID_count not 0, but new_c_cgifields_count+1 0+1 and c_cgifields_count 50 do not matches	[MsgId: MERR-17999]
End auto log messages stack.	[MsgId: MMSG-10544]


Start auto log messages stack - Iteration 13.	[MsgId: MMSG-10545]
Action.c(155): web_reg_save_param_regexp started  	[MsgId: MMSG-26355]
Action.c(155): Registering web_reg_save_param_regexp was successful  	[MsgId: MMSG-26390]
Action.c(165): web_custom_request("itinerary.pl") started  	[MsgId: MMSG-26355]
Action.c(165): Warning -35049: No match found for the requested parameter "new_c_cgifields". Check whether the requested regular expression exists in the response data  	[MsgId: MWAR-35049]
Action.c(165): Warning -35049: No match found for the requested parameter "empty_list". Check whether the requested regular expression exists in the response data  	[MsgId: MWAR-35049]
Action.c(165): web_custom_request("itinerary.pl") highest severity level was "warning", 932 body bytes, 256 header bytes, 12 chunking overhead bytes  	[MsgId: MMSG-26387]
Action.c(195): Error: list_flightID_count not 0, but new_c_cgifields_count+1 0+1 and c_cgifields_count 57 do not matches	[MsgId: MERR-17999]
End auto log messages stack.	[MsgId: MMSG-10544]


Start auto log messages stack - Iteration 56.	[MsgId: MMSG-10545]
Action.c(155): web_reg_save_param_regexp started  	[MsgId: MMSG-26355]
Action.c(155): Registering web_reg_save_param_regexp was successful  	[MsgId: MMSG-26390]
Action.c(165): web_custom_request("itinerary.pl") started  	[MsgId: MMSG-26355]
Action.c(165): Warning -35049: No match found for the requested parameter "new_c_cgifields". Check whether the requested regular expression exists in the response data  	[MsgId: MWAR-35049]
Action.c(165): Warning -35049: No match found for the requested parameter "empty_list". Check whether the requested regular expression exists in the response data  	[MsgId: MWAR-35049]
Action.c(165): web_custom_request("itinerary.pl") highest severity level was "warning", 932 body bytes, 256 header bytes, 12 chunking overhead bytes  	[MsgId: MMSG-26387]
Action.c(195): Error: list_flightID_count not 0, but new_c_cgifields_count+1 0+1 and c_cgifields_count 54 do not matches	[MsgId: MERR-17999]
End auto log messages stack.	[MsgId: MMSG-10544]


Start auto log messages stack - Iteration 71.	[MsgId: MMSG-10545]
Action.c(155): web_reg_save_param_regexp started  	[MsgId: MMSG-26355]
Action.c(155): Registering web_reg_save_param_regexp was successful  	[MsgId: MMSG-26390]
Action.c(165): web_custom_request("itinerary.pl") started  	[MsgId: MMSG-26355]
Action.c(165): Warning -35049: No match found for the requested parameter "new_c_cgifields". Check whether the requested regular expression exists in the response data  	[MsgId: MWAR-35049]
Action.c(165): Warning -35049: No match found for the requested parameter "empty_list". Check whether the requested regular expression exists in the response data  	[MsgId: MWAR-35049]
Action.c(165): web_custom_request("itinerary.pl") highest severity level was "warning", 932 body bytes, 256 header bytes, 12 chunking overhead bytes  	[MsgId: MMSG-26387]
Action.c(195): Error: list_flightID_count not 0, but new_c_cgifields_count+1 0+1 and c_cgifields_count 58 do not matches	[MsgId: MERR-17999]
End auto log messages stack.	[MsgId: MMSG-10544]


Start auto log messages stack - Iteration 28.	[MsgId: MMSG-10545]
Action.c(155): web_reg_save_param_regexp started  	[MsgId: MMSG-26355]
Action.c(155): Registering web_reg_save_param_regexp was successful  	[MsgId: MMSG-26390]
Action.c(165): web_custom_request("itinerary.pl") started  	[MsgId: MMSG-26355]
Action.c(165): Warning -35049: No match found for the requested parameter "new_c_cgifields". Check whether the requested regular expression exists in the response data  	[MsgId: MWAR-35049]
Action.c(165): Warning -35049: No match found for the requested parameter "empty_list". Check whether the requested regular expression exists in the response data  	[MsgId: MWAR-35049]
Action.c(165): web_custom_request("itinerary.pl") highest severity level was "warning", 932 body bytes, 256 header bytes, 12 chunking overhead bytes  	[MsgId: MMSG-26387]
Action.c(195): Error: list_flightID_count not 0, but new_c_cgifields_count+1 0+1 and c_cgifields_count 55 do not matches	[MsgId: MERR-17999]
End auto log messages stack.	[MsgId: MMSG-10544]


Start auto log messages stack - Iteration 43.	[MsgId: MMSG-10545]
Action.c(155): web_reg_save_param_regexp started  	[MsgId: MMSG-26355]
Action.c(155): Registering web_reg_save_param_regexp was successful  	[MsgId: MMSG-26390]
Action.c(165): web_custom_request("itinerary.pl") started  	[MsgId: MMSG-26355]
Action.c(165): Warning -35049: No match found for the requested parameter "new_c_cgifields". Check whether the requested regular expression exists in the response data  	[MsgId: MWAR-35049]
Action.c(165): Warning -35049: No match found for the requested parameter "empty_list". Check whether the requested regular expression exists in the response data  	[MsgId: MWAR-35049]
Action.c(165): web_custom_request("itinerary.pl") highest severity level was "warning", 932 body bytes, 256 header bytes, 12 chunking overhead bytes  	[MsgId: MMSG-26387]
Action.c(195): Error: list_flightID_count not 0, but new_c_cgifields_count+1 0+1 and c_cgifields_count 56 do not matches	[MsgId: MERR-17999]
End auto log messages stack.	[MsgId: MMSG-10544]


