Start auto log messages stack - Iteration 1.	[MsgId: MMSG-10545]
Action.c(152): web_reg_save_param_regexp started  	[MsgId: MMSG-26355]
Action.c(152): Registering web_reg_save_param_regexp was successful  	[MsgId: MMSG-26390]
Action.c(162): web_custom_request("itinerary.pl") started  	[MsgId: MMSG-26355]
Action.c(162): Warning -35049: No match found for the requested parameter "new_c_cgifields". Check whether the requested regular expression exists in the response data  	[MsgId: MWAR-35049]
Action.c(162): Warning -35049: No match found for the requested parameter "empty_list". Check whether the requested regular expression exists in the response data  	[MsgId: MWAR-35049]
Action.c(162): web_custom_request("itinerary.pl") highest severity level was "warning", 932 body bytes, 255 header bytes, 12 chunking overhead bytes  	[MsgId: MMSG-26387]
Action.c(192): Error: list_flightID_count not 0, but new_c_cgifields_count+1 0+1 and c_cgifields_count 10 do not matches	[MsgId: MERR-17999]
End auto log messages stack.	[MsgId: MMSG-10544]


Start auto log messages stack - Iteration 1.	[MsgId: MMSG-10545]
Action.c(152): web_reg_save_param_regexp started  	[MsgId: MMSG-26355]
Action.c(152): Registering web_reg_save_param_regexp was successful  	[MsgId: MMSG-26390]
Action.c(162): web_custom_request("itinerary.pl") started  	[MsgId: MMSG-26355]
Action.c(162): Warning -35049: No match found for the requested parameter "new_c_cgifields". Check whether the requested regular expression exists in the response data  	[MsgId: MWAR-35049]
Action.c(162): Warning -35049: No match found for the requested parameter "empty_list". Check whether the requested regular expression exists in the response data  	[MsgId: MWAR-35049]
Start auto log messages stack - Iteration 1.	[MsgId: MMSG-10545]
Action.c(162): web_custom_request("itinerary.pl") highest severity level was "warning", 932 body bytes, 255 header bytes, 12 chunking overhead bytes  	[MsgId: MMSG-26387]
Action.c(192): Error: list_flightID_count not 0, but new_c_cgifields_count+1 0+1 and c_cgifields_count 10 do not matches	[MsgId: MERR-17999]
End auto log messages stack.	[MsgId: MMSG-10544]


Action.c(152): web_reg_save_param_regexp started  	[MsgId: MMSG-26355]
Action.c(152): Registering web_reg_save_param_regexp was successful  	[MsgId: MMSG-26390]
Action.c(162): web_custom_request("itinerary.pl") started  	[MsgId: MMSG-26355]
Action.c(162): Warning -35049: No match found for the requested parameter "new_c_cgifields". Check whether the requested regular expression exists in the response data  	[MsgId: MWAR-35049]
Action.c(162): Warning -35049: No match found for the requested parameter "empty_list". Check whether the requested regular expression exists in the response data  	[MsgId: MWAR-35049]
Action.c(162): web_custom_request("itinerary.pl") highest severity level was "warning", 932 body bytes, 255 header bytes, 12 chunking overhead bytes  	[MsgId: MMSG-26387]
Action.c(192): Error: list_flightID_count not 0, but new_c_cgifields_count+1 0+1 and c_cgifields_count 10 do not matches	[MsgId: MERR-17999]
End auto log messages stack.	[MsgId: MMSG-10544]


Start auto log messages stack - Iteration 2.	[MsgId: MMSG-10545]
Action.c(152): web_reg_save_param_regexp started  	[MsgId: MMSG-26355]
Action.c(152): Registering web_reg_save_param_regexp was successful  	[MsgId: MMSG-26390]
Action.c(162): web_custom_request("itinerary.pl") started  	[MsgId: MMSG-26355]
Action.c(162): Warning -35049: No match found for the requested parameter "new_c_cgifields". Check whether the requested regular expression exists in the response data  	[MsgId: MWAR-35049]
Action.c(162): Warning -35049: No match found for the requested parameter "empty_list". Check whether the requested regular expression exists in the response data  	[MsgId: MWAR-35049]
Action.c(162): web_custom_request("itinerary.pl") highest severity level was "warning", 932 body bytes, 255 header bytes, 12 chunking overhead bytes  	[MsgId: MMSG-26387]
Action.c(192): Error: list_flightID_count not 0, but new_c_cgifields_count+1 0+1 and c_cgifields_count 21 do not matches	[MsgId: MERR-17999]
End auto log messages stack.	[MsgId: MMSG-10544]


Start auto log messages stack - Iteration 2.	[MsgId: MMSG-10545]
Start auto log messages stack - Iteration 2.	[MsgId: MMSG-10545]
Action.c(152): web_reg_save_param_regexp started  	[MsgId: MMSG-26355]
Action.c(152): web_reg_save_param_regexp started  	[MsgId: MMSG-26355]
Action.c(152): Registering web_reg_save_param_regexp was successful  	[MsgId: MMSG-26390]
Action.c(152): Registering web_reg_save_param_regexp was successful  	[MsgId: MMSG-26390]
Action.c(162): web_custom_request("itinerary.pl") started  	[MsgId: MMSG-26355]
Action.c(162): web_custom_request("itinerary.pl") started  	[MsgId: MMSG-26355]
Action.c(162): Warning -35049: No match found for the requested parameter "new_c_cgifields". Check whether the requested regular expression exists in the response data  	[MsgId: MWAR-35049]
Action.c(162): Warning -35049: No match found for the requested parameter "new_c_cgifields". Check whether the requested regular expression exists in the response data  	[MsgId: MWAR-35049]
Action.c(162): Warning -35049: No match found for the requested parameter "empty_list". Check whether the requested regular expression exists in the response data  	[MsgId: MWAR-35049]
Action.c(162): Warning -35049: No match found for the requested parameter "empty_list". Check whether the requested regular expression exists in the response data  	[MsgId: MWAR-35049]
Action.c(162): web_custom_request("itinerary.pl") highest severity level was "warning", 932 body bytes, 255 header bytes, 12 chunking overhead bytes  	[MsgId: MMSG-26387]
Action.c(162): web_custom_request("itinerary.pl") highest severity level was "warning", 932 body bytes, 255 header bytes, 12 chunking overhead bytes  	[MsgId: MMSG-26387]
Action.c(192): Error: list_flightID_count not 0, but new_c_cgifields_count+1 0+1 and c_cgifields_count 21 do not matches	[MsgId: MERR-17999]
Action.c(192): Error: list_flightID_count not 0, but new_c_cgifields_count+1 0+1 and c_cgifields_count 21 do not matches	[MsgId: MERR-17999]
End auto log messages stack.	[MsgId: MMSG-10544]
End auto log messages stack.	[MsgId: MMSG-10544]




Start auto log messages stack - Iteration 3.	[MsgId: MMSG-10545]
Action.c(152): web_reg_save_param_regexp started  	[MsgId: MMSG-26355]
Action.c(152): Registering web_reg_save_param_regexp was successful  	[MsgId: MMSG-26390]
Action.c(162): web_custom_request("itinerary.pl") started  	[MsgId: MMSG-26355]
Action.c(162): Warning -35049: No match found for the requested parameter "new_c_cgifields". Check whether the requested regular expression exists in the response data  	[MsgId: MWAR-35049]
Action.c(162): Warning -35049: No match found for the requested parameter "empty_list". Check whether the requested regular expression exists in the response data  	[MsgId: MWAR-35049]
Action.c(162): web_custom_request("itinerary.pl") highest severity level was "warning", 932 body bytes, 255 header bytes, 12 chunking overhead bytes  	[MsgId: MMSG-26387]
Action.c(192): Error: list_flightID_count not 0, but new_c_cgifields_count+1 0+1 and c_cgifields_count 20 do not matches	[MsgId: MERR-17999]
End auto log messages stack.	[MsgId: MMSG-10544]


Start auto log messages stack - Iteration 3.	[MsgId: MMSG-10545]
Action.c(152): web_reg_save_param_regexp started  	[MsgId: MMSG-26355]
Action.c(152): Registering web_reg_save_param_regexp was successful  	[MsgId: MMSG-26390]
Action.c(162): web_custom_request("itinerary.pl") started  	[MsgId: MMSG-26355]
Action.c(162): Warning -35049: No match found for the requested parameter "new_c_cgifields". Check whether the requested regular expression exists in the response data  	[MsgId: MWAR-35049]
Action.c(162): Warning -35049: No match found for the requested parameter "empty_list". Check whether the requested regular expression exists in the response data  	[MsgId: MWAR-35049]
Action.c(162): web_custom_request("itinerary.pl") highest severity level was "warning", 932 body bytes, 255 header bytes, 12 chunking overhead bytes  	[MsgId: MMSG-26387]
Action.c(192): Error: list_flightID_count not 0, but new_c_cgifields_count+1 0+1 and c_cgifields_count 20 do not matches	[MsgId: MERR-17999]
End auto log messages stack.	[MsgId: MMSG-10544]


Start auto log messages stack - Iteration 4.	[MsgId: MMSG-10545]
Action.c(152): web_reg_save_param_regexp started  	[MsgId: MMSG-26355]
Action.c(152): Registering web_reg_save_param_regexp was successful  	[MsgId: MMSG-26390]
Action.c(162): web_custom_request("itinerary.pl") started  	[MsgId: MMSG-26355]
Action.c(162): Warning -35049: No match found for the requested parameter "new_c_cgifields". Check whether the requested regular expression exists in the response data  	[MsgId: MWAR-35049]
Action.c(162): Warning -35049: No match found for the requested parameter "empty_list". Check whether the requested regular expression exists in the response data  	[MsgId: MWAR-35049]
Action.c(162): web_custom_request("itinerary.pl") highest severity level was "warning", 932 body bytes, 255 header bytes, 12 chunking overhead bytes  	[MsgId: MMSG-26387]
Action.c(192): Error: list_flightID_count not 0, but new_c_cgifields_count+1 0+1 and c_cgifields_count 16 do not matches	[MsgId: MERR-17999]
End auto log messages stack.	[MsgId: MMSG-10544]


Start auto log messages stack - Iteration 4.	[MsgId: MMSG-10545]
Action.c(152): web_reg_save_param_regexp started  	[MsgId: MMSG-26355]
Action.c(152): Registering web_reg_save_param_regexp was successful  	[MsgId: MMSG-26390]
Action.c(162): web_custom_request("itinerary.pl") started  	[MsgId: MMSG-26355]
Action.c(162): Warning -35049: No match found for the requested parameter "new_c_cgifields". Check whether the requested regular expression exists in the response data  	[MsgId: MWAR-35049]
Action.c(162): Warning -35049: No match found for the requested parameter "empty_list". Check whether the requested regular expression exists in the response data  	[MsgId: MWAR-35049]
Action.c(162): web_custom_request("itinerary.pl") highest severity level was "warning", 932 body bytes, 255 header bytes, 12 chunking overhead bytes  	[MsgId: MMSG-26387]
Action.c(192): Error: list_flightID_count not 0, but new_c_cgifields_count+1 0+1 and c_cgifields_count 16 do not matches	[MsgId: MERR-17999]
End auto log messages stack.	[MsgId: MMSG-10544]


Start auto log messages stack - Iteration 5.	[MsgId: MMSG-10545]
Action.c(152): web_reg_save_param_regexp started  	[MsgId: MMSG-26355]
Action.c(152): Registering web_reg_save_param_regexp was successful  	[MsgId: MMSG-26390]
Action.c(162): web_custom_request("itinerary.pl") started  	[MsgId: MMSG-26355]
Action.c(162): Warning -35049: No match found for the requested parameter "new_c_cgifields". Check whether the requested regular expression exists in the response data  	[MsgId: MWAR-35049]
Action.c(162): Warning -35049: No match found for the requested parameter "empty_list". Check whether the requested regular expression exists in the response data  	[MsgId: MWAR-35049]
Action.c(162): web_custom_request("itinerary.pl") highest severity level was "warning", 932 body bytes, 255 header bytes, 12 chunking overhead bytes  	[MsgId: MMSG-26387]
Action.c(192): Error: list_flightID_count not 0, but new_c_cgifields_count+1 0+1 and c_cgifields_count 5 do not matches	[MsgId: MERR-17999]
End auto log messages stack.	[MsgId: MMSG-10544]


Start auto log messages stack - Iteration 5.	[MsgId: MMSG-10545]
Action.c(152): web_reg_save_param_regexp started  	[MsgId: MMSG-26355]
Action.c(152): Registering web_reg_save_param_regexp was successful  	[MsgId: MMSG-26390]
Action.c(162): web_custom_request("itinerary.pl") started  	[MsgId: MMSG-26355]
Action.c(162): Warning -35049: No match found for the requested parameter "new_c_cgifields". Check whether the requested regular expression exists in the response data  	[MsgId: MWAR-35049]
Action.c(162): Warning -35049: No match found for the requested parameter "empty_list". Check whether the requested regular expression exists in the response data  	[MsgId: MWAR-35049]
Action.c(162): web_custom_request("itinerary.pl") highest severity level was "warning", 932 body bytes, 255 header bytes, 12 chunking overhead bytes  	[MsgId: MMSG-26387]
Action.c(192): Error: list_flightID_count not 0, but new_c_cgifields_count+1 0+1 and c_cgifields_count 4 do not matches	[MsgId: MERR-17999]
End auto log messages stack.	[MsgId: MMSG-10544]


Start auto log messages stack - Iteration 6.	[MsgId: MMSG-10545]
Action.c(152): web_reg_save_param_regexp started  	[MsgId: MMSG-26355]
Action.c(152): Registering web_reg_save_param_regexp was successful  	[MsgId: MMSG-26390]
Action.c(162): web_custom_request("itinerary.pl") started  	[MsgId: MMSG-26355]
Action.c(162): Warning -35049: No match found for the requested parameter "new_c_cgifields". Check whether the requested regular expression exists in the response data  	[MsgId: MWAR-35049]
Action.c(162): Warning -35049: No match found for the requested parameter "empty_list". Check whether the requested regular expression exists in the response data  	[MsgId: MWAR-35049]
Action.c(162): web_custom_request("itinerary.pl") highest severity level was "warning", 932 body bytes, 255 header bytes, 12 chunking overhead bytes  	[MsgId: MMSG-26387]
Action.c(192): Error: list_flightID_count not 0, but new_c_cgifields_count+1 0+1 and c_cgifields_count 5 do not matches	[MsgId: MERR-17999]
End auto log messages stack.	[MsgId: MMSG-10544]


Start auto log messages stack - Iteration 6.	[MsgId: MMSG-10545]
Action.c(152): web_reg_save_param_regexp started  	[MsgId: MMSG-26355]
Action.c(152): Registering web_reg_save_param_regexp was successful  	[MsgId: MMSG-26390]
Action.c(162): web_custom_request("itinerary.pl") started  	[MsgId: MMSG-26355]
Action.c(162): Warning -35049: No match found for the requested parameter "new_c_cgifields". Check whether the requested regular expression exists in the response data  	[MsgId: MWAR-35049]
Action.c(162): Warning -35049: No match found for the requested parameter "empty_list". Check whether the requested regular expression exists in the response data  	[MsgId: MWAR-35049]
Action.c(162): web_custom_request("itinerary.pl") highest severity level was "warning", 932 body bytes, 255 header bytes, 12 chunking overhead bytes  	[MsgId: MMSG-26387]
Action.c(192): Error: list_flightID_count not 0, but new_c_cgifields_count+1 0+1 and c_cgifields_count 5 do not matches	[MsgId: MERR-17999]
End auto log messages stack.	[MsgId: MMSG-10544]


Start auto log messages stack - Iteration 6.	[MsgId: MMSG-10545]
Action.c(152): web_reg_save_param_regexp started  	[MsgId: MMSG-26355]
Action.c(152): Registering web_reg_save_param_regexp was successful  	[MsgId: MMSG-26390]
Action.c(162): web_custom_request("itinerary.pl") started  	[MsgId: MMSG-26355]
Action.c(162): Warning -35049: No match found for the requested parameter "new_c_cgifields". Check whether the requested regular expression exists in the response data  	[MsgId: MWAR-35049]
Action.c(162): Warning -35049: No match found for the requested parameter "empty_list". Check whether the requested regular expression exists in the response data  	[MsgId: MWAR-35049]
Action.c(162): web_custom_request("itinerary.pl") highest severity level was "warning", 932 body bytes, 255 header bytes, 12 chunking overhead bytes  	[MsgId: MMSG-26387]
Action.c(192): Error: list_flightID_count not 0, but new_c_cgifields_count+1 0+1 and c_cgifields_count 5 do not matches	[MsgId: MERR-17999]
End auto log messages stack.	[MsgId: MMSG-10544]


Start auto log messages stack - Iteration 7.	[MsgId: MMSG-10545]
Action.c(152): web_reg_save_param_regexp started  	[MsgId: MMSG-26355]
Action.c(152): Registering web_reg_save_param_regexp was successful  	[MsgId: MMSG-26390]
Action.c(162): web_custom_request("itinerary.pl") started  	[MsgId: MMSG-26355]
Action.c(162): Warning -35049: No match found for the requested parameter "new_c_cgifields". Check whether the requested regular expression exists in the response data  	[MsgId: MWAR-35049]
Action.c(162): Warning -35049: No match found for the requested parameter "empty_list". Check whether the requested regular expression exists in the response data  	[MsgId: MWAR-35049]
Action.c(162): web_custom_request("itinerary.pl") highest severity level was "warning", 932 body bytes, 255 header bytes, 12 chunking overhead bytes  	[MsgId: MMSG-26387]
Action.c(192): Error: list_flightID_count not 0, but new_c_cgifields_count+1 0+1 and c_cgifields_count 5 do not matches	[MsgId: MERR-17999]
End auto log messages stack.	[MsgId: MMSG-10544]


Start auto log messages stack - Iteration 7.	[MsgId: MMSG-10545]
Action.c(152): web_reg_save_param_regexp started  	[MsgId: MMSG-26355]
Action.c(152): Registering web_reg_save_param_regexp was successful  	[MsgId: MMSG-26390]
Action.c(162): web_custom_request("itinerary.pl") started  	[MsgId: MMSG-26355]
Action.c(162): Warning -35049: No match found for the requested parameter "new_c_cgifields". Check whether the requested regular expression exists in the response data  	[MsgId: MWAR-35049]
Action.c(162): Warning -35049: No match found for the requested parameter "empty_list". Check whether the requested regular expression exists in the response data  	[MsgId: MWAR-35049]
Action.c(162): web_custom_request("itinerary.pl") highest severity level was "warning", 932 body bytes, 255 header bytes, 12 chunking overhead bytes  	[MsgId: MMSG-26387]
Action.c(192): Error: list_flightID_count not 0, but new_c_cgifields_count+1 0+1 and c_cgifields_count 5 do not matches	[MsgId: MERR-17999]
End auto log messages stack.	[MsgId: MMSG-10544]


Start auto log messages stack - Iteration 7.	[MsgId: MMSG-10545]
Action.c(152): web_reg_save_param_regexp started  	[MsgId: MMSG-26355]
Action.c(152): Registering web_reg_save_param_regexp was successful  	[MsgId: MMSG-26390]
Action.c(162): web_custom_request("itinerary.pl") started  	[MsgId: MMSG-26355]
Action.c(162): Warning -35049: No match found for the requested parameter "new_c_cgifields". Check whether the requested regular expression exists in the response data  	[MsgId: MWAR-35049]
Action.c(162): Warning -35049: No match found for the requested parameter "empty_list". Check whether the requested regular expression exists in the response data  	[MsgId: MWAR-35049]
Action.c(162): web_custom_request("itinerary.pl") highest severity level was "warning", 932 body bytes, 255 header bytes, 12 chunking overhead bytes  	[MsgId: MMSG-26387]
Action.c(192): Error: list_flightID_count not 0, but new_c_cgifields_count+1 0+1 and c_cgifields_count 5 do not matches	[MsgId: MERR-17999]
End auto log messages stack.	[MsgId: MMSG-10544]


Start auto log messages stack - Iteration 8.	[MsgId: MMSG-10545]
Action.c(152): web_reg_save_param_regexp started  	[MsgId: MMSG-26355]
Action.c(152): Registering web_reg_save_param_regexp was successful  	[MsgId: MMSG-26390]
Action.c(162): web_custom_request("itinerary.pl") started  	[MsgId: MMSG-26355]
Action.c(162): Warning -35049: No match found for the requested parameter "new_c_cgifields". Check whether the requested regular expression exists in the response data  	[MsgId: MWAR-35049]
Action.c(162): Warning -35049: No match found for the requested parameter "empty_list". Check whether the requested regular expression exists in the response data  	[MsgId: MWAR-35049]
Action.c(162): web_custom_request("itinerary.pl") highest severity level was "warning", 932 body bytes, 255 header bytes, 12 chunking overhead bytes  	[MsgId: MMSG-26387]
Action.c(192): Error: list_flightID_count not 0, but new_c_cgifields_count+1 0+1 and c_cgifields_count 5 do not matches	[MsgId: MERR-17999]
End auto log messages stack.	[MsgId: MMSG-10544]


Start auto log messages stack - Iteration 8.	[MsgId: MMSG-10545]
Action.c(152): web_reg_save_param_regexp started  	[MsgId: MMSG-26355]
Action.c(152): Registering web_reg_save_param_regexp was successful  	[MsgId: MMSG-26390]
Action.c(162): web_custom_request("itinerary.pl") started  	[MsgId: MMSG-26355]
Action.c(162): Warning -35049: No match found for the requested parameter "new_c_cgifields". Check whether the requested regular expression exists in the response data  	[MsgId: MWAR-35049]
Action.c(162): Warning -35049: No match found for the requested parameter "empty_list". Check whether the requested regular expression exists in the response data  	[MsgId: MWAR-35049]
Action.c(162): web_custom_request("itinerary.pl") highest severity level was "warning", 932 body bytes, 255 header bytes, 12 chunking overhead bytes  	[MsgId: MMSG-26387]
Action.c(192): Error: list_flightID_count not 0, but new_c_cgifields_count+1 0+1 and c_cgifields_count 5 do not matches	[MsgId: MERR-17999]
End auto log messages stack.	[MsgId: MMSG-10544]


Start auto log messages stack - Iteration 8.	[MsgId: MMSG-10545]
Action.c(152): web_reg_save_param_regexp started  	[MsgId: MMSG-26355]
Action.c(152): Registering web_reg_save_param_regexp was successful  	[MsgId: MMSG-26390]
Action.c(162): web_custom_request("itinerary.pl") started  	[MsgId: MMSG-26355]
Action.c(162): Warning -35049: No match found for the requested parameter "new_c_cgifields". Check whether the requested regular expression exists in the response data  	[MsgId: MWAR-35049]
Action.c(162): Warning -35049: No match found for the requested parameter "empty_list". Check whether the requested regular expression exists in the response data  	[MsgId: MWAR-35049]
Action.c(162): web_custom_request("itinerary.pl") highest severity level was "warning", 932 body bytes, 255 header bytes, 12 chunking overhead bytes  	[MsgId: MMSG-26387]
Action.c(192): Error: list_flightID_count not 0, but new_c_cgifields_count+1 0+1 and c_cgifields_count 5 do not matches	[MsgId: MERR-17999]
End auto log messages stack.	[MsgId: MMSG-10544]


Start auto log messages stack - Iteration 9.	[MsgId: MMSG-10545]
Start auto log messages stack - Iteration 9.	[MsgId: MMSG-10545]
Action.c(152): web_reg_save_param_regexp started  	[MsgId: MMSG-26355]
Action.c(152): web_reg_save_param_regexp started  	[MsgId: MMSG-26355]
Action.c(152): Registering web_reg_save_param_regexp was successful  	[MsgId: MMSG-26390]
Action.c(152): Registering web_reg_save_param_regexp was successful  	[MsgId: MMSG-26390]
Action.c(162): web_custom_request("itinerary.pl") started  	[MsgId: MMSG-26355]
Action.c(162): web_custom_request("itinerary.pl") started  	[MsgId: MMSG-26355]
Action.c(162): Warning -35049: No match found for the requested parameter "new_c_cgifields". Check whether the requested regular expression exists in the response data  	[MsgId: MWAR-35049]
Action.c(162): Warning -35049: No match found for the requested parameter "new_c_cgifields". Check whether the requested regular expression exists in the response data  	[MsgId: MWAR-35049]
Action.c(162): Warning -35049: No match found for the requested parameter "empty_list". Check whether the requested regular expression exists in the response data  	[MsgId: MWAR-35049]
Action.c(162): web_custom_request("itinerary.pl") highest severity level was "warning", 932 body bytes, 255 header bytes, 12 chunking overhead bytes  	[MsgId: MMSG-26387]
Action.c(162): Warning -35049: No match found for the requested parameter "empty_list". Check whether the requested regular expression exists in the response data  	[MsgId: MWAR-35049]
Action.c(192): Error: list_flightID_count not 0, but new_c_cgifields_count+1 0+1 and c_cgifields_count 9 do not matches	[MsgId: MERR-17999]
Action.c(162): web_custom_request("itinerary.pl") highest severity level was "warning", 932 body bytes, 255 header bytes, 12 chunking overhead bytes  	[MsgId: MMSG-26387]
End auto log messages stack.	[MsgId: MMSG-10544]


Action.c(192): Error: list_flightID_count not 0, but new_c_cgifields_count+1 0+1 and c_cgifields_count 9 do not matches	[MsgId: MERR-17999]
End auto log messages stack.	[MsgId: MMSG-10544]


Start auto log messages stack - Iteration 9.	[MsgId: MMSG-10545]
Action.c(152): web_reg_save_param_regexp started  	[MsgId: MMSG-26355]
Action.c(152): Registering web_reg_save_param_regexp was successful  	[MsgId: MMSG-26390]
Action.c(162): web_custom_request("itinerary.pl") started  	[MsgId: MMSG-26355]
Action.c(162): Warning -35049: No match found for the requested parameter "new_c_cgifields". Check whether the requested regular expression exists in the response data  	[MsgId: MWAR-35049]
Action.c(162): Warning -35049: No match found for the requested parameter "empty_list". Check whether the requested regular expression exists in the response data  	[MsgId: MWAR-35049]
Action.c(162): web_custom_request("itinerary.pl") highest severity level was "warning", 932 body bytes, 255 header bytes, 12 chunking overhead bytes  	[MsgId: MMSG-26387]
Action.c(192): Error: list_flightID_count not 0, but new_c_cgifields_count+1 0+1 and c_cgifields_count 9 do not matches	[MsgId: MERR-17999]
End auto log messages stack.	[MsgId: MMSG-10544]


Start auto log messages stack - Iteration 10.	[MsgId: MMSG-10545]
Action.c(152): web_reg_save_param_regexp started  	[MsgId: MMSG-26355]
Action.c(152): Registering web_reg_save_param_regexp was successful  	[MsgId: MMSG-26390]
Action.c(162): web_custom_request("itinerary.pl") started  	[MsgId: MMSG-26355]
Action.c(162): Warning -35049: No match found for the requested parameter "new_c_cgifields". Check whether the requested regular expression exists in the response data  	[MsgId: MWAR-35049]
Action.c(162): Warning -35049: No match found for the requested parameter "empty_list". Check whether the requested regular expression exists in the response data  	[MsgId: MWAR-35049]
Action.c(162): web_custom_request("itinerary.pl") highest severity level was "warning", 932 body bytes, 255 header bytes, 12 chunking overhead bytes  	[MsgId: MMSG-26387]
Action.c(192): Error: list_flightID_count not 0, but new_c_cgifields_count+1 0+1 and c_cgifields_count 10 do not matches	[MsgId: MERR-17999]
End auto log messages stack.	[MsgId: MMSG-10544]


Start auto log messages stack - Iteration 10.	[MsgId: MMSG-10545]
Action.c(152): web_reg_save_param_regexp started  	[MsgId: MMSG-26355]
Action.c(152): Registering web_reg_save_param_regexp was successful  	[MsgId: MMSG-26390]
Action.c(162): web_custom_request("itinerary.pl") started  	[MsgId: MMSG-26355]
Action.c(162): Warning -35049: No match found for the requested parameter "new_c_cgifields". Check whether the requested regular expression exists in the response data  	[MsgId: MWAR-35049]
Action.c(162): Warning -35049: No match found for the requested parameter "empty_list". Check whether the requested regular expression exists in the response data  	[MsgId: MWAR-35049]
Action.c(162): web_custom_request("itinerary.pl") highest severity level was "warning", 932 body bytes, 255 header bytes, 12 chunking overhead bytes  	[MsgId: MMSG-26387]
Action.c(192): Error: list_flightID_count not 0, but new_c_cgifields_count+1 0+1 and c_cgifields_count 10 do not matches	[MsgId: MERR-17999]
End auto log messages stack.	[MsgId: MMSG-10544]


Start auto log messages stack - Iteration 11.	[MsgId: MMSG-10545]
Action.c(152): web_reg_save_param_regexp started  	[MsgId: MMSG-26355]
Action.c(152): Registering web_reg_save_param_regexp was successful  	[MsgId: MMSG-26390]
Action.c(162): web_custom_request("itinerary.pl") started  	[MsgId: MMSG-26355]
Action.c(162): Warning -35049: No match found for the requested parameter "new_c_cgifields". Check whether the requested regular expression exists in the response data  	[MsgId: MWAR-35049]
Action.c(162): Warning -35049: No match found for the requested parameter "empty_list". Check whether the requested regular expression exists in the response data  	[MsgId: MWAR-35049]
Action.c(162): web_custom_request("itinerary.pl") highest severity level was "warning", 932 body bytes, 255 header bytes, 12 chunking overhead bytes  	[MsgId: MMSG-26387]
Action.c(192): Error: list_flightID_count not 0, but new_c_cgifields_count+1 0+1 and c_cgifields_count 8 do not matches	[MsgId: MERR-17999]
End auto log messages stack.	[MsgId: MMSG-10544]


Start auto log messages stack - Iteration 11.	[MsgId: MMSG-10545]
Action.c(152): web_reg_save_param_regexp started  	[MsgId: MMSG-26355]
Action.c(152): Registering web_reg_save_param_regexp was successful  	[MsgId: MMSG-26390]
Action.c(162): web_custom_request("itinerary.pl") started  	[MsgId: MMSG-26355]
Action.c(162): Warning -35049: No match found for the requested parameter "new_c_cgifields". Check whether the requested regular expression exists in the response data  	[MsgId: MWAR-35049]
Action.c(162): Warning -35049: No match found for the requested parameter "empty_list". Check whether the requested regular expression exists in the response data  	[MsgId: MWAR-35049]
Action.c(162): web_custom_request("itinerary.pl") highest severity level was "warning", 932 body bytes, 255 header bytes, 12 chunking overhead bytes  	[MsgId: MMSG-26387]
Action.c(192): Error: list_flightID_count not 0, but new_c_cgifields_count+1 0+1 and c_cgifields_count 8 do not matches	[MsgId: MERR-17999]
End auto log messages stack.	[MsgId: MMSG-10544]


Start auto log messages stack - Iteration 12.	[MsgId: MMSG-10545]
Action.c(152): web_reg_save_param_regexp started  	[MsgId: MMSG-26355]
Action.c(152): Registering web_reg_save_param_regexp was successful  	[MsgId: MMSG-26390]
Action.c(162): web_custom_request("itinerary.pl") started  	[MsgId: MMSG-26355]
Action.c(162): Warning -35049: No match found for the requested parameter "new_c_cgifields". Check whether the requested regular expression exists in the response data  	[MsgId: MWAR-35049]
Action.c(162): Warning -35049: No match found for the requested parameter "empty_list". Check whether the requested regular expression exists in the response data  	[MsgId: MWAR-35049]
Action.c(162): web_custom_request("itinerary.pl") highest severity level was "warning", 932 body bytes, 255 header bytes, 12 chunking overhead bytes  	[MsgId: MMSG-26387]
Action.c(192): Error: list_flightID_count not 0, but new_c_cgifields_count+1 0+1 and c_cgifields_count 19 do not matches	[MsgId: MERR-17999]
End auto log messages stack.	[MsgId: MMSG-10544]


Start auto log messages stack - Iteration 12.	[MsgId: MMSG-10545]
Action.c(152): web_reg_save_param_regexp started  	[MsgId: MMSG-26355]
Action.c(152): Registering web_reg_save_param_regexp was successful  	[MsgId: MMSG-26390]
Action.c(162): web_custom_request("itinerary.pl") started  	[MsgId: MMSG-26355]
Action.c(162): Warning -35049: No match found for the requested parameter "new_c_cgifields". Check whether the requested regular expression exists in the response data  	[MsgId: MWAR-35049]
Action.c(162): Warning -35049: No match found for the requested parameter "empty_list". Check whether the requested regular expression exists in the response data  	[MsgId: MWAR-35049]
Action.c(162): web_custom_request("itinerary.pl") highest severity level was "warning", 932 body bytes, 255 header bytes, 12 chunking overhead bytes  	[MsgId: MMSG-26387]
Action.c(192): Error: list_flightID_count not 0, but new_c_cgifields_count+1 0+1 and c_cgifields_count 18 do not matches	[MsgId: MERR-17999]
End auto log messages stack.	[MsgId: MMSG-10544]


Start auto log messages stack - Iteration 13.	[MsgId: MMSG-10545]
Action.c(141): web_reg_save_param_regexp started  	[MsgId: MMSG-26355]
Action.c(141): Registering web_reg_save_param_regexp was successful  	[MsgId: MMSG-26390]
Action.c(152): web_reg_save_param_regexp started  	[MsgId: MMSG-26355]
Action.c(152): Registering web_reg_save_param_regexp was successful  	[MsgId: MMSG-26390]
Action.c(162): web_custom_request("itinerary.pl") started  	[MsgId: MMSG-26355]
Action.c(162): Warning -35049: No match found for the requested parameter "new_c_cgifields". Check whether the requested regular expression exists in the response data  	[MsgId: MWAR-35049]
Action.c(162): web_custom_request("itinerary.pl") highest severity level was "warning", 887 body bytes, 255 header bytes, 12 chunking overhead bytes  	[MsgId: MMSG-26387]
Action.c(192): Error: list_flightID_count not 0, but new_c_cgifields_count+1 0+1 and c_cgifields_count 17 do not matches	[MsgId: MERR-17999]
End auto log messages stack.	[MsgId: MMSG-10544]


Start auto log messages stack - Iteration 13.	[MsgId: MMSG-10545]
Action.c(141): web_reg_save_param_regexp started  	[MsgId: MMSG-26355]
Action.c(141): Registering web_reg_save_param_regexp was successful  	[MsgId: MMSG-26390]
Action.c(152): web_reg_save_param_regexp started  	[MsgId: MMSG-26355]
Action.c(152): Registering web_reg_save_param_regexp was successful  	[MsgId: MMSG-26390]
Action.c(162): web_custom_request("itinerary.pl") started  	[MsgId: MMSG-26355]
Action.c(162): Warning -35049: No match found for the requested parameter "new_c_cgifields". Check whether the requested regular expression exists in the response data  	[MsgId: MWAR-35049]
Action.c(162): web_custom_request("itinerary.pl") highest severity level was "warning", 887 body bytes, 255 header bytes, 12 chunking overhead bytes  	[MsgId: MMSG-26387]
Action.c(192): Error: list_flightID_count not 0, but new_c_cgifields_count+1 0+1 and c_cgifields_count 17 do not matches	[MsgId: MERR-17999]
End auto log messages stack.	[MsgId: MMSG-10544]


Start auto log messages stack - Iteration 13.	[MsgId: MMSG-10545]
Action.c(96): Resource "http://localhost:1080/WebTours/images/signoff.gif" is in the cache already and will not be downloaded again  	[MsgId: MMSG-26655]
Action.c(96): Warning -35049: No match found for the requested parameter "list_flightID". Check whether the requested regular expression exists in the response data  	[MsgId: MWAR-35049]
Action.c(96): Warning -35049: No match found for the requested parameter "c_cgifields". Check whether the requested regular expression exists in the response data  	[MsgId: MWAR-35049]
Action.c(96): web_url("Itinerary Button") highest severity level was "warning", 4381 body bytes, 1319 header bytes, 36 chunking overhead bytes  	[MsgId: MMSG-26387]
Action.c(209): Error: Intineraries list empty, no data to delete	[MsgId: MERR-17999]
End auto log messages stack.	[MsgId: MMSG-10544]


Start auto log messages stack - Iteration 13.	[MsgId: MMSG-10545]
Action.c(96): Resource "http://localhost:1080/WebTours/images/signoff.gif" is in the cache already and will not be downloaded again  	[MsgId: MMSG-26655]
Action.c(96): Warning -35049: No match found for the requested parameter "list_flightID". Check whether the requested regular expression exists in the response data  	[MsgId: MWAR-35049]
Action.c(96): Warning -35049: No match found for the requested parameter "c_cgifields". Check whether the requested regular expression exists in the response data  	[MsgId: MWAR-35049]
Action.c(96): web_url("Itinerary Button") highest severity level was "warning", 4381 body bytes, 1319 header bytes, 36 chunking overhead bytes  	[MsgId: MMSG-26387]
Action.c(209): Error: Intineraries list empty, no data to delete	[MsgId: MERR-17999]
End auto log messages stack.	[MsgId: MMSG-10544]


Start auto log messages stack - Iteration 14.	[MsgId: MMSG-10545]
Action.c(141): web_reg_save_param_regexp started  	[MsgId: MMSG-26355]
Action.c(141): Registering web_reg_save_param_regexp was successful  	[MsgId: MMSG-26390]
Action.c(152): web_reg_save_param_regexp started  	[MsgId: MMSG-26355]
Action.c(152): Registering web_reg_save_param_regexp was successful  	[MsgId: MMSG-26390]
Action.c(162): web_custom_request("itinerary.pl") started  	[MsgId: MMSG-26355]
Action.c(162): Warning -35049: No match found for the requested parameter "empty_list". Check whether the requested regular expression exists in the response data  	[MsgId: MWAR-35049]
Action.c(162): web_custom_request("itinerary.pl") highest severity level was "warning", 14230 body bytes, 255 header bytes, 35 chunking overhead bytes  	[MsgId: MMSG-26387]
Action.c(192): Error: list_flightID_count not 0, but new_c_cgifields_count+1 11+1 and c_cgifields_count 13 do not matches	[MsgId: MERR-17999]
End auto log messages stack.	[MsgId: MMSG-10544]


Start auto log messages stack - Iteration 14.	[MsgId: MMSG-10545]
Action.c(152): web_reg_save_param_regexp started  	[MsgId: MMSG-26355]
Action.c(152): Registering web_reg_save_param_regexp was successful  	[MsgId: MMSG-26390]
Action.c(162): web_custom_request("itinerary.pl") started  	[MsgId: MMSG-26355]
Action.c(162): Warning -35049: No match found for the requested parameter "new_c_cgifields". Check whether the requested regular expression exists in the response data  	[MsgId: MWAR-35049]
Action.c(162): Warning -35049: No match found for the requested parameter "empty_list". Check whether the requested regular expression exists in the response data  	[MsgId: MWAR-35049]
Action.c(162): web_custom_request("itinerary.pl") highest severity level was "warning", 932 body bytes, 255 header bytes, 12 chunking overhead bytes  	[MsgId: MMSG-26387]
Action.c(192): Error: list_flightID_count not 0, but new_c_cgifields_count+1 0+1 and c_cgifields_count 12 do not matches	[MsgId: MERR-17999]
End auto log messages stack.	[MsgId: MMSG-10544]


Start auto log messages stack - Iteration 17.	[MsgId: MMSG-10545]
Action.c(141): web_reg_save_param_regexp started  	[MsgId: MMSG-26355]
Action.c(141): Registering web_reg_save_param_regexp was successful  	[MsgId: MMSG-26390]
Action.c(152): web_reg_save_param_regexp started  	[MsgId: MMSG-26355]
Action.c(152): Registering web_reg_save_param_regexp was successful  	[MsgId: MMSG-26390]
Action.c(162): web_custom_request("itinerary.pl") started  	[MsgId: MMSG-26355]
Action.c(162): Warning -35049: No match found for the requested parameter "empty_list". Check whether the requested regular expression exists in the response data  	[MsgId: MWAR-35049]
Action.c(162): web_custom_request("itinerary.pl") highest severity level was "warning", 2656 body bytes, 255 header bytes, 12 chunking overhead bytes  	[MsgId: MMSG-26387]
Action.c(192): Error: list_flightID_count not 0, but new_c_cgifields_count+1 1+1 and c_cgifields_count 3 do not matches	[MsgId: MERR-17999]
End auto log messages stack.	[MsgId: MMSG-10544]


Start auto log messages stack - Iteration 13.	[MsgId: MMSG-10545]
Action.c(34): Notify: Transaction "login" started.	[MsgId: MMSG-16999]
Action.c(36): web_reg_find started  	[MsgId: MMSG-26355]
Action.c(36): Registering web_reg_find was successful  	[MsgId: MMSG-26390]
Action.c(40): web_submit_data("login.pl") started  	[MsgId: MMSG-26355]
Action.c(40): Detected non-resource "http://localhost:1080/cgi-bin/nav.pl?username=Balbes&password=password@123" in "http://localhost:1080/cgi-bin/login.pl"  	[MsgId: MMSG-26574]
Action.c(40): Detected non-resource "http://localhost:1080/cgi-bin/error.pl?error=badPassword" in "http://localhost:1080/cgi-bin/login.pl"  	[MsgId: MMSG-26574]
Action.c(40): Resource "http://localhost:1080/WebTours/images/mer_login.gif" is in the cache already and will not be downloaded again  	[MsgId: MMSG-26655]
Action.c(40): Error -26366: "Text=Welcome, <b>Balbes</b>, to the Web Tours" not found for web_reg_find  	[MsgId: MERR-26366]
End auto log messages stack.	[MsgId: MMSG-10544]


