Start auto log messages stack - Iteration 1.	[MsgId: MMSG-10545]
Action.c(97): Resource "http://localhost:1080/WebTours/images/signoff.gif" is in the cache already and will not be downloaded again  	[MsgId: MMSG-26655]
Action.c(97): Warning -35049: No match found for the requested parameter "list_flightID". Check whether the requested regular expression exists in the response data  	[MsgId: MWAR-35049]
Action.c(97): Warning -35049: No match found for the requested parameter "c_cgifields". Check whether the requested regular expression exists in the response data  	[MsgId: MWAR-35049]
Action.c(97): web_url("Itinerary Button") highest severity level was "warning", 4381 body bytes, 1323 header bytes, 36 chunking overhead bytes  	[MsgId: MMSG-26387]
Action.c(212): Error: Intineraries list empty, no data to delete	[MsgId: MERR-17999]
End auto log messages stack.	[MsgId: MMSG-10544]


Start auto log messages stack - Iteration 2.	[MsgId: MMSG-10545]
Action.c(155): web_reg_save_param_regexp started  	[MsgId: MMSG-26355]
Action.c(155): Registering web_reg_save_param_regexp was successful  	[MsgId: MMSG-26390]
Action.c(165): web_custom_request("itinerary.pl") started  	[MsgId: MMSG-26355]
Action.c(165): Warning -35049: No match found for the requested parameter "new_c_cgifields". Check whether the requested regular expression exists in the response data  	[MsgId: MWAR-35049]
Action.c(165): Warning -35049: No match found for the requested parameter "empty_list". Check whether the requested regular expression exists in the response data  	[MsgId: MWAR-35049]
Action.c(165): web_custom_request("itinerary.pl") highest severity level was "warning", 932 body bytes, 256 header bytes, 12 chunking overhead bytes  	[MsgId: MMSG-26387]
Action.c(195): Error: list_flightID_count not 0, but new_c_cgifields_count+1 0+1 and c_cgifields_count 2 do not matches	[MsgId: MERR-17999]
End auto log messages stack.	[MsgId: MMSG-10544]


Start auto log messages stack - Iteration 4.	[MsgId: MMSG-10545]
Action.c(155): web_reg_save_param_regexp started  	[MsgId: MMSG-26355]
Action.c(155): Registering web_reg_save_param_regexp was successful  	[MsgId: MMSG-26390]
Action.c(165): web_custom_request("itinerary.pl") started  	[MsgId: MMSG-26355]
Action.c(165): Warning -35049: No match found for the requested parameter "new_c_cgifields". Check whether the requested regular expression exists in the response data  	[MsgId: MWAR-35049]
Action.c(165): Warning -35049: No match found for the requested parameter "empty_list". Check whether the requested regular expression exists in the response data  	[MsgId: MWAR-35049]
Action.c(165): web_custom_request("itinerary.pl") highest severity level was "warning", 932 body bytes, 256 header bytes, 12 chunking overhead bytes  	[MsgId: MMSG-26387]
Action.c(195): Error: list_flightID_count not 0, but new_c_cgifields_count+1 0+1 and c_cgifields_count 2 do not matches	[MsgId: MERR-17999]
End auto log messages stack.	[MsgId: MMSG-10544]


