Start auto log messages stack - Iteration 1.	[MsgId: MMSG-10545]
Starting action Action.	[MsgId: MMSG-15919]
Action.c(4): Notify: Transaction "6_Task_Register" started.	[MsgId: MMSG-16999]
Action.c(5): Notify: Transaction "open_homepage" started.	[MsgId: MMSG-16999]
Action.c(7): web_reg_save_param_regexp started  	[MsgId: MMSG-26355]
Action.c(7): Registering web_reg_save_param_regexp was successful  	[MsgId: MMSG-26390]
Action.c(14): web_reg_find started  	[MsgId: MMSG-26355]
Action.c(14): Registering web_reg_find was successful  	[MsgId: MMSG-26390]
Action.c(18): web_url("WebTours") started  	[MsgId: MMSG-26355]
Action.c(18): Error -27792: Failed to connect to server "localhost:1080": [10061] Connection refused  	[MsgId: MERR-27792]
Action.c(18): Error -35049: No match found for the requested parameter "userSession". Check whether the requested regular expression exists in the response data  	[MsgId: MERR-35049]
Action.c(18): Error -26366: "Text=<title>Web Tours</title>" not found for web_reg_find  	[MsgId: MERR-26366]
Action.c(18): Error -26374: The above "not found" error(s) may be explained by header and body byte counts being 0 and 0, respectively.  	[MsgId: MERR-26374]
End auto log messages stack.	[MsgId: MMSG-10544]


Start auto log messages stack - Iteration 1.	[MsgId: MMSG-10545]
Starting action Action.	[MsgId: MMSG-15919]
Action.c(4): Notify: Transaction "6_Task_Register" started.	[MsgId: MMSG-16999]
Action.c(5): Notify: Transaction "open_homepage" started.	[MsgId: MMSG-16999]
Action.c(7): web_reg_save_param_regexp started  	[MsgId: MMSG-26355]
Action.c(7): Registering web_reg_save_param_regexp was successful  	[MsgId: MMSG-26390]
Action.c(14): web_reg_find started  	[MsgId: MMSG-26355]
Action.c(14): Registering web_reg_find was successful  	[MsgId: MMSG-26390]
Action.c(18): web_url("WebTours") started  	[MsgId: MMSG-26355]
Action.c(18): Error -27792: Failed to connect to server "localhost:1080": [10061] Connection refused  	[MsgId: MERR-27792]
Action.c(18): Error -35049: No match found for the requested parameter "userSession". Check whether the requested regular expression exists in the response data  	[MsgId: MERR-35049]
Action.c(18): Error -26366: "Text=<title>Web Tours</title>" not found for web_reg_find  	[MsgId: MERR-26366]
Action.c(18): Error -26374: The above "not found" error(s) may be explained by header and body byte counts being 0 and 0, respectively.  	[MsgId: MERR-26374]
End auto log messages stack.	[MsgId: MMSG-10544]


Start auto log messages stack - Iteration 2.	[MsgId: MMSG-10545]
Starting action Action.	[MsgId: MMSG-15919]
Action.c(4): Notify: Transaction "6_Task_Register" started.	[MsgId: MMSG-16999]
Action.c(5): Notify: Transaction "open_homepage" started.	[MsgId: MMSG-16999]
Action.c(7): web_reg_save_param_regexp started  	[MsgId: MMSG-26355]
Action.c(7): Registering web_reg_save_param_regexp was successful  	[MsgId: MMSG-26390]
Action.c(14): web_reg_find started  	[MsgId: MMSG-26355]
Action.c(14): Registering web_reg_find was successful  	[MsgId: MMSG-26390]
Action.c(18): web_url("WebTours") started  	[MsgId: MMSG-26355]
Action.c(18): Error -27792: Failed to connect to server "localhost:1080": [10061] Connection refused  	[MsgId: MERR-27792]
Action.c(18): Error -35049: No match found for the requested parameter "userSession". Check whether the requested regular expression exists in the response data  	[MsgId: MERR-35049]
Action.c(18): Error -26366: "Text=<title>Web Tours</title>" not found for web_reg_find  	[MsgId: MERR-26366]
Action.c(18): Error -26374: The above "not found" error(s) may be explained by header and body byte counts being 0 and 0, respectively.  	[MsgId: MERR-26374]
End auto log messages stack.	[MsgId: MMSG-10544]


