Start auto log messages stack - Iteration 2.	[MsgId: MMSG-10545]
Action.c(85): Notify: Transaction "choose_Flight_param" ended with a "Pass" status (Duration: 0,0382 Wasted Time: 0,0001).	[MsgId: MMSG-16871]
Action.c(87): Notify: Transaction "choose_Flight" started.	[MsgId: MMSG-16999]
Action.c(89): web_reg_find started  	[MsgId: MMSG-26355]
Action.c(89): Registering web_reg_find was successful  	[MsgId: MMSG-26390]
Action.c(93): web_reg_find started  	[MsgId: MMSG-26355]
Action.c(93): Registering web_reg_find was successful  	[MsgId: MMSG-26390]
Action.c(97): web_submit_data("reservations.pl_2") started  	[MsgId: MMSG-26355]
Action.c(97): Resource "http://localhost:1080/WebTours/images/button_next.gif" is in the cache already and will not be downloaded again  	[MsgId: MMSG-26655]
Action.c(97): Error -26366: "Text=name="firstName" value="Yuri" not found for web_reg_find  	[MsgId: MERR-26366]
Action.c(97): Error -26366: "Text=name="lastName" value="Gagarin" not found for web_reg_find  	[MsgId: MERR-26366]
End auto log messages stack.	[MsgId: MMSG-10544]


Start auto log messages stack - Iteration 3.	[MsgId: MMSG-10545]
Action.c(85): Notify: Transaction "choose_Flight_param" ended with a "Pass" status (Duration: 0,0528 Wasted Time: 0,0001).	[MsgId: MMSG-16871]
Action.c(87): Notify: Transaction "choose_Flight" started.	[MsgId: MMSG-16999]
Action.c(89): web_reg_find started  	[MsgId: MMSG-26355]
Action.c(89): Registering web_reg_find was successful  	[MsgId: MMSG-26390]
Action.c(93): web_reg_find started  	[MsgId: MMSG-26355]
Action.c(93): Registering web_reg_find was successful  	[MsgId: MMSG-26390]
Action.c(97): web_submit_data("reservations.pl_2") started  	[MsgId: MMSG-26355]
Action.c(97): Resource "http://localhost:1080/WebTours/images/button_next.gif" is in the cache already and will not be downloaded again  	[MsgId: MMSG-26655]
Action.c(97): Error -26366: "Text=name="firstName" value="Vladimir" not found for web_reg_find  	[MsgId: MERR-26366]
Action.c(97): Error -26366: "Text=name="lastName" value="Balbes" not found for web_reg_find  	[MsgId: MERR-26366]
End auto log messages stack.	[MsgId: MMSG-10544]


Start auto log messages stack - Iteration 2.	[MsgId: MMSG-10545]
Action.c(85): Notify: Transaction "choose_Flight_param" ended with a "Pass" status (Duration: 0,0392 Wasted Time: 0,0001).	[MsgId: MMSG-16871]
Action.c(87): Notify: Transaction "choose_Flight" started.	[MsgId: MMSG-16999]
Action.c(89): web_reg_find started  	[MsgId: MMSG-26355]
Action.c(89): Registering web_reg_find was successful  	[MsgId: MMSG-26390]
Action.c(93): web_reg_find started  	[MsgId: MMSG-26355]
Action.c(93): Registering web_reg_find was successful  	[MsgId: MMSG-26390]
Action.c(97): web_submit_data("reservations.pl_2") started  	[MsgId: MMSG-26355]
Action.c(97): Resource "http://localhost:1080/WebTours/images/button_next.gif" is in the cache already and will not be downloaded again  	[MsgId: MMSG-26655]
Action.c(97): Error -26366: "Text=name="firstName" value="Yuri" not found for web_reg_find  	[MsgId: MERR-26366]
Action.c(97): Error -26366: "Text=name="lastName" value="Gagarin" not found for web_reg_find  	[MsgId: MERR-26366]
End auto log messages stack.	[MsgId: MMSG-10544]


Start auto log messages stack - Iteration 4.	[MsgId: MMSG-10545]
Action.c(85): Notify: Transaction "choose_Flight_param" ended with a "Pass" status (Duration: 0,0485 Wasted Time: 0,0001).	[MsgId: MMSG-16871]
Action.c(87): Notify: Transaction "choose_Flight" started.	[MsgId: MMSG-16999]
Action.c(89): web_reg_find started  	[MsgId: MMSG-26355]
Action.c(89): Registering web_reg_find was successful  	[MsgId: MMSG-26390]
Action.c(93): web_reg_find started  	[MsgId: MMSG-26355]
Action.c(93): Registering web_reg_find was successful  	[MsgId: MMSG-26390]
Action.c(97): web_submit_data("reservations.pl_2") started  	[MsgId: MMSG-26355]
Action.c(97): Resource "http://localhost:1080/WebTours/images/button_next.gif" is in the cache already and will not be downloaded again  	[MsgId: MMSG-26655]
Action.c(97): Error -26366: "Text=name="firstName" value="Semyon" not found for web_reg_find  	[MsgId: MERR-26366]
Action.c(97): Error -26366: "Text=name="lastName" value="Stirlitz" not found for web_reg_find  	[MsgId: MERR-26366]
End auto log messages stack.	[MsgId: MMSG-10544]


Start auto log messages stack - Iteration 3.	[MsgId: MMSG-10545]
Action.c(85): Notify: Transaction "choose_Flight_param" ended with a "Pass" status (Duration: 0,0390 Wasted Time: 0,0001).	[MsgId: MMSG-16871]
Action.c(87): Notify: Transaction "choose_Flight" started.	[MsgId: MMSG-16999]
Action.c(89): web_reg_find started  	[MsgId: MMSG-26355]
Action.c(89): Registering web_reg_find was successful  	[MsgId: MMSG-26390]
Action.c(93): web_reg_find started  	[MsgId: MMSG-26355]
Action.c(93): Registering web_reg_find was successful  	[MsgId: MMSG-26390]
Action.c(97): web_submit_data("reservations.pl_2") started  	[MsgId: MMSG-26355]
Action.c(97): Resource "http://localhost:1080/WebTours/images/button_next.gif" is in the cache already and will not be downloaded again  	[MsgId: MMSG-26655]
Action.c(97): Error -26366: "Text=name="firstName" value="Vladimir" not found for web_reg_find  	[MsgId: MERR-26366]
Action.c(97): Error -26366: "Text=name="lastName" value="Balbes" not found for web_reg_find  	[MsgId: MERR-26366]
End auto log messages stack.	[MsgId: MMSG-10544]


Start auto log messages stack - Iteration 5.	[MsgId: MMSG-10545]
Action.c(85): Notify: Transaction "choose_Flight_param" ended with a "Pass" status (Duration: 0,0394 Wasted Time: 0,0001).	[MsgId: MMSG-16871]
Action.c(87): Notify: Transaction "choose_Flight" started.	[MsgId: MMSG-16999]
Action.c(89): web_reg_find started  	[MsgId: MMSG-26355]
Action.c(89): Registering web_reg_find was successful  	[MsgId: MMSG-26390]
Action.c(93): web_reg_find started  	[MsgId: MMSG-26355]
Action.c(93): Registering web_reg_find was successful  	[MsgId: MMSG-26390]
Action.c(97): web_submit_data("reservations.pl_2") started  	[MsgId: MMSG-26355]
Action.c(97): Resource "http://localhost:1080/WebTours/images/button_next.gif" is in the cache already and will not be downloaded again  	[MsgId: MMSG-26655]
Action.c(97): Error -26366: "Text=name="firstName" value="Ilya" not found for web_reg_find  	[MsgId: MERR-26366]
Action.c(97): Error -26366: "Text=name="lastName" value="Kozodoev" not found for web_reg_find  	[MsgId: MERR-26366]
End auto log messages stack.	[MsgId: MMSG-10544]


Start auto log messages stack - Iteration 4.	[MsgId: MMSG-10545]
Action.c(85): Notify: Transaction "choose_Flight_param" ended with a "Pass" status (Duration: 0,0384 Wasted Time: 0,0001).	[MsgId: MMSG-16871]
Action.c(87): Notify: Transaction "choose_Flight" started.	[MsgId: MMSG-16999]
Action.c(89): web_reg_find started  	[MsgId: MMSG-26355]
Action.c(89): Registering web_reg_find was successful  	[MsgId: MMSG-26390]
Action.c(93): web_reg_find started  	[MsgId: MMSG-26355]
Action.c(93): Registering web_reg_find was successful  	[MsgId: MMSG-26390]
Action.c(97): web_submit_data("reservations.pl_2") started  	[MsgId: MMSG-26355]
Action.c(97): Resource "http://localhost:1080/WebTours/images/button_next.gif" is in the cache already and will not be downloaded again  	[MsgId: MMSG-26655]
Action.c(97): Error -26366: "Text=name="firstName" value="Semyon" not found for web_reg_find  	[MsgId: MERR-26366]
Action.c(97): Error -26366: "Text=name="lastName" value="Stirlitz" not found for web_reg_find  	[MsgId: MERR-26366]
End auto log messages stack.	[MsgId: MMSG-10544]


Start auto log messages stack - Iteration 6.	[MsgId: MMSG-10545]
Action.c(85): Notify: Transaction "choose_Flight_param" ended with a "Pass" status (Duration: 0,0343 Wasted Time: 0,0001).	[MsgId: MMSG-16871]
Action.c(87): Notify: Transaction "choose_Flight" started.	[MsgId: MMSG-16999]
Action.c(89): web_reg_find started  	[MsgId: MMSG-26355]
Action.c(89): Registering web_reg_find was successful  	[MsgId: MMSG-26390]
Action.c(93): web_reg_find started  	[MsgId: MMSG-26355]
Action.c(93): Registering web_reg_find was successful  	[MsgId: MMSG-26390]
Action.c(97): web_submit_data("reservations.pl_2") started  	[MsgId: MMSG-26355]
Action.c(97): Resource "http://localhost:1080/WebTours/images/button_next.gif" is in the cache already and will not be downloaded again  	[MsgId: MMSG-26655]
Action.c(97): Error -26366: "Text=name="firstName" value="Aleksandr" not found for web_reg_find  	[MsgId: MERR-26366]
Action.c(97): Error -26366: "Text=name="lastName" value="Shurik" not found for web_reg_find  	[MsgId: MERR-26366]
End auto log messages stack.	[MsgId: MMSG-10544]


Start auto log messages stack - Iteration 5.	[MsgId: MMSG-10545]
Action.c(85): Notify: Transaction "choose_Flight_param" ended with a "Pass" status (Duration: 0,0371 Wasted Time: 0,0001).	[MsgId: MMSG-16871]
Action.c(87): Notify: Transaction "choose_Flight" started.	[MsgId: MMSG-16999]
Action.c(89): web_reg_find started  	[MsgId: MMSG-26355]
Action.c(89): Registering web_reg_find was successful  	[MsgId: MMSG-26390]
Action.c(93): web_reg_find started  	[MsgId: MMSG-26355]
Action.c(93): Registering web_reg_find was successful  	[MsgId: MMSG-26390]
Action.c(97): web_submit_data("reservations.pl_2") started  	[MsgId: MMSG-26355]
Action.c(97): Resource "http://localhost:1080/WebTours/images/button_next.gif" is in the cache already and will not be downloaded again  	[MsgId: MMSG-26655]
Action.c(97): Error -26366: "Text=name="firstName" value="Ilya" not found for web_reg_find  	[MsgId: MERR-26366]
Action.c(97): Error -26366: "Text=name="lastName" value="Kozodoev" not found for web_reg_find  	[MsgId: MERR-26366]
End auto log messages stack.	[MsgId: MMSG-10544]


Start auto log messages stack - Iteration 7.	[MsgId: MMSG-10545]
Action.c(85): Notify: Transaction "choose_Flight_param" ended with a "Pass" status (Duration: 0,0383 Wasted Time: 0,0001).	[MsgId: MMSG-16871]
Action.c(87): Notify: Transaction "choose_Flight" started.	[MsgId: MMSG-16999]
Action.c(89): web_reg_find started  	[MsgId: MMSG-26355]
Action.c(89): Registering web_reg_find was successful  	[MsgId: MMSG-26390]
Action.c(93): web_reg_find started  	[MsgId: MMSG-26355]
Action.c(93): Registering web_reg_find was successful  	[MsgId: MMSG-26390]
Action.c(97): web_submit_data("reservations.pl_2") started  	[MsgId: MMSG-26355]
Action.c(97): Resource "http://localhost:1080/WebTours/images/button_next.gif" is in the cache already and will not be downloaded again  	[MsgId: MMSG-26655]
Action.c(97): Error -26366: "Text=name="firstName" value="Andrey" not found for web_reg_find  	[MsgId: MERR-26366]
Action.c(97): Error -26366: "Text=name="lastName" value="Vodkin" not found for web_reg_find  	[MsgId: MERR-26366]
End auto log messages stack.	[MsgId: MMSG-10544]


Start auto log messages stack - Iteration 6.	[MsgId: MMSG-10545]
Action.c(85): Notify: Transaction "choose_Flight_param" ended with a "Pass" status (Duration: 0,0370 Wasted Time: 0,0001).	[MsgId: MMSG-16871]
Action.c(87): Notify: Transaction "choose_Flight" started.	[MsgId: MMSG-16999]
Action.c(89): web_reg_find started  	[MsgId: MMSG-26355]
Action.c(89): Registering web_reg_find was successful  	[MsgId: MMSG-26390]
Action.c(93): web_reg_find started  	[MsgId: MMSG-26355]
Action.c(93): Registering web_reg_find was successful  	[MsgId: MMSG-26390]
Action.c(97): web_submit_data("reservations.pl_2") started  	[MsgId: MMSG-26355]
Action.c(97): Resource "http://localhost:1080/WebTours/images/button_next.gif" is in the cache already and will not be downloaded again  	[MsgId: MMSG-26655]
Action.c(97): Error -26366: "Text=name="firstName" value="Aleksandr" not found for web_reg_find  	[MsgId: MERR-26366]
Action.c(97): Error -26366: "Text=name="lastName" value="Shurik" not found for web_reg_find  	[MsgId: MERR-26366]
End auto log messages stack.	[MsgId: MMSG-10544]


Start auto log messages stack - Iteration 8.	[MsgId: MMSG-10545]
Action.c(85): Notify: Transaction "choose_Flight_param" ended with a "Pass" status (Duration: 0,0348 Wasted Time: 0,0001).	[MsgId: MMSG-16871]
Action.c(87): Notify: Transaction "choose_Flight" started.	[MsgId: MMSG-16999]
Action.c(89): web_reg_find started  	[MsgId: MMSG-26355]
Action.c(89): Registering web_reg_find was successful  	[MsgId: MMSG-26390]
Action.c(93): web_reg_find started  	[MsgId: MMSG-26355]
Action.c(93): Registering web_reg_find was successful  	[MsgId: MMSG-26390]
Action.c(97): web_submit_data("reservations.pl_2") started  	[MsgId: MMSG-26355]
Action.c(97): Resource "http://localhost:1080/WebTours/images/button_next.gif" is in the cache already and will not be downloaded again  	[MsgId: MMSG-26655]
Action.c(97): Error -26366: "Text=name="firstName" value="Kirill" not found for web_reg_find  	[MsgId: MERR-26366]
Action.c(97): Error -26366: "Text=name="lastName" value="Borman" not found for web_reg_find  	[MsgId: MERR-26366]
End auto log messages stack.	[MsgId: MMSG-10544]


Start auto log messages stack - Iteration 7.	[MsgId: MMSG-10545]
Action.c(85): Notify: Transaction "choose_Flight_param" ended with a "Pass" status (Duration: 0,0335 Wasted Time: 0,0001).	[MsgId: MMSG-16871]
Action.c(87): Notify: Transaction "choose_Flight" started.	[MsgId: MMSG-16999]
Action.c(89): web_reg_find started  	[MsgId: MMSG-26355]
Action.c(89): Registering web_reg_find was successful  	[MsgId: MMSG-26390]
Action.c(93): web_reg_find started  	[MsgId: MMSG-26355]
Action.c(93): Registering web_reg_find was successful  	[MsgId: MMSG-26390]
Action.c(97): web_submit_data("reservations.pl_2") started  	[MsgId: MMSG-26355]
Action.c(97): Resource "http://localhost:1080/WebTours/images/button_next.gif" is in the cache already and will not be downloaded again  	[MsgId: MMSG-26655]
Action.c(97): Error -26366: "Text=name="firstName" value="Andrey" not found for web_reg_find  	[MsgId: MERR-26366]
Action.c(97): Error -26366: "Text=name="lastName" value="Vodkin" not found for web_reg_find  	[MsgId: MERR-26366]
End auto log messages stack.	[MsgId: MMSG-10544]


Start auto log messages stack - Iteration 9.	[MsgId: MMSG-10545]
Action.c(85): Notify: Transaction "choose_Flight_param" ended with a "Pass" status (Duration: 0,0347 Wasted Time: 0,0001).	[MsgId: MMSG-16871]
Action.c(87): Notify: Transaction "choose_Flight" started.	[MsgId: MMSG-16999]
Action.c(89): web_reg_find started  	[MsgId: MMSG-26355]
Action.c(89): Registering web_reg_find was successful  	[MsgId: MMSG-26390]
Action.c(93): web_reg_find started  	[MsgId: MMSG-26355]
Action.c(93): Registering web_reg_find was successful  	[MsgId: MMSG-26390]
Action.c(97): web_submit_data("reservations.pl_2") started  	[MsgId: MMSG-26355]
Action.c(97): Resource "http://localhost:1080/WebTours/images/button_next.gif" is in the cache already and will not be downloaded again  	[MsgId: MMSG-26655]
Action.c(97): Error -26366: "Text=name="firstName" value="Tatyana" not found for web_reg_find  	[MsgId: MERR-26366]
Action.c(97): Error -26366: "Text=name="lastName" value="Prostokvashino" not found for web_reg_find  	[MsgId: MERR-26366]
End auto log messages stack.	[MsgId: MMSG-10544]


Start auto log messages stack - Iteration 8.	[MsgId: MMSG-10545]
Action.c(85): Notify: Transaction "choose_Flight_param" ended with a "Pass" status (Duration: 0,0350 Wasted Time: 0,0001).	[MsgId: MMSG-16871]
Action.c(87): Notify: Transaction "choose_Flight" started.	[MsgId: MMSG-16999]
Action.c(89): web_reg_find started  	[MsgId: MMSG-26355]
Action.c(89): Registering web_reg_find was successful  	[MsgId: MMSG-26390]
Action.c(93): web_reg_find started  	[MsgId: MMSG-26355]
Action.c(93): Registering web_reg_find was successful  	[MsgId: MMSG-26390]
Action.c(97): web_submit_data("reservations.pl_2") started  	[MsgId: MMSG-26355]
Action.c(97): Resource "http://localhost:1080/WebTours/images/button_next.gif" is in the cache already and will not be downloaded again  	[MsgId: MMSG-26655]
Action.c(97): Error -26366: "Text=name="firstName" value="Kirill" not found for web_reg_find  	[MsgId: MERR-26366]
Action.c(97): Error -26366: "Text=name="lastName" value="Borman" not found for web_reg_find  	[MsgId: MERR-26366]
End auto log messages stack.	[MsgId: MMSG-10544]


Start auto log messages stack - Iteration 9.	[MsgId: MMSG-10545]
Action.c(85): Notify: Transaction "choose_Flight_param" ended with a "Pass" status (Duration: 0,0368 Wasted Time: 0,0001).	[MsgId: MMSG-16871]
Action.c(87): Notify: Transaction "choose_Flight" started.	[MsgId: MMSG-16999]
Action.c(89): web_reg_find started  	[MsgId: MMSG-26355]
Action.c(89): Registering web_reg_find was successful  	[MsgId: MMSG-26390]
Action.c(93): web_reg_find started  	[MsgId: MMSG-26355]
Action.c(93): Registering web_reg_find was successful  	[MsgId: MMSG-26390]
Action.c(97): web_submit_data("reservations.pl_2") started  	[MsgId: MMSG-26355]
Action.c(97): Resource "http://localhost:1080/WebTours/images/button_next.gif" is in the cache already and will not be downloaded again  	[MsgId: MMSG-26655]
Action.c(97): Error -26366: "Text=name="firstName" value="Tatyana" not found for web_reg_find  	[MsgId: MERR-26366]
Action.c(97): Error -26366: "Text=name="lastName" value="Prostokvashino" not found for web_reg_find  	[MsgId: MERR-26366]
End auto log messages stack.	[MsgId: MMSG-10544]


