Start auto log messages stack - Iteration 1.	[MsgId: MMSG-10545]
Starting action Action.	[MsgId: MMSG-15919]
Action.c(3): Notify: Transaction "3_Task_Booking" started.	[MsgId: MMSG-16999]
Action.c(6): Notify: Transaction "open_homepage" started.	[MsgId: MMSG-16999]
Action.c(8): web_reg_save_param_regexp started  	[MsgId: MMSG-26355]
Action.c(8): Registering web_reg_save_param_regexp was successful  	[MsgId: MMSG-26390]
Action.c(15): web_reg_find started  	[MsgId: MMSG-26355]
Action.c(15): Registering web_reg_find was successful  	[MsgId: MMSG-26390]
Action.c(19): web_url("WebTours") started  	[MsgId: MMSG-26355]
Action.c(19): Error -27792: Failed to connect to server "localhost:1080": [10061] Connection refused  	[MsgId: MERR-27792]
Action.c(19): Error -35049: No match found for the requested parameter "userSession". Check whether the requested regular expression exists in the response data  	[MsgId: MERR-35049]
Action.c(19): Error -26366: "Text=<title>Web Tours</title>" not found for web_reg_find  	[MsgId: MERR-26366]
Action.c(19): Error -26374: The above "not found" error(s) may be explained by header and body byte counts being 0 and 0, respectively.  	[MsgId: MERR-26374]
End auto log messages stack.	[MsgId: MMSG-10544]


Start auto log messages stack - Iteration 1.	[MsgId: MMSG-10545]
Starting action Action.	[MsgId: MMSG-15919]
Action.c(3): Notify: Transaction "3_Task_Booking" started.	[MsgId: MMSG-16999]
Action.c(6): Notify: Transaction "open_homepage" started.	[MsgId: MMSG-16999]
Action.c(8): web_reg_save_param_regexp started  	[MsgId: MMSG-26355]
Action.c(8): Registering web_reg_save_param_regexp was successful  	[MsgId: MMSG-26390]
Action.c(15): web_reg_find started  	[MsgId: MMSG-26355]
Action.c(15): Registering web_reg_find was successful  	[MsgId: MMSG-26390]
Action.c(19): web_url("WebTours") started  	[MsgId: MMSG-26355]
Action.c(19): Error -27792: Failed to connect to server "localhost:1080": [10061] Connection refused  	[MsgId: MERR-27792]
Action.c(19): Error -35049: No match found for the requested parameter "userSession". Check whether the requested regular expression exists in the response data  	[MsgId: MERR-35049]
Action.c(19): Error -26366: "Text=<title>Web Tours</title>" not found for web_reg_find  	[MsgId: MERR-26366]
Action.c(19): Error -26374: The above "not found" error(s) may be explained by header and body byte counts being 0 and 0, respectively.  	[MsgId: MERR-26374]
End auto log messages stack.	[MsgId: MMSG-10544]


Start auto log messages stack - Iteration 1.	[MsgId: MMSG-10545]
Starting action Action.	[MsgId: MMSG-15919]
Action.c(3): Notify: Transaction "3_Task_Booking" started.	[MsgId: MMSG-16999]
Action.c(6): Notify: Transaction "open_homepage" started.	[MsgId: MMSG-16999]
Action.c(8): web_reg_save_param_regexp started  	[MsgId: MMSG-26355]
Action.c(8): Registering web_reg_save_param_regexp was successful  	[MsgId: MMSG-26390]
Action.c(15): web_reg_find started  	[MsgId: MMSG-26355]
Action.c(15): Registering web_reg_find was successful  	[MsgId: MMSG-26390]
Action.c(19): web_url("WebTours") started  	[MsgId: MMSG-26355]
Action.c(19): Error -27792: Failed to connect to server "localhost:1080": [10061] Connection refused  	[MsgId: MERR-27792]
Action.c(19): Error -35049: No match found for the requested parameter "userSession". Check whether the requested regular expression exists in the response data  	[MsgId: MERR-35049]
Action.c(19): Error -26366: "Text=<title>Web Tours</title>" not found for web_reg_find  	[MsgId: MERR-26366]
Action.c(19): Error -26374: The above "not found" error(s) may be explained by header and body byte counts being 0 and 0, respectively.  	[MsgId: MERR-26374]
End auto log messages stack.	[MsgId: MMSG-10544]


Start auto log messages stack - Iteration 2.	[MsgId: MMSG-10545]
Starting action Action.	[MsgId: MMSG-15919]
Action.c(3): Notify: Transaction "3_Task_Booking" started.	[MsgId: MMSG-16999]
Action.c(6): Notify: Transaction "open_homepage" started.	[MsgId: MMSG-16999]
Action.c(8): web_reg_save_param_regexp started  	[MsgId: MMSG-26355]
Action.c(8): Registering web_reg_save_param_regexp was successful  	[MsgId: MMSG-26390]
Action.c(15): web_reg_find started  	[MsgId: MMSG-26355]
Action.c(15): Registering web_reg_find was successful  	[MsgId: MMSG-26390]
Action.c(19): web_url("WebTours") started  	[MsgId: MMSG-26355]
Action.c(19): Error -27792: Failed to connect to server "localhost:1080": [10061] Connection refused  	[MsgId: MERR-27792]
Action.c(19): Error -35049: No match found for the requested parameter "userSession". Check whether the requested regular expression exists in the response data  	[MsgId: MERR-35049]
Action.c(19): Error -26366: "Text=<title>Web Tours</title>" not found for web_reg_find  	[MsgId: MERR-26366]
Action.c(19): Error -26374: The above "not found" error(s) may be explained by header and body byte counts being 0 and 0, respectively.  	[MsgId: MERR-26374]
End auto log messages stack.	[MsgId: MMSG-10544]


Start auto log messages stack - Iteration 2.	[MsgId: MMSG-10545]
Starting action Action.	[MsgId: MMSG-15919]
Action.c(3): Notify: Transaction "3_Task_Booking" started.	[MsgId: MMSG-16999]
Action.c(6): Notify: Transaction "open_homepage" started.	[MsgId: MMSG-16999]
Action.c(8): web_reg_save_param_regexp started  	[MsgId: MMSG-26355]
Action.c(8): Registering web_reg_save_param_regexp was successful  	[MsgId: MMSG-26390]
Action.c(15): web_reg_find started  	[MsgId: MMSG-26355]
Action.c(15): Registering web_reg_find was successful  	[MsgId: MMSG-26390]
Action.c(19): web_url("WebTours") started  	[MsgId: MMSG-26355]
Action.c(19): Error -27792: Failed to connect to server "localhost:1080": [10061] Connection refused  	[MsgId: MERR-27792]
Action.c(19): Error -35049: No match found for the requested parameter "userSession". Check whether the requested regular expression exists in the response data  	[MsgId: MERR-35049]
Action.c(19): Error -26366: "Text=<title>Web Tours</title>" not found for web_reg_find  	[MsgId: MERR-26366]
Action.c(19): Error -26374: The above "not found" error(s) may be explained by header and body byte counts being 0 and 0, respectively.  	[MsgId: MERR-26374]
End auto log messages stack.	[MsgId: MMSG-10544]


Start auto log messages stack - Iteration 2.	[MsgId: MMSG-10545]
Starting action Action.	[MsgId: MMSG-15919]
Action.c(3): Notify: Transaction "3_Task_Booking" started.	[MsgId: MMSG-16999]
Action.c(6): Notify: Transaction "open_homepage" started.	[MsgId: MMSG-16999]
Action.c(8): web_reg_save_param_regexp started  	[MsgId: MMSG-26355]
Action.c(8): Registering web_reg_save_param_regexp was successful  	[MsgId: MMSG-26390]
Action.c(15): web_reg_find started  	[MsgId: MMSG-26355]
Action.c(15): Registering web_reg_find was successful  	[MsgId: MMSG-26390]
Action.c(19): web_url("WebTours") started  	[MsgId: MMSG-26355]
Action.c(19): Error -27792: Failed to connect to server "localhost:1080": [10061] Connection refused  	[MsgId: MERR-27792]
Action.c(19): Error -35049: No match found for the requested parameter "userSession". Check whether the requested regular expression exists in the response data  	[MsgId: MERR-35049]
Action.c(19): Error -26366: "Text=<title>Web Tours</title>" not found for web_reg_find  	[MsgId: MERR-26366]
Action.c(19): Error -26374: The above "not found" error(s) may be explained by header and body byte counts being 0 and 0, respectively.  	[MsgId: MERR-26374]
End auto log messages stack.	[MsgId: MMSG-10544]


Start auto log messages stack - Iteration 3.	[MsgId: MMSG-10545]
Starting action Action.	[MsgId: MMSG-15919]
Action.c(3): Notify: Transaction "3_Task_Booking" started.	[MsgId: MMSG-16999]
Action.c(6): Notify: Transaction "open_homepage" started.	[MsgId: MMSG-16999]
Action.c(8): web_reg_save_param_regexp started  	[MsgId: MMSG-26355]
Action.c(8): Registering web_reg_save_param_regexp was successful  	[MsgId: MMSG-26390]
Action.c(15): web_reg_find started  	[MsgId: MMSG-26355]
Action.c(15): Registering web_reg_find was successful  	[MsgId: MMSG-26390]
Action.c(19): web_url("WebTours") started  	[MsgId: MMSG-26355]
Action.c(19): Error -27792: Failed to connect to server "localhost:1080": [10061] Connection refused  	[MsgId: MERR-27792]
Action.c(19): Error -35049: No match found for the requested parameter "userSession". Check whether the requested regular expression exists in the response data  	[MsgId: MERR-35049]
Action.c(19): Error -26366: "Text=<title>Web Tours</title>" not found for web_reg_find  	[MsgId: MERR-26366]
Action.c(19): Error -26374: The above "not found" error(s) may be explained by header and body byte counts being 0 and 0, respectively.  	[MsgId: MERR-26374]
End auto log messages stack.	[MsgId: MMSG-10544]


Start auto log messages stack - Iteration 3.	[MsgId: MMSG-10545]
Starting action Action.	[MsgId: MMSG-15919]
Action.c(3): Notify: Transaction "3_Task_Booking" started.	[MsgId: MMSG-16999]
Action.c(6): Notify: Transaction "open_homepage" started.	[MsgId: MMSG-16999]
Action.c(8): web_reg_save_param_regexp started  	[MsgId: MMSG-26355]
Action.c(8): Registering web_reg_save_param_regexp was successful  	[MsgId: MMSG-26390]
Action.c(15): web_reg_find started  	[MsgId: MMSG-26355]
Action.c(15): Registering web_reg_find was successful  	[MsgId: MMSG-26390]
Action.c(19): web_url("WebTours") started  	[MsgId: MMSG-26355]
Action.c(19): Error -27792: Failed to connect to server "localhost:1080": [10061] Connection refused  	[MsgId: MERR-27792]
Action.c(19): Error -35049: No match found for the requested parameter "userSession". Check whether the requested regular expression exists in the response data  	[MsgId: MERR-35049]
Action.c(19): Error -26366: "Text=<title>Web Tours</title>" not found for web_reg_find  	[MsgId: MERR-26366]
Action.c(19): Error -26374: The above "not found" error(s) may be explained by header and body byte counts being 0 and 0, respectively.  	[MsgId: MERR-26374]
End auto log messages stack.	[MsgId: MMSG-10544]


Start auto log messages stack - Iteration 3.	[MsgId: MMSG-10545]
Starting action Action.	[MsgId: MMSG-15919]
Action.c(3): Notify: Transaction "3_Task_Booking" started.	[MsgId: MMSG-16999]
Action.c(6): Notify: Transaction "open_homepage" started.	[MsgId: MMSG-16999]
Action.c(8): web_reg_save_param_regexp started  	[MsgId: MMSG-26355]
Action.c(8): Registering web_reg_save_param_regexp was successful  	[MsgId: MMSG-26390]
Action.c(15): web_reg_find started  	[MsgId: MMSG-26355]
Action.c(15): Registering web_reg_find was successful  	[MsgId: MMSG-26390]
Action.c(19): web_url("WebTours") started  	[MsgId: MMSG-26355]
Action.c(19): Error -27792: Failed to connect to server "localhost:1080": [10061] Connection refused  	[MsgId: MERR-27792]
Action.c(19): Error -35049: No match found for the requested parameter "userSession". Check whether the requested regular expression exists in the response data  	[MsgId: MERR-35049]
Action.c(19): Error -26366: "Text=<title>Web Tours</title>" not found for web_reg_find  	[MsgId: MERR-26366]
Action.c(19): Error -26374: The above "not found" error(s) may be explained by header and body byte counts being 0 and 0, respectively.  	[MsgId: MERR-26374]
End auto log messages stack.	[MsgId: MMSG-10544]


Start auto log messages stack - Iteration 4.	[MsgId: MMSG-10545]
Starting action Action.	[MsgId: MMSG-15919]
Action.c(3): Notify: Transaction "3_Task_Booking" started.	[MsgId: MMSG-16999]
Action.c(6): Notify: Transaction "open_homepage" started.	[MsgId: MMSG-16999]
Action.c(8): web_reg_save_param_regexp started  	[MsgId: MMSG-26355]
Action.c(8): Registering web_reg_save_param_regexp was successful  	[MsgId: MMSG-26390]
Action.c(15): web_reg_find started  	[MsgId: MMSG-26355]
Action.c(15): Registering web_reg_find was successful  	[MsgId: MMSG-26390]
Action.c(19): web_url("WebTours") started  	[MsgId: MMSG-26355]
Action.c(19): Error -27792: Failed to connect to server "localhost:1080": [10061] Connection refused  	[MsgId: MERR-27792]
Action.c(19): Error -35049: No match found for the requested parameter "userSession". Check whether the requested regular expression exists in the response data  	[MsgId: MERR-35049]
Action.c(19): Error -26366: "Text=<title>Web Tours</title>" not found for web_reg_find  	[MsgId: MERR-26366]
Action.c(19): Error -26374: The above "not found" error(s) may be explained by header and body byte counts being 0 and 0, respectively.  	[MsgId: MERR-26374]
End auto log messages stack.	[MsgId: MMSG-10544]


Start auto log messages stack - Iteration 4.	[MsgId: MMSG-10545]
Starting action Action.	[MsgId: MMSG-15919]
Action.c(3): Notify: Transaction "3_Task_Booking" started.	[MsgId: MMSG-16999]
Action.c(6): Notify: Transaction "open_homepage" started.	[MsgId: MMSG-16999]
Action.c(8): web_reg_save_param_regexp started  	[MsgId: MMSG-26355]
Action.c(8): Registering web_reg_save_param_regexp was successful  	[MsgId: MMSG-26390]
Action.c(15): web_reg_find started  	[MsgId: MMSG-26355]
Action.c(15): Registering web_reg_find was successful  	[MsgId: MMSG-26390]
Action.c(19): web_url("WebTours") started  	[MsgId: MMSG-26355]
Action.c(19): Error -27792: Failed to connect to server "localhost:1080": [10061] Connection refused  	[MsgId: MERR-27792]
Action.c(19): Error -35049: No match found for the requested parameter "userSession". Check whether the requested regular expression exists in the response data  	[MsgId: MERR-35049]
Action.c(19): Error -26366: "Text=<title>Web Tours</title>" not found for web_reg_find  	[MsgId: MERR-26366]
Action.c(19): Error -26374: The above "not found" error(s) may be explained by header and body byte counts being 0 and 0, respectively.  	[MsgId: MERR-26374]
End auto log messages stack.	[MsgId: MMSG-10544]


Start auto log messages stack - Iteration 4.	[MsgId: MMSG-10545]
Starting action Action.	[MsgId: MMSG-15919]
Action.c(3): Notify: Transaction "3_Task_Booking" started.	[MsgId: MMSG-16999]
Action.c(6): Notify: Transaction "open_homepage" started.	[MsgId: MMSG-16999]
Action.c(8): web_reg_save_param_regexp started  	[MsgId: MMSG-26355]
Action.c(8): Registering web_reg_save_param_regexp was successful  	[MsgId: MMSG-26390]
Action.c(15): web_reg_find started  	[MsgId: MMSG-26355]
Action.c(15): Registering web_reg_find was successful  	[MsgId: MMSG-26390]
Action.c(19): web_url("WebTours") started  	[MsgId: MMSG-26355]
Action.c(19): Error -27792: Failed to connect to server "localhost:1080": [10061] Connection refused  	[MsgId: MERR-27792]
Action.c(19): Error -35049: No match found for the requested parameter "userSession". Check whether the requested regular expression exists in the response data  	[MsgId: MERR-35049]
Action.c(19): Error -26366: "Text=<title>Web Tours</title>" not found for web_reg_find  	[MsgId: MERR-26366]
Action.c(19): Error -26374: The above "not found" error(s) may be explained by header and body byte counts being 0 and 0, respectively.  	[MsgId: MERR-26374]
End auto log messages stack.	[MsgId: MMSG-10544]


Start auto log messages stack - Iteration 5.	[MsgId: MMSG-10545]
Starting action Action.	[MsgId: MMSG-15919]
Action.c(3): Notify: Transaction "3_Task_Booking" started.	[MsgId: MMSG-16999]
Action.c(6): Notify: Transaction "open_homepage" started.	[MsgId: MMSG-16999]
Action.c(8): web_reg_save_param_regexp started  	[MsgId: MMSG-26355]
Action.c(8): Registering web_reg_save_param_regexp was successful  	[MsgId: MMSG-26390]
Action.c(15): web_reg_find started  	[MsgId: MMSG-26355]
Action.c(15): Registering web_reg_find was successful  	[MsgId: MMSG-26390]
Action.c(19): web_url("WebTours") started  	[MsgId: MMSG-26355]
Action.c(19): Error -27792: Failed to connect to server "localhost:1080": [10061] Connection refused  	[MsgId: MERR-27792]
Action.c(19): Error -35049: No match found for the requested parameter "userSession". Check whether the requested regular expression exists in the response data  	[MsgId: MERR-35049]
Action.c(19): Error -26366: "Text=<title>Web Tours</title>" not found for web_reg_find  	[MsgId: MERR-26366]
Action.c(19): Error -26374: The above "not found" error(s) may be explained by header and body byte counts being 0 and 0, respectively.  	[MsgId: MERR-26374]
End auto log messages stack.	[MsgId: MMSG-10544]


Start auto log messages stack - Iteration 5.	[MsgId: MMSG-10545]
Starting action Action.	[MsgId: MMSG-15919]
Action.c(3): Notify: Transaction "3_Task_Booking" started.	[MsgId: MMSG-16999]
Action.c(6): Notify: Transaction "open_homepage" started.	[MsgId: MMSG-16999]
Action.c(8): web_reg_save_param_regexp started  	[MsgId: MMSG-26355]
Action.c(8): Registering web_reg_save_param_regexp was successful  	[MsgId: MMSG-26390]
Action.c(15): web_reg_find started  	[MsgId: MMSG-26355]
Action.c(15): Registering web_reg_find was successful  	[MsgId: MMSG-26390]
Action.c(19): web_url("WebTours") started  	[MsgId: MMSG-26355]
Action.c(19): Error -27792: Failed to connect to server "localhost:1080": [10061] Connection refused  	[MsgId: MERR-27792]
Action.c(19): Error -35049: No match found for the requested parameter "userSession". Check whether the requested regular expression exists in the response data  	[MsgId: MERR-35049]
Action.c(19): Error -26366: "Text=<title>Web Tours</title>" not found for web_reg_find  	[MsgId: MERR-26366]
Action.c(19): Error -26374: The above "not found" error(s) may be explained by header and body byte counts being 0 and 0, respectively.  	[MsgId: MERR-26374]
End auto log messages stack.	[MsgId: MMSG-10544]


Start auto log messages stack - Iteration 5.	[MsgId: MMSG-10545]
Starting action Action.	[MsgId: MMSG-15919]
Action.c(3): Notify: Transaction "3_Task_Booking" started.	[MsgId: MMSG-16999]
Action.c(6): Notify: Transaction "open_homepage" started.	[MsgId: MMSG-16999]
Action.c(8): web_reg_save_param_regexp started  	[MsgId: MMSG-26355]
Action.c(8): Registering web_reg_save_param_regexp was successful  	[MsgId: MMSG-26390]
Action.c(15): web_reg_find started  	[MsgId: MMSG-26355]
Action.c(15): Registering web_reg_find was successful  	[MsgId: MMSG-26390]
Action.c(19): web_url("WebTours") started  	[MsgId: MMSG-26355]
Action.c(19): Error -27792: Failed to connect to server "localhost:1080": [10061] Connection refused  	[MsgId: MERR-27792]
Action.c(19): Error -35049: No match found for the requested parameter "userSession". Check whether the requested regular expression exists in the response data  	[MsgId: MERR-35049]
Action.c(19): Error -26366: "Text=<title>Web Tours</title>" not found for web_reg_find  	[MsgId: MERR-26366]
Action.c(19): Error -26374: The above "not found" error(s) may be explained by header and body byte counts being 0 and 0, respectively.  	[MsgId: MERR-26374]
End auto log messages stack.	[MsgId: MMSG-10544]


Start auto log messages stack - Iteration 6.	[MsgId: MMSG-10545]
Starting action Action.	[MsgId: MMSG-15919]
Action.c(3): Notify: Transaction "3_Task_Booking" started.	[MsgId: MMSG-16999]
Action.c(6): Notify: Transaction "open_homepage" started.	[MsgId: MMSG-16999]
Action.c(8): web_reg_save_param_regexp started  	[MsgId: MMSG-26355]
Action.c(8): Registering web_reg_save_param_regexp was successful  	[MsgId: MMSG-26390]
Action.c(15): web_reg_find started  	[MsgId: MMSG-26355]
Action.c(15): Registering web_reg_find was successful  	[MsgId: MMSG-26390]
Action.c(19): web_url("WebTours") started  	[MsgId: MMSG-26355]
Action.c(19): Error -27792: Failed to connect to server "localhost:1080": [10061] Connection refused  	[MsgId: MERR-27792]
Action.c(19): Error -35049: No match found for the requested parameter "userSession". Check whether the requested regular expression exists in the response data  	[MsgId: MERR-35049]
Action.c(19): Error -26366: "Text=<title>Web Tours</title>" not found for web_reg_find  	[MsgId: MERR-26366]
Action.c(19): Error -26374: The above "not found" error(s) may be explained by header and body byte counts being 0 and 0, respectively.  	[MsgId: MERR-26374]
End auto log messages stack.	[MsgId: MMSG-10544]


Start auto log messages stack - Iteration 6.	[MsgId: MMSG-10545]
Starting action Action.	[MsgId: MMSG-15919]
Action.c(3): Notify: Transaction "3_Task_Booking" started.	[MsgId: MMSG-16999]
Action.c(6): Notify: Transaction "open_homepage" started.	[MsgId: MMSG-16999]
Action.c(8): web_reg_save_param_regexp started  	[MsgId: MMSG-26355]
Action.c(8): Registering web_reg_save_param_regexp was successful  	[MsgId: MMSG-26390]
Action.c(15): web_reg_find started  	[MsgId: MMSG-26355]
Action.c(15): Registering web_reg_find was successful  	[MsgId: MMSG-26390]
Action.c(19): web_url("WebTours") started  	[MsgId: MMSG-26355]
Action.c(19): Error -27792: Failed to connect to server "localhost:1080": [10061] Connection refused  	[MsgId: MERR-27792]
Action.c(19): Error -35049: No match found for the requested parameter "userSession". Check whether the requested regular expression exists in the response data  	[MsgId: MERR-35049]
Action.c(19): Error -26366: "Text=<title>Web Tours</title>" not found for web_reg_find  	[MsgId: MERR-26366]
Action.c(19): Error -26374: The above "not found" error(s) may be explained by header and body byte counts being 0 and 0, respectively.  	[MsgId: MERR-26374]
End auto log messages stack.	[MsgId: MMSG-10544]


Start auto log messages stack - Iteration 6.	[MsgId: MMSG-10545]
Starting action Action.	[MsgId: MMSG-15919]
Action.c(3): Notify: Transaction "3_Task_Booking" started.	[MsgId: MMSG-16999]
Action.c(6): Notify: Transaction "open_homepage" started.	[MsgId: MMSG-16999]
Action.c(8): web_reg_save_param_regexp started  	[MsgId: MMSG-26355]
Action.c(8): Registering web_reg_save_param_regexp was successful  	[MsgId: MMSG-26390]
Action.c(15): web_reg_find started  	[MsgId: MMSG-26355]
Action.c(15): Registering web_reg_find was successful  	[MsgId: MMSG-26390]
Action.c(19): web_url("WebTours") started  	[MsgId: MMSG-26355]
Action.c(19): Error -27792: Failed to connect to server "localhost:1080": [10061] Connection refused  	[MsgId: MERR-27792]
Action.c(19): Error -35049: No match found for the requested parameter "userSession". Check whether the requested regular expression exists in the response data  	[MsgId: MERR-35049]
Action.c(19): Error -26366: "Text=<title>Web Tours</title>" not found for web_reg_find  	[MsgId: MERR-26366]
Action.c(19): Error -26374: The above "not found" error(s) may be explained by header and body byte counts being 0 and 0, respectively.  	[MsgId: MERR-26374]
End auto log messages stack.	[MsgId: MMSG-10544]


Start auto log messages stack - Iteration 7.	[MsgId: MMSG-10545]
Starting action Action.	[MsgId: MMSG-15919]
Action.c(3): Notify: Transaction "3_Task_Booking" started.	[MsgId: MMSG-16999]
Action.c(6): Notify: Transaction "open_homepage" started.	[MsgId: MMSG-16999]
Action.c(8): web_reg_save_param_regexp started  	[MsgId: MMSG-26355]
Action.c(8): Registering web_reg_save_param_regexp was successful  	[MsgId: MMSG-26390]
Action.c(15): web_reg_find started  	[MsgId: MMSG-26355]
Action.c(15): Registering web_reg_find was successful  	[MsgId: MMSG-26390]
Action.c(19): web_url("WebTours") started  	[MsgId: MMSG-26355]
Action.c(19): Error -27792: Failed to connect to server "localhost:1080": [10061] Connection refused  	[MsgId: MERR-27792]
Action.c(19): Error -35049: No match found for the requested parameter "userSession". Check whether the requested regular expression exists in the response data  	[MsgId: MERR-35049]
Action.c(19): Error -26366: "Text=<title>Web Tours</title>" not found for web_reg_find  	[MsgId: MERR-26366]
Action.c(19): Error -26374: The above "not found" error(s) may be explained by header and body byte counts being 0 and 0, respectively.  	[MsgId: MERR-26374]
End auto log messages stack.	[MsgId: MMSG-10544]


Start auto log messages stack - Iteration 7.	[MsgId: MMSG-10545]
Starting action Action.	[MsgId: MMSG-15919]
Action.c(3): Notify: Transaction "3_Task_Booking" started.	[MsgId: MMSG-16999]
Action.c(6): Notify: Transaction "open_homepage" started.	[MsgId: MMSG-16999]
Action.c(8): web_reg_save_param_regexp started  	[MsgId: MMSG-26355]
Action.c(8): Registering web_reg_save_param_regexp was successful  	[MsgId: MMSG-26390]
Action.c(15): web_reg_find started  	[MsgId: MMSG-26355]
Action.c(15): Registering web_reg_find was successful  	[MsgId: MMSG-26390]
Action.c(19): web_url("WebTours") started  	[MsgId: MMSG-26355]
Action.c(19): Error -27792: Failed to connect to server "localhost:1080": [10061] Connection refused  	[MsgId: MERR-27792]
Action.c(19): Error -35049: No match found for the requested parameter "userSession". Check whether the requested regular expression exists in the response data  	[MsgId: MERR-35049]
Action.c(19): Error -26366: "Text=<title>Web Tours</title>" not found for web_reg_find  	[MsgId: MERR-26366]
Action.c(19): Error -26374: The above "not found" error(s) may be explained by header and body byte counts being 0 and 0, respectively.  	[MsgId: MERR-26374]
End auto log messages stack.	[MsgId: MMSG-10544]


Start auto log messages stack - Iteration 7.	[MsgId: MMSG-10545]
Starting action Action.	[MsgId: MMSG-15919]
Action.c(3): Notify: Transaction "3_Task_Booking" started.	[MsgId: MMSG-16999]
Action.c(6): Notify: Transaction "open_homepage" started.	[MsgId: MMSG-16999]
Action.c(8): web_reg_save_param_regexp started  	[MsgId: MMSG-26355]
Action.c(8): Registering web_reg_save_param_regexp was successful  	[MsgId: MMSG-26390]
Action.c(15): web_reg_find started  	[MsgId: MMSG-26355]
Action.c(15): Registering web_reg_find was successful  	[MsgId: MMSG-26390]
Action.c(19): web_url("WebTours") started  	[MsgId: MMSG-26355]
Action.c(19): Error -27792: Failed to connect to server "localhost:1080": [10061] Connection refused  	[MsgId: MERR-27792]
Action.c(19): Error -35049: No match found for the requested parameter "userSession". Check whether the requested regular expression exists in the response data  	[MsgId: MERR-35049]
Action.c(19): Error -26366: "Text=<title>Web Tours</title>" not found for web_reg_find  	[MsgId: MERR-26366]
Action.c(19): Error -26374: The above "not found" error(s) may be explained by header and body byte counts being 0 and 0, respectively.  	[MsgId: MERR-26374]
End auto log messages stack.	[MsgId: MMSG-10544]


Start auto log messages stack - Iteration 8.	[MsgId: MMSG-10545]
Starting action Action.	[MsgId: MMSG-15919]
Action.c(3): Notify: Transaction "3_Task_Booking" started.	[MsgId: MMSG-16999]
Action.c(6): Notify: Transaction "open_homepage" started.	[MsgId: MMSG-16999]
Action.c(8): web_reg_save_param_regexp started  	[MsgId: MMSG-26355]
Action.c(8): Registering web_reg_save_param_regexp was successful  	[MsgId: MMSG-26390]
Action.c(15): web_reg_find started  	[MsgId: MMSG-26355]
Action.c(15): Registering web_reg_find was successful  	[MsgId: MMSG-26390]
Action.c(19): web_url("WebTours") started  	[MsgId: MMSG-26355]
Action.c(19): Error -27792: Failed to connect to server "localhost:1080": [10061] Connection refused  	[MsgId: MERR-27792]
Action.c(19): Error -35049: No match found for the requested parameter "userSession". Check whether the requested regular expression exists in the response data  	[MsgId: MERR-35049]
Action.c(19): Error -26366: "Text=<title>Web Tours</title>" not found for web_reg_find  	[MsgId: MERR-26366]
Action.c(19): Error -26374: The above "not found" error(s) may be explained by header and body byte counts being 0 and 0, respectively.  	[MsgId: MERR-26374]
End auto log messages stack.	[MsgId: MMSG-10544]


Start auto log messages stack - Iteration 8.	[MsgId: MMSG-10545]
Starting action Action.	[MsgId: MMSG-15919]
Action.c(3): Notify: Transaction "3_Task_Booking" started.	[MsgId: MMSG-16999]
Action.c(6): Notify: Transaction "open_homepage" started.	[MsgId: MMSG-16999]
Action.c(8): web_reg_save_param_regexp started  	[MsgId: MMSG-26355]
Action.c(8): Registering web_reg_save_param_regexp was successful  	[MsgId: MMSG-26390]
Action.c(15): web_reg_find started  	[MsgId: MMSG-26355]
Action.c(15): Registering web_reg_find was successful  	[MsgId: MMSG-26390]
Action.c(19): web_url("WebTours") started  	[MsgId: MMSG-26355]
Action.c(19): Error -27792: Failed to connect to server "localhost:1080": [10061] Connection refused  	[MsgId: MERR-27792]
Action.c(19): Error -35049: No match found for the requested parameter "userSession". Check whether the requested regular expression exists in the response data  	[MsgId: MERR-35049]
Action.c(19): Error -26366: "Text=<title>Web Tours</title>" not found for web_reg_find  	[MsgId: MERR-26366]
Action.c(19): Error -26374: The above "not found" error(s) may be explained by header and body byte counts being 0 and 0, respectively.  	[MsgId: MERR-26374]
End auto log messages stack.	[MsgId: MMSG-10544]


Start auto log messages stack - Iteration 8.	[MsgId: MMSG-10545]
Starting action Action.	[MsgId: MMSG-15919]
Action.c(3): Notify: Transaction "3_Task_Booking" started.	[MsgId: MMSG-16999]
Action.c(6): Notify: Transaction "open_homepage" started.	[MsgId: MMSG-16999]
Action.c(8): web_reg_save_param_regexp started  	[MsgId: MMSG-26355]
Action.c(8): Registering web_reg_save_param_regexp was successful  	[MsgId: MMSG-26390]
Action.c(15): web_reg_find started  	[MsgId: MMSG-26355]
Action.c(15): Registering web_reg_find was successful  	[MsgId: MMSG-26390]
Action.c(19): web_url("WebTours") started  	[MsgId: MMSG-26355]
Action.c(19): Error -27792: Failed to connect to server "localhost:1080": [10061] Connection refused  	[MsgId: MERR-27792]
Action.c(19): Error -35049: No match found for the requested parameter "userSession". Check whether the requested regular expression exists in the response data  	[MsgId: MERR-35049]
Action.c(19): Error -26366: "Text=<title>Web Tours</title>" not found for web_reg_find  	[MsgId: MERR-26366]
Action.c(19): Error -26374: The above "not found" error(s) may be explained by header and body byte counts being 0 and 0, respectively.  	[MsgId: MERR-26374]
End auto log messages stack.	[MsgId: MMSG-10544]


Start auto log messages stack - Iteration 9.	[MsgId: MMSG-10545]
Starting action Action.	[MsgId: MMSG-15919]
Action.c(3): Notify: Transaction "3_Task_Booking" started.	[MsgId: MMSG-16999]
Action.c(6): Notify: Transaction "open_homepage" started.	[MsgId: MMSG-16999]
Action.c(8): web_reg_save_param_regexp started  	[MsgId: MMSG-26355]
Action.c(8): Registering web_reg_save_param_regexp was successful  	[MsgId: MMSG-26390]
Action.c(15): web_reg_find started  	[MsgId: MMSG-26355]
Action.c(15): Registering web_reg_find was successful  	[MsgId: MMSG-26390]
Action.c(19): web_url("WebTours") started  	[MsgId: MMSG-26355]
Action.c(19): Error -27792: Failed to connect to server "localhost:1080": [10061] Connection refused  	[MsgId: MERR-27792]
Action.c(19): Error -35049: No match found for the requested parameter "userSession". Check whether the requested regular expression exists in the response data  	[MsgId: MERR-35049]
Action.c(19): Error -26366: "Text=<title>Web Tours</title>" not found for web_reg_find  	[MsgId: MERR-26366]
Action.c(19): Error -26374: The above "not found" error(s) may be explained by header and body byte counts being 0 and 0, respectively.  	[MsgId: MERR-26374]
End auto log messages stack.	[MsgId: MMSG-10544]


Start auto log messages stack - Iteration 9.	[MsgId: MMSG-10545]
Starting action Action.	[MsgId: MMSG-15919]
Action.c(3): Notify: Transaction "3_Task_Booking" started.	[MsgId: MMSG-16999]
Action.c(6): Notify: Transaction "open_homepage" started.	[MsgId: MMSG-16999]
Action.c(8): web_reg_save_param_regexp started  	[MsgId: MMSG-26355]
Action.c(8): Registering web_reg_save_param_regexp was successful  	[MsgId: MMSG-26390]
Action.c(15): web_reg_find started  	[MsgId: MMSG-26355]
Action.c(15): Registering web_reg_find was successful  	[MsgId: MMSG-26390]
Action.c(19): web_url("WebTours") started  	[MsgId: MMSG-26355]
Action.c(19): Error -27792: Failed to connect to server "localhost:1080": [10061] Connection refused  	[MsgId: MERR-27792]
Action.c(19): Error -35049: No match found for the requested parameter "userSession". Check whether the requested regular expression exists in the response data  	[MsgId: MERR-35049]
Action.c(19): Error -26366: "Text=<title>Web Tours</title>" not found for web_reg_find  	[MsgId: MERR-26366]
Action.c(19): Error -26374: The above "not found" error(s) may be explained by header and body byte counts being 0 and 0, respectively.  	[MsgId: MERR-26374]
End auto log messages stack.	[MsgId: MMSG-10544]


Start auto log messages stack - Iteration 9.	[MsgId: MMSG-10545]
Starting action Action.	[MsgId: MMSG-15919]
Action.c(3): Notify: Transaction "3_Task_Booking" started.	[MsgId: MMSG-16999]
Action.c(6): Notify: Transaction "open_homepage" started.	[MsgId: MMSG-16999]
Action.c(8): web_reg_save_param_regexp started  	[MsgId: MMSG-26355]
Action.c(8): Registering web_reg_save_param_regexp was successful  	[MsgId: MMSG-26390]
Action.c(15): web_reg_find started  	[MsgId: MMSG-26355]
Action.c(15): Registering web_reg_find was successful  	[MsgId: MMSG-26390]
Action.c(19): web_url("WebTours") started  	[MsgId: MMSG-26355]
Action.c(19): Error -27792: Failed to connect to server "localhost:1080": [10061] Connection refused  	[MsgId: MERR-27792]
Action.c(19): Error -35049: No match found for the requested parameter "userSession". Check whether the requested regular expression exists in the response data  	[MsgId: MERR-35049]
Action.c(19): Error -26366: "Text=<title>Web Tours</title>" not found for web_reg_find  	[MsgId: MERR-26366]
Action.c(19): Error -26374: The above "not found" error(s) may be explained by header and body byte counts being 0 and 0, respectively.  	[MsgId: MERR-26374]
End auto log messages stack.	[MsgId: MMSG-10544]


Start auto log messages stack - Iteration 10.	[MsgId: MMSG-10545]
Starting action Action.	[MsgId: MMSG-15919]
Action.c(3): Notify: Transaction "3_Task_Booking" started.	[MsgId: MMSG-16999]
Action.c(6): Notify: Transaction "open_homepage" started.	[MsgId: MMSG-16999]
Action.c(8): web_reg_save_param_regexp started  	[MsgId: MMSG-26355]
Action.c(8): Registering web_reg_save_param_regexp was successful  	[MsgId: MMSG-26390]
Action.c(15): web_reg_find started  	[MsgId: MMSG-26355]
Action.c(15): Registering web_reg_find was successful  	[MsgId: MMSG-26390]
Action.c(19): web_url("WebTours") started  	[MsgId: MMSG-26355]
Action.c(19): Error -27792: Failed to connect to server "localhost:1080": [10061] Connection refused  	[MsgId: MERR-27792]
Action.c(19): Error -35049: No match found for the requested parameter "userSession". Check whether the requested regular expression exists in the response data  	[MsgId: MERR-35049]
Action.c(19): Error -26366: "Text=<title>Web Tours</title>" not found for web_reg_find  	[MsgId: MERR-26366]
Action.c(19): Error -26374: The above "not found" error(s) may be explained by header and body byte counts being 0 and 0, respectively.  	[MsgId: MERR-26374]
End auto log messages stack.	[MsgId: MMSG-10544]


Start auto log messages stack - Iteration 10.	[MsgId: MMSG-10545]
Starting action Action.	[MsgId: MMSG-15919]
Action.c(3): Notify: Transaction "3_Task_Booking" started.	[MsgId: MMSG-16999]
Action.c(6): Notify: Transaction "open_homepage" started.	[MsgId: MMSG-16999]
Action.c(8): web_reg_save_param_regexp started  	[MsgId: MMSG-26355]
Action.c(8): Registering web_reg_save_param_regexp was successful  	[MsgId: MMSG-26390]
Action.c(15): web_reg_find started  	[MsgId: MMSG-26355]
Action.c(15): Registering web_reg_find was successful  	[MsgId: MMSG-26390]
Action.c(19): web_url("WebTours") started  	[MsgId: MMSG-26355]
Action.c(19): Error -27792: Failed to connect to server "localhost:1080": [10061] Connection refused  	[MsgId: MERR-27792]
Action.c(19): Error -35049: No match found for the requested parameter "userSession". Check whether the requested regular expression exists in the response data  	[MsgId: MERR-35049]
Action.c(19): Error -26366: "Text=<title>Web Tours</title>" not found for web_reg_find  	[MsgId: MERR-26366]
Action.c(19): Error -26374: The above "not found" error(s) may be explained by header and body byte counts being 0 and 0, respectively.  	[MsgId: MERR-26374]
End auto log messages stack.	[MsgId: MMSG-10544]


Start auto log messages stack - Iteration 10.	[MsgId: MMSG-10545]
Starting action Action.	[MsgId: MMSG-15919]
Action.c(3): Notify: Transaction "3_Task_Booking" started.	[MsgId: MMSG-16999]
Action.c(6): Notify: Transaction "open_homepage" started.	[MsgId: MMSG-16999]
Action.c(8): web_reg_save_param_regexp started  	[MsgId: MMSG-26355]
Action.c(8): Registering web_reg_save_param_regexp was successful  	[MsgId: MMSG-26390]
Action.c(15): web_reg_find started  	[MsgId: MMSG-26355]
Action.c(15): Registering web_reg_find was successful  	[MsgId: MMSG-26390]
Action.c(19): web_url("WebTours") started  	[MsgId: MMSG-26355]
Action.c(19): Error -27792: Failed to connect to server "localhost:1080": [10061] Connection refused  	[MsgId: MERR-27792]
Action.c(19): Error -35049: No match found for the requested parameter "userSession". Check whether the requested regular expression exists in the response data  	[MsgId: MERR-35049]
Action.c(19): Error -26366: "Text=<title>Web Tours</title>" not found for web_reg_find  	[MsgId: MERR-26366]
Action.c(19): Error -26374: The above "not found" error(s) may be explained by header and body byte counts being 0 and 0, respectively.  	[MsgId: MERR-26374]
End auto log messages stack.	[MsgId: MMSG-10544]


Start auto log messages stack - Iteration 11.	[MsgId: MMSG-10545]
Starting action Action.	[MsgId: MMSG-15919]
Action.c(3): Notify: Transaction "3_Task_Booking" started.	[MsgId: MMSG-16999]
Action.c(6): Notify: Transaction "open_homepage" started.	[MsgId: MMSG-16999]
Action.c(8): web_reg_save_param_regexp started  	[MsgId: MMSG-26355]
Action.c(8): Registering web_reg_save_param_regexp was successful  	[MsgId: MMSG-26390]
Action.c(15): web_reg_find started  	[MsgId: MMSG-26355]
Action.c(15): Registering web_reg_find was successful  	[MsgId: MMSG-26390]
Action.c(19): web_url("WebTours") started  	[MsgId: MMSG-26355]
Action.c(19): Error -27792: Failed to connect to server "localhost:1080": [10061] Connection refused  	[MsgId: MERR-27792]
Action.c(19): Error -35049: No match found for the requested parameter "userSession". Check whether the requested regular expression exists in the response data  	[MsgId: MERR-35049]
Action.c(19): Error -26366: "Text=<title>Web Tours</title>" not found for web_reg_find  	[MsgId: MERR-26366]
Action.c(19): Error -26374: The above "not found" error(s) may be explained by header and body byte counts being 0 and 0, respectively.  	[MsgId: MERR-26374]
End auto log messages stack.	[MsgId: MMSG-10544]


Start auto log messages stack - Iteration 11.	[MsgId: MMSG-10545]
Starting action Action.	[MsgId: MMSG-15919]
Action.c(3): Notify: Transaction "3_Task_Booking" started.	[MsgId: MMSG-16999]
Action.c(6): Notify: Transaction "open_homepage" started.	[MsgId: MMSG-16999]
Action.c(8): web_reg_save_param_regexp started  	[MsgId: MMSG-26355]
Action.c(8): Registering web_reg_save_param_regexp was successful  	[MsgId: MMSG-26390]
Action.c(15): web_reg_find started  	[MsgId: MMSG-26355]
Action.c(15): Registering web_reg_find was successful  	[MsgId: MMSG-26390]
Action.c(19): web_url("WebTours") started  	[MsgId: MMSG-26355]
Action.c(19): Error -27792: Failed to connect to server "localhost:1080": [10061] Connection refused  	[MsgId: MERR-27792]
Action.c(19): Error -35049: No match found for the requested parameter "userSession". Check whether the requested regular expression exists in the response data  	[MsgId: MERR-35049]
Action.c(19): Error -26366: "Text=<title>Web Tours</title>" not found for web_reg_find  	[MsgId: MERR-26366]
Action.c(19): Error -26374: The above "not found" error(s) may be explained by header and body byte counts being 0 and 0, respectively.  	[MsgId: MERR-26374]
End auto log messages stack.	[MsgId: MMSG-10544]


Start auto log messages stack - Iteration 11.	[MsgId: MMSG-10545]
Starting action Action.	[MsgId: MMSG-15919]
Action.c(3): Notify: Transaction "3_Task_Booking" started.	[MsgId: MMSG-16999]
Action.c(6): Notify: Transaction "open_homepage" started.	[MsgId: MMSG-16999]
Action.c(8): web_reg_save_param_regexp started  	[MsgId: MMSG-26355]
Action.c(8): Registering web_reg_save_param_regexp was successful  	[MsgId: MMSG-26390]
Action.c(15): web_reg_find started  	[MsgId: MMSG-26355]
Action.c(15): Registering web_reg_find was successful  	[MsgId: MMSG-26390]
Action.c(19): web_url("WebTours") started  	[MsgId: MMSG-26355]
Action.c(19): Error -27792: Failed to connect to server "localhost:1080": [10061] Connection refused  	[MsgId: MERR-27792]
Action.c(19): Error -35049: No match found for the requested parameter "userSession". Check whether the requested regular expression exists in the response data  	[MsgId: MERR-35049]
Action.c(19): Error -26366: "Text=<title>Web Tours</title>" not found for web_reg_find  	[MsgId: MERR-26366]
Action.c(19): Error -26374: The above "not found" error(s) may be explained by header and body byte counts being 0 and 0, respectively.  	[MsgId: MERR-26374]
End auto log messages stack.	[MsgId: MMSG-10544]


Start auto log messages stack - Iteration 12.	[MsgId: MMSG-10545]
Starting action Action.	[MsgId: MMSG-15919]
Action.c(3): Notify: Transaction "3_Task_Booking" started.	[MsgId: MMSG-16999]
Action.c(6): Notify: Transaction "open_homepage" started.	[MsgId: MMSG-16999]
Action.c(8): web_reg_save_param_regexp started  	[MsgId: MMSG-26355]
Action.c(8): Registering web_reg_save_param_regexp was successful  	[MsgId: MMSG-26390]
Action.c(15): web_reg_find started  	[MsgId: MMSG-26355]
Action.c(15): Registering web_reg_find was successful  	[MsgId: MMSG-26390]
Action.c(19): web_url("WebTours") started  	[MsgId: MMSG-26355]
Action.c(19): Error -27792: Failed to connect to server "localhost:1080": [10061] Connection refused  	[MsgId: MERR-27792]
Action.c(19): Error -35049: No match found for the requested parameter "userSession". Check whether the requested regular expression exists in the response data  	[MsgId: MERR-35049]
Action.c(19): Error -26366: "Text=<title>Web Tours</title>" not found for web_reg_find  	[MsgId: MERR-26366]
Action.c(19): Error -26374: The above "not found" error(s) may be explained by header and body byte counts being 0 and 0, respectively.  	[MsgId: MERR-26374]
End auto log messages stack.	[MsgId: MMSG-10544]


Start auto log messages stack - Iteration 12.	[MsgId: MMSG-10545]
Starting action Action.	[MsgId: MMSG-15919]
Action.c(3): Notify: Transaction "3_Task_Booking" started.	[MsgId: MMSG-16999]
Action.c(6): Notify: Transaction "open_homepage" started.	[MsgId: MMSG-16999]
Action.c(8): web_reg_save_param_regexp started  	[MsgId: MMSG-26355]
Action.c(8): Registering web_reg_save_param_regexp was successful  	[MsgId: MMSG-26390]
Action.c(15): web_reg_find started  	[MsgId: MMSG-26355]
Action.c(15): Registering web_reg_find was successful  	[MsgId: MMSG-26390]
Action.c(19): web_url("WebTours") started  	[MsgId: MMSG-26355]
Action.c(19): Error -27792: Failed to connect to server "localhost:1080": [10061] Connection refused  	[MsgId: MERR-27792]
Action.c(19): Error -35049: No match found for the requested parameter "userSession". Check whether the requested regular expression exists in the response data  	[MsgId: MERR-35049]
Action.c(19): Error -26366: "Text=<title>Web Tours</title>" not found for web_reg_find  	[MsgId: MERR-26366]
Action.c(19): Error -26374: The above "not found" error(s) may be explained by header and body byte counts being 0 and 0, respectively.  	[MsgId: MERR-26374]
End auto log messages stack.	[MsgId: MMSG-10544]


Start auto log messages stack - Iteration 12.	[MsgId: MMSG-10545]
Starting action Action.	[MsgId: MMSG-15919]
Action.c(3): Notify: Transaction "3_Task_Booking" started.	[MsgId: MMSG-16999]
Action.c(6): Notify: Transaction "open_homepage" started.	[MsgId: MMSG-16999]
Action.c(8): web_reg_save_param_regexp started  	[MsgId: MMSG-26355]
Action.c(8): Registering web_reg_save_param_regexp was successful  	[MsgId: MMSG-26390]
Action.c(15): web_reg_find started  	[MsgId: MMSG-26355]
Action.c(15): Registering web_reg_find was successful  	[MsgId: MMSG-26390]
Action.c(19): web_url("WebTours") started  	[MsgId: MMSG-26355]
Action.c(19): Error -27792: Failed to connect to server "localhost:1080": [10061] Connection refused  	[MsgId: MERR-27792]
Action.c(19): Error -35049: No match found for the requested parameter "userSession". Check whether the requested regular expression exists in the response data  	[MsgId: MERR-35049]
Action.c(19): Error -26366: "Text=<title>Web Tours</title>" not found for web_reg_find  	[MsgId: MERR-26366]
Action.c(19): Error -26374: The above "not found" error(s) may be explained by header and body byte counts being 0 and 0, respectively.  	[MsgId: MERR-26374]
End auto log messages stack.	[MsgId: MMSG-10544]


Start auto log messages stack - Iteration 13.	[MsgId: MMSG-10545]
Starting action Action.	[MsgId: MMSG-15919]
Action.c(3): Notify: Transaction "3_Task_Booking" started.	[MsgId: MMSG-16999]
Action.c(6): Notify: Transaction "open_homepage" started.	[MsgId: MMSG-16999]
Action.c(8): web_reg_save_param_regexp started  	[MsgId: MMSG-26355]
Action.c(8): Registering web_reg_save_param_regexp was successful  	[MsgId: MMSG-26390]
Action.c(15): web_reg_find started  	[MsgId: MMSG-26355]
Action.c(15): Registering web_reg_find was successful  	[MsgId: MMSG-26390]
Action.c(19): web_url("WebTours") started  	[MsgId: MMSG-26355]
Action.c(19): Error -27792: Failed to connect to server "localhost:1080": [10061] Connection refused  	[MsgId: MERR-27792]
Action.c(19): Error -35049: No match found for the requested parameter "userSession". Check whether the requested regular expression exists in the response data  	[MsgId: MERR-35049]
Action.c(19): Error -26366: "Text=<title>Web Tours</title>" not found for web_reg_find  	[MsgId: MERR-26366]
Action.c(19): Error -26374: The above "not found" error(s) may be explained by header and body byte counts being 0 and 0, respectively.  	[MsgId: MERR-26374]
End auto log messages stack.	[MsgId: MMSG-10544]


Start auto log messages stack - Iteration 13.	[MsgId: MMSG-10545]
Starting action Action.	[MsgId: MMSG-15919]
Action.c(3): Notify: Transaction "3_Task_Booking" started.	[MsgId: MMSG-16999]
Action.c(6): Notify: Transaction "open_homepage" started.	[MsgId: MMSG-16999]
Action.c(8): web_reg_save_param_regexp started  	[MsgId: MMSG-26355]
Action.c(8): Registering web_reg_save_param_regexp was successful  	[MsgId: MMSG-26390]
Action.c(15): web_reg_find started  	[MsgId: MMSG-26355]
Action.c(15): Registering web_reg_find was successful  	[MsgId: MMSG-26390]
Action.c(19): web_url("WebTours") started  	[MsgId: MMSG-26355]
Action.c(19): Error -27792: Failed to connect to server "localhost:1080": [10061] Connection refused  	[MsgId: MERR-27792]
Action.c(19): Error -35049: No match found for the requested parameter "userSession". Check whether the requested regular expression exists in the response data  	[MsgId: MERR-35049]
Action.c(19): Error -26366: "Text=<title>Web Tours</title>" not found for web_reg_find  	[MsgId: MERR-26366]
Action.c(19): Error -26374: The above "not found" error(s) may be explained by header and body byte counts being 0 and 0, respectively.  	[MsgId: MERR-26374]
End auto log messages stack.	[MsgId: MMSG-10544]


Start auto log messages stack - Iteration 13.	[MsgId: MMSG-10545]
Starting action Action.	[MsgId: MMSG-15919]
Action.c(3): Notify: Transaction "3_Task_Booking" started.	[MsgId: MMSG-16999]
Action.c(6): Notify: Transaction "open_homepage" started.	[MsgId: MMSG-16999]
Action.c(8): web_reg_save_param_regexp started  	[MsgId: MMSG-26355]
Action.c(8): Registering web_reg_save_param_regexp was successful  	[MsgId: MMSG-26390]
Action.c(15): web_reg_find started  	[MsgId: MMSG-26355]
Action.c(15): Registering web_reg_find was successful  	[MsgId: MMSG-26390]
Action.c(19): web_url("WebTours") started  	[MsgId: MMSG-26355]
Action.c(19): Error -27792: Failed to connect to server "localhost:1080": [10061] Connection refused  	[MsgId: MERR-27792]
Action.c(19): Error -35049: No match found for the requested parameter "userSession". Check whether the requested regular expression exists in the response data  	[MsgId: MERR-35049]
Action.c(19): Error -26366: "Text=<title>Web Tours</title>" not found for web_reg_find  	[MsgId: MERR-26366]
Action.c(19): Error -26374: The above "not found" error(s) may be explained by header and body byte counts being 0 and 0, respectively.  	[MsgId: MERR-26374]
End auto log messages stack.	[MsgId: MMSG-10544]


Start auto log messages stack - Iteration 14.	[MsgId: MMSG-10545]
Starting action Action.	[MsgId: MMSG-15919]
Action.c(3): Notify: Transaction "3_Task_Booking" started.	[MsgId: MMSG-16999]
Action.c(6): Notify: Transaction "open_homepage" started.	[MsgId: MMSG-16999]
Action.c(8): web_reg_save_param_regexp started  	[MsgId: MMSG-26355]
Action.c(8): Registering web_reg_save_param_regexp was successful  	[MsgId: MMSG-26390]
Action.c(15): web_reg_find started  	[MsgId: MMSG-26355]
Action.c(15): Registering web_reg_find was successful  	[MsgId: MMSG-26390]
Action.c(19): web_url("WebTours") started  	[MsgId: MMSG-26355]
Action.c(19): Error -27792: Failed to connect to server "localhost:1080": [10061] Connection refused  	[MsgId: MERR-27792]
Action.c(19): Error -35049: No match found for the requested parameter "userSession". Check whether the requested regular expression exists in the response data  	[MsgId: MERR-35049]
Action.c(19): Error -26366: "Text=<title>Web Tours</title>" not found for web_reg_find  	[MsgId: MERR-26366]
Action.c(19): Error -26374: The above "not found" error(s) may be explained by header and body byte counts being 0 and 0, respectively.  	[MsgId: MERR-26374]
End auto log messages stack.	[MsgId: MMSG-10544]


Start auto log messages stack - Iteration 14.	[MsgId: MMSG-10545]
Starting action Action.	[MsgId: MMSG-15919]
Action.c(3): Notify: Transaction "3_Task_Booking" started.	[MsgId: MMSG-16999]
Action.c(6): Notify: Transaction "open_homepage" started.	[MsgId: MMSG-16999]
Action.c(8): web_reg_save_param_regexp started  	[MsgId: MMSG-26355]
Action.c(8): Registering web_reg_save_param_regexp was successful  	[MsgId: MMSG-26390]
Action.c(15): web_reg_find started  	[MsgId: MMSG-26355]
Action.c(15): Registering web_reg_find was successful  	[MsgId: MMSG-26390]
Action.c(19): web_url("WebTours") started  	[MsgId: MMSG-26355]
Action.c(19): Error -27792: Failed to connect to server "localhost:1080": [10061] Connection refused  	[MsgId: MERR-27792]
Action.c(19): Error -35049: No match found for the requested parameter "userSession". Check whether the requested regular expression exists in the response data  	[MsgId: MERR-35049]
Action.c(19): Error -26366: "Text=<title>Web Tours</title>" not found for web_reg_find  	[MsgId: MERR-26366]
Action.c(19): Error -26374: The above "not found" error(s) may be explained by header and body byte counts being 0 and 0, respectively.  	[MsgId: MERR-26374]
End auto log messages stack.	[MsgId: MMSG-10544]


Start auto log messages stack - Iteration 14.	[MsgId: MMSG-10545]
Starting action Action.	[MsgId: MMSG-15919]
Action.c(3): Notify: Transaction "3_Task_Booking" started.	[MsgId: MMSG-16999]
Action.c(6): Notify: Transaction "open_homepage" started.	[MsgId: MMSG-16999]
Action.c(8): web_reg_save_param_regexp started  	[MsgId: MMSG-26355]
Action.c(8): Registering web_reg_save_param_regexp was successful  	[MsgId: MMSG-26390]
Action.c(15): web_reg_find started  	[MsgId: MMSG-26355]
Action.c(15): Registering web_reg_find was successful  	[MsgId: MMSG-26390]
Action.c(19): web_url("WebTours") started  	[MsgId: MMSG-26355]
Action.c(19): Error -27792: Failed to connect to server "localhost:1080": [10061] Connection refused  	[MsgId: MERR-27792]
Action.c(19): Error -35049: No match found for the requested parameter "userSession". Check whether the requested regular expression exists in the response data  	[MsgId: MERR-35049]
Action.c(19): Error -26366: "Text=<title>Web Tours</title>" not found for web_reg_find  	[MsgId: MERR-26366]
Action.c(19): Error -26374: The above "not found" error(s) may be explained by header and body byte counts being 0 and 0, respectively.  	[MsgId: MERR-26374]
End auto log messages stack.	[MsgId: MMSG-10544]


Start auto log messages stack - Iteration 15.	[MsgId: MMSG-10545]
Starting action Action.	[MsgId: MMSG-15919]
Action.c(3): Notify: Transaction "3_Task_Booking" started.	[MsgId: MMSG-16999]
Action.c(6): Notify: Transaction "open_homepage" started.	[MsgId: MMSG-16999]
Action.c(8): web_reg_save_param_regexp started  	[MsgId: MMSG-26355]
Action.c(8): Registering web_reg_save_param_regexp was successful  	[MsgId: MMSG-26390]
Action.c(15): web_reg_find started  	[MsgId: MMSG-26355]
Action.c(15): Registering web_reg_find was successful  	[MsgId: MMSG-26390]
Action.c(19): web_url("WebTours") started  	[MsgId: MMSG-26355]
Action.c(19): Error -27792: Failed to connect to server "localhost:1080": [10061] Connection refused  	[MsgId: MERR-27792]
Action.c(19): Error -35049: No match found for the requested parameter "userSession". Check whether the requested regular expression exists in the response data  	[MsgId: MERR-35049]
Action.c(19): Error -26366: "Text=<title>Web Tours</title>" not found for web_reg_find  	[MsgId: MERR-26366]
Action.c(19): Error -26374: The above "not found" error(s) may be explained by header and body byte counts being 0 and 0, respectively.  	[MsgId: MERR-26374]
End auto log messages stack.	[MsgId: MMSG-10544]


Start auto log messages stack - Iteration 15.	[MsgId: MMSG-10545]
Starting action Action.	[MsgId: MMSG-15919]
Action.c(3): Notify: Transaction "3_Task_Booking" started.	[MsgId: MMSG-16999]
Action.c(6): Notify: Transaction "open_homepage" started.	[MsgId: MMSG-16999]
Action.c(8): web_reg_save_param_regexp started  	[MsgId: MMSG-26355]
Action.c(8): Registering web_reg_save_param_regexp was successful  	[MsgId: MMSG-26390]
Action.c(15): web_reg_find started  	[MsgId: MMSG-26355]
Action.c(15): Registering web_reg_find was successful  	[MsgId: MMSG-26390]
Action.c(19): web_url("WebTours") started  	[MsgId: MMSG-26355]
Action.c(19): Error -27792: Failed to connect to server "localhost:1080": [10061] Connection refused  	[MsgId: MERR-27792]
Action.c(19): Error -35049: No match found for the requested parameter "userSession". Check whether the requested regular expression exists in the response data  	[MsgId: MERR-35049]
Action.c(19): Error -26366: "Text=<title>Web Tours</title>" not found for web_reg_find  	[MsgId: MERR-26366]
Action.c(19): Error -26374: The above "not found" error(s) may be explained by header and body byte counts being 0 and 0, respectively.  	[MsgId: MERR-26374]
End auto log messages stack.	[MsgId: MMSG-10544]


Start auto log messages stack - Iteration 15.	[MsgId: MMSG-10545]
Starting action Action.	[MsgId: MMSG-15919]
Action.c(3): Notify: Transaction "3_Task_Booking" started.	[MsgId: MMSG-16999]
Action.c(6): Notify: Transaction "open_homepage" started.	[MsgId: MMSG-16999]
Action.c(8): web_reg_save_param_regexp started  	[MsgId: MMSG-26355]
Action.c(8): Registering web_reg_save_param_regexp was successful  	[MsgId: MMSG-26390]
Action.c(15): web_reg_find started  	[MsgId: MMSG-26355]
Action.c(15): Registering web_reg_find was successful  	[MsgId: MMSG-26390]
Action.c(19): web_url("WebTours") started  	[MsgId: MMSG-26355]
Action.c(19): Error -27792: Failed to connect to server "localhost:1080": [10061] Connection refused  	[MsgId: MERR-27792]
Action.c(19): Error -35049: No match found for the requested parameter "userSession". Check whether the requested regular expression exists in the response data  	[MsgId: MERR-35049]
Action.c(19): Error -26366: "Text=<title>Web Tours</title>" not found for web_reg_find  	[MsgId: MERR-26366]
Action.c(19): Error -26374: The above "not found" error(s) may be explained by header and body byte counts being 0 and 0, respectively.  	[MsgId: MERR-26374]
End auto log messages stack.	[MsgId: MMSG-10544]


Start auto log messages stack - Iteration 16.	[MsgId: MMSG-10545]
Starting action Action.	[MsgId: MMSG-15919]
Action.c(3): Notify: Transaction "3_Task_Booking" started.	[MsgId: MMSG-16999]
Action.c(6): Notify: Transaction "open_homepage" started.	[MsgId: MMSG-16999]
Action.c(8): web_reg_save_param_regexp started  	[MsgId: MMSG-26355]
Action.c(8): Registering web_reg_save_param_regexp was successful  	[MsgId: MMSG-26390]
Action.c(15): web_reg_find started  	[MsgId: MMSG-26355]
Action.c(15): Registering web_reg_find was successful  	[MsgId: MMSG-26390]
Action.c(19): web_url("WebTours") started  	[MsgId: MMSG-26355]
Action.c(19): Error -27792: Failed to connect to server "localhost:1080": [10061] Connection refused  	[MsgId: MERR-27792]
Action.c(19): Error -35049: No match found for the requested parameter "userSession". Check whether the requested regular expression exists in the response data  	[MsgId: MERR-35049]
Action.c(19): Error -26366: "Text=<title>Web Tours</title>" not found for web_reg_find  	[MsgId: MERR-26366]
Action.c(19): Error -26374: The above "not found" error(s) may be explained by header and body byte counts being 0 and 0, respectively.  	[MsgId: MERR-26374]
End auto log messages stack.	[MsgId: MMSG-10544]


Start auto log messages stack - Iteration 16.	[MsgId: MMSG-10545]
Starting action Action.	[MsgId: MMSG-15919]
Action.c(3): Notify: Transaction "3_Task_Booking" started.	[MsgId: MMSG-16999]
Action.c(6): Notify: Transaction "open_homepage" started.	[MsgId: MMSG-16999]
Action.c(8): web_reg_save_param_regexp started  	[MsgId: MMSG-26355]
Action.c(8): Registering web_reg_save_param_regexp was successful  	[MsgId: MMSG-26390]
Action.c(15): web_reg_find started  	[MsgId: MMSG-26355]
Action.c(15): Registering web_reg_find was successful  	[MsgId: MMSG-26390]
Action.c(19): web_url("WebTours") started  	[MsgId: MMSG-26355]
Action.c(19): Error -27792: Failed to connect to server "localhost:1080": [10061] Connection refused  	[MsgId: MERR-27792]
Action.c(19): Error -35049: No match found for the requested parameter "userSession". Check whether the requested regular expression exists in the response data  	[MsgId: MERR-35049]
Action.c(19): Error -26366: "Text=<title>Web Tours</title>" not found for web_reg_find  	[MsgId: MERR-26366]
Action.c(19): Error -26374: The above "not found" error(s) may be explained by header and body byte counts being 0 and 0, respectively.  	[MsgId: MERR-26374]
End auto log messages stack.	[MsgId: MMSG-10544]


Start auto log messages stack - Iteration 16.	[MsgId: MMSG-10545]
Starting action Action.	[MsgId: MMSG-15919]
Action.c(3): Notify: Transaction "3_Task_Booking" started.	[MsgId: MMSG-16999]
Action.c(6): Notify: Transaction "open_homepage" started.	[MsgId: MMSG-16999]
Action.c(8): web_reg_save_param_regexp started  	[MsgId: MMSG-26355]
Action.c(8): Registering web_reg_save_param_regexp was successful  	[MsgId: MMSG-26390]
Action.c(15): web_reg_find started  	[MsgId: MMSG-26355]
Action.c(15): Registering web_reg_find was successful  	[MsgId: MMSG-26390]
Action.c(19): web_url("WebTours") started  	[MsgId: MMSG-26355]
Action.c(19): Error -27792: Failed to connect to server "localhost:1080": [10061] Connection refused  	[MsgId: MERR-27792]
Action.c(19): Error -35049: No match found for the requested parameter "userSession". Check whether the requested regular expression exists in the response data  	[MsgId: MERR-35049]
Action.c(19): Error -26366: "Text=<title>Web Tours</title>" not found for web_reg_find  	[MsgId: MERR-26366]
Action.c(19): Error -26374: The above "not found" error(s) may be explained by header and body byte counts being 0 and 0, respectively.  	[MsgId: MERR-26374]
End auto log messages stack.	[MsgId: MMSG-10544]


Start auto log messages stack - Iteration 17.	[MsgId: MMSG-10545]
Starting action Action.	[MsgId: MMSG-15919]
Action.c(3): Notify: Transaction "3_Task_Booking" started.	[MsgId: MMSG-16999]
Action.c(6): Notify: Transaction "open_homepage" started.	[MsgId: MMSG-16999]
Action.c(8): web_reg_save_param_regexp started  	[MsgId: MMSG-26355]
Action.c(8): Registering web_reg_save_param_regexp was successful  	[MsgId: MMSG-26390]
Action.c(15): web_reg_find started  	[MsgId: MMSG-26355]
Action.c(15): Registering web_reg_find was successful  	[MsgId: MMSG-26390]
Action.c(19): web_url("WebTours") started  	[MsgId: MMSG-26355]
Action.c(19): Error -27792: Failed to connect to server "localhost:1080": [10061] Connection refused  	[MsgId: MERR-27792]
Action.c(19): Error -35049: No match found for the requested parameter "userSession". Check whether the requested regular expression exists in the response data  	[MsgId: MERR-35049]
Action.c(19): Error -26366: "Text=<title>Web Tours</title>" not found for web_reg_find  	[MsgId: MERR-26366]
Action.c(19): Error -26374: The above "not found" error(s) may be explained by header and body byte counts being 0 and 0, respectively.  	[MsgId: MERR-26374]
End auto log messages stack.	[MsgId: MMSG-10544]


Start auto log messages stack - Iteration 17.	[MsgId: MMSG-10545]
Starting action Action.	[MsgId: MMSG-15919]
Action.c(3): Notify: Transaction "3_Task_Booking" started.	[MsgId: MMSG-16999]
Action.c(6): Notify: Transaction "open_homepage" started.	[MsgId: MMSG-16999]
Action.c(8): web_reg_save_param_regexp started  	[MsgId: MMSG-26355]
Action.c(8): Registering web_reg_save_param_regexp was successful  	[MsgId: MMSG-26390]
Action.c(15): web_reg_find started  	[MsgId: MMSG-26355]
Action.c(15): Registering web_reg_find was successful  	[MsgId: MMSG-26390]
Action.c(19): web_url("WebTours") started  	[MsgId: MMSG-26355]
Action.c(19): Error -27792: Failed to connect to server "localhost:1080": [10061] Connection refused  	[MsgId: MERR-27792]
Action.c(19): Error -35049: No match found for the requested parameter "userSession". Check whether the requested regular expression exists in the response data  	[MsgId: MERR-35049]
Action.c(19): Error -26366: "Text=<title>Web Tours</title>" not found for web_reg_find  	[MsgId: MERR-26366]
Action.c(19): Error -26374: The above "not found" error(s) may be explained by header and body byte counts being 0 and 0, respectively.  	[MsgId: MERR-26374]
End auto log messages stack.	[MsgId: MMSG-10544]


