Start auto log messages stack - Iteration 6.	[MsgId: MMSG-10545]
Action.c(60): Notify: Transaction "open_Flights_page" started.	[MsgId: MMSG-16999]
Action.c(62): web_reg_find started  	[MsgId: MMSG-26355]
Action.c(62): Registering web_reg_find was successful  	[MsgId: MMSG-26390]
Action.c(67): web_reg_save_param_regexp started  	[MsgId: MMSG-26355]
Action.c(67): Registering web_reg_save_param_regexp was successful  	[MsgId: MMSG-26390]
Action.c(77): web_url("Search Flights Button") started  	[MsgId: MMSG-26355]
Action.c(77): Detected non-resource "http://localhost:1080/cgi-bin/nav.pl?page=menu&in=flights" in "http://localhost:1080/cgi-bin/welcome.pl?page=search"  	[MsgId: MMSG-26574]
Action.c(77): Detected non-resource "http://localhost:1080/cgi-bin/reservations.pl?page=welcome" in "http://localhost:1080/cgi-bin/welcome.pl?page=search"  	[MsgId: MMSG-26574]
Action.c(77): Error -26612: HTTP Status-Code=500 (Internal Server Error) for "http://localhost:1080/cgi-bin/nav.pl?page=menu&in=flights"  	[MsgId: MERR-26612]
End auto log messages stack.	[MsgId: MMSG-10544]


Start auto log messages stack - Iteration 68.	[MsgId: MMSG-10545]
Action.c(60): Notify: Transaction "open_Flights_page" started.	[MsgId: MMSG-16999]
Action.c(62): web_reg_find started  	[MsgId: MMSG-26355]
Action.c(62): Registering web_reg_find was successful  	[MsgId: MMSG-26390]
Action.c(67): web_reg_save_param_regexp started  	[MsgId: MMSG-26355]
Action.c(67): Registering web_reg_save_param_regexp was successful  	[MsgId: MMSG-26390]
Action.c(77): web_url("Search Flights Button") started  	[MsgId: MMSG-26355]
Action.c(77): Detected non-resource "http://localhost:1080/cgi-bin/nav.pl?page=menu&in=flights" in "http://localhost:1080/cgi-bin/welcome.pl?page=search"  	[MsgId: MMSG-26574]
Action.c(77): Detected non-resource "http://localhost:1080/cgi-bin/reservations.pl?page=welcome" in "http://localhost:1080/cgi-bin/welcome.pl?page=search"  	[MsgId: MMSG-26574]
Action.c(77): Error -26612: HTTP Status-Code=500 (Internal Server Error) for "http://localhost:1080/cgi-bin/nav.pl?page=menu&in=flights"  	[MsgId: MERR-26612]
End auto log messages stack.	[MsgId: MMSG-10544]


Start auto log messages stack - Iteration 76.	[MsgId: MMSG-10545]
Action.c(39): web_submit_data("login.pl") was successful, 5781 body bytes, 2057 header bytes, 36 chunking overhead bytes  	[MsgId: MMSG-26385]
Action.c(56): Notify: Transaction "login" ended with a "Pass" status (Duration: 1,0317 Wasted Time: 0,0000).	[MsgId: MMSG-16871]
Action.c(58): lr_think_time: 5,00 seconds.	[MsgId: MMSG-15948]
Action.c(60): Notify: Transaction "open_Flights_page" started.	[MsgId: MMSG-16999]
Action.c(62): web_reg_find started  	[MsgId: MMSG-26355]
Action.c(62): Registering web_reg_find was successful  	[MsgId: MMSG-26390]
Action.c(67): web_reg_save_param_regexp started  	[MsgId: MMSG-26355]
Action.c(67): Registering web_reg_save_param_regexp was successful  	[MsgId: MMSG-26390]
Action.c(77): web_url("Search Flights Button") started  	[MsgId: MMSG-26355]
Action.c(77): Error -26612: HTTP Status-Code=500 (Internal Server Error) for "http://localhost:1080/cgi-bin/welcome.pl?page=search"  	[MsgId: MERR-26612]
Action.c(77): Error -35049: No match found for the requested parameter "cities". Check whether the requested regular expression exists in the response data  	[MsgId: MERR-35049]
Action.c(77): Error -26366: "Text=<title>Flight Selections</title>" not found for web_reg_find  	[MsgId: MERR-26366]
End auto log messages stack.	[MsgId: MMSG-10544]


Start auto log messages stack - Iteration 12.	[MsgId: MMSG-10545]
Action.c(60): Notify: Transaction "open_Flights_page" started.	[MsgId: MMSG-16999]
Action.c(62): web_reg_find started  	[MsgId: MMSG-26355]
Action.c(62): Registering web_reg_find was successful  	[MsgId: MMSG-26390]
Action.c(67): web_reg_save_param_regexp started  	[MsgId: MMSG-26355]
Action.c(67): Registering web_reg_save_param_regexp was successful  	[MsgId: MMSG-26390]
Action.c(77): web_url("Search Flights Button") started  	[MsgId: MMSG-26355]
Action.c(77): Detected non-resource "http://localhost:1080/cgi-bin/nav.pl?page=menu&in=flights" in "http://localhost:1080/cgi-bin/welcome.pl?page=search"  	[MsgId: MMSG-26574]
Action.c(77): Detected non-resource "http://localhost:1080/cgi-bin/reservations.pl?page=welcome" in "http://localhost:1080/cgi-bin/welcome.pl?page=search"  	[MsgId: MMSG-26574]
Action.c(77): Error -26612: HTTP Status-Code=500 (Internal Server Error) for "http://localhost:1080/cgi-bin/nav.pl?page=menu&in=flights"  	[MsgId: MERR-26612]
End auto log messages stack.	[MsgId: MMSG-10544]


